<?xml version="1.0"?>
<!DOCTYPE coverage SYSTEM "http://cobertura.sourceforge.net/xml/coverage-04.dtd">

<coverage line-rate="0.8621718377088305" branch-rate="0.7766990291262136" lines-covered="1445" lines-valid="1676" branches-covered="800" branches-valid="1030" complexity="4.142857142857143" version="2.0.3" timestamp="1394568272740">
	<sources>
		<source>C:/Users/jeremy/git/chess/solve4mate/src</source>
	</sources>
	<packages>
		<package name="com.jeremybrooks.chess" line-rate="0.8621718377088305" branch-rate="0.7766990291262136" complexity="4.142857142857143">
			<classes>
				<class name="com.jeremybrooks.chess.AbstractDisplayer" filename="com/jeremybrooks/chess/AbstractDisplayer.java" line-rate="1.0" branch-rate="1.0" complexity="1.25">
					<methods>
						<method name="&lt;init&gt;" signature="()V" line-rate="1.0" branch-rate="1.0">
							<lines>
								<line number="11" hits="36" branch="false"/>
								<line number="12" hits="36" branch="false"/>
							</lines>
						</method>
						<method name="appendBorder" signature="()V" line-rate="1.0" branch-rate="1.0">
							<lines>
								<line number="40" hits="72" branch="false"/>
								<line number="41" hits="72" branch="false"/>
							</lines>
						</method>
						<method name="appendDelimiter" signature="()V" line-rate="1.0" branch-rate="1.0">
							<lines>
								<line number="52" hits="2304" branch="false"/>
								<line number="53" hits="2304" branch="false"/>
							</lines>
						</method>
						<method name="appendFileLabels" signature="()V" line-rate="1.0" branch-rate="1.0">
							<lines>
								<line number="56" hits="36" branch="false"/>
								<line number="57" hits="36" branch="false"/>
							</lines>
						</method>
						<method name="appendRankLabel" signature="(I)V" line-rate="1.0" branch-rate="1.0">
							<lines>
								<line number="44" hits="288" branch="false"/>
								<line number="45" hits="288" branch="false"/>
							</lines>
						</method>
						<method name="appendRankSuffix" signature="()V" line-rate="1.0" branch-rate="1.0">
							<lines>
								<line number="48" hits="288" branch="false"/>
								<line number="49" hits="288" branch="false"/>
							</lines>
						</method>
						<method name="formatBoard" signature="(Lcom/jeremybrooks/chess/Position;)Ljava/lang/String;" line-rate="1.0" branch-rate="1.0">
							<lines>
								<line number="15" hits="36" branch="false"/>
								<line number="16" hits="36" branch="false"/>
								<line number="17" hits="36" branch="false"/>
								<line number="18" hits="324" branch="true" condition-coverage="100% (2/2)">
									<conditions>
										<condition number="0" type="jump" coverage="100%"/>
									</conditions>
								</line>
								<line number="19" hits="288" branch="false"/>
								<line number="21" hits="288" branch="false"/>
								<line number="22" hits="288" branch="false"/>
								<line number="23" hits="288" branch="false"/>
								<line number="24" hits="288" branch="false"/>
								<line number="25" hits="2592" branch="true" condition-coverage="100% (2/2)">
									<conditions>
										<condition number="0" type="jump" coverage="100%"/>
									</conditions>
								</line>
								<line number="26" hits="2304" branch="false"/>
								<line number="28" hits="2304" branch="false"/>
								<line number="29" hits="2304" branch="false"/>
								<line number="31" hits="288" branch="false"/>
								<line number="33" hits="36" branch="false"/>
								<line number="34" hits="36" branch="false"/>
								<line number="35" hits="36" branch="false"/>
							</lines>
						</method>
					</methods>
					<lines>
						<line number="11" hits="36" branch="false"/>
						<line number="12" hits="36" branch="false"/>
						<line number="15" hits="36" branch="false"/>
						<line number="16" hits="36" branch="false"/>
						<line number="17" hits="36" branch="false"/>
						<line number="18" hits="324" branch="true" condition-coverage="100% (2/2)">
							<conditions>
								<condition number="0" type="jump" coverage="100%"/>
							</conditions>
						</line>
						<line number="19" hits="288" branch="false"/>
						<line number="21" hits="288" branch="false"/>
						<line number="22" hits="288" branch="false"/>
						<line number="23" hits="288" branch="false"/>
						<line number="24" hits="288" branch="false"/>
						<line number="25" hits="2592" branch="true" condition-coverage="100% (2/2)">
							<conditions>
								<condition number="0" type="jump" coverage="100%"/>
							</conditions>
						</line>
						<line number="26" hits="2304" branch="false"/>
						<line number="28" hits="2304" branch="false"/>
						<line number="29" hits="2304" branch="false"/>
						<line number="31" hits="288" branch="false"/>
						<line number="33" hits="36" branch="false"/>
						<line number="34" hits="36" branch="false"/>
						<line number="35" hits="36" branch="false"/>
						<line number="40" hits="72" branch="false"/>
						<line number="41" hits="72" branch="false"/>
						<line number="44" hits="288" branch="false"/>
						<line number="45" hits="288" branch="false"/>
						<line number="48" hits="288" branch="false"/>
						<line number="49" hits="288" branch="false"/>
						<line number="52" hits="2304" branch="false"/>
						<line number="53" hits="2304" branch="false"/>
						<line number="56" hits="36" branch="false"/>
						<line number="57" hits="36" branch="false"/>
					</lines>
				</class>
				<class name="com.jeremybrooks.chess.Attacks" filename="com/jeremybrooks/chess/Attacks.java" line-rate="0.9916434540389972" branch-rate="0.8794642857142857" complexity="4.384615384615385">
					<methods>
						<method name="&lt;clinit&gt;" signature="()V" line-rate="1.0" branch-rate="1.0">
							<lines>
								<line number="15" hits="3" branch="false"/>
								<line number="19" hits="3" branch="false"/>
								<line number="32" hits="3" branch="false"/>
							</lines>
						</method>
						<method name="&lt;init&gt;" signature="()V" line-rate="1.0" branch-rate="1.0">
							<lines>
								<line number="43" hits="3" branch="false"/>
								<line number="52" hits="3" branch="false"/>
								<line number="53" hits="3" branch="false"/>
								<line number="54" hits="3" branch="false"/>
								<line number="55" hits="3" branch="false"/>
								<line number="56" hits="3" branch="false"/>
								<line number="57" hits="3" branch="false"/>
								<line number="58" hits="3" branch="false"/>
								<line number="59" hits="3" branch="false"/>
								<line number="60" hits="3" branch="false"/>
								<line number="61" hits="3" branch="false"/>
								<line number="62" hits="3" branch="false"/>
								<line number="64" hits="3" branch="false"/>
								<line number="65" hits="3" branch="false"/>
								<line number="67" hits="3" branch="false"/>
								<line number="68" hits="3" branch="false"/>
								<line number="69" hits="3" branch="false"/>
								<line number="70" hits="3" branch="false"/>
								<line number="71" hits="3" branch="false"/>
								<line number="72" hits="3" branch="false"/>
								<line number="73" hits="3" branch="false"/>
								<line number="74" hits="3" branch="false"/>
								<line number="103" hits="3" branch="false"/>
								<line number="111" hits="3" branch="false"/>
								<line number="112" hits="3" branch="false"/>
								<line number="113" hits="3" branch="false"/>
								<line number="114" hits="3" branch="false"/>
								<line number="115" hits="3" branch="false"/>
								<line number="116" hits="3" branch="false"/>
								<line number="117" hits="3" branch="false"/>
								<line number="118" hits="3" branch="false"/>
								<line number="119" hits="3" branch="false"/>
							</lines>
						</method>
						<method name="File" signature="(I)I" line-rate="1.0" branch-rate="1.0">
							<lines>
								<line number="1380" hits="2340" branch="false"/>
							</lines>
						</method>
						<method name="Rank" signature="(I)I" line-rate="1.0" branch-rate="1.0">
							<lines>
								<line number="1377" hits="1368" branch="false"/>
							</lines>
						</method>
						<method name="_GenAllMasks" signature="()V" line-rate="1.0" branch-rate="1.0">
							<lines>
								<line number="123" hits="3" branch="false"/>
								<line number="124" hits="3" branch="false"/>
								<line number="126" hits="3" branch="false"/>
								<line number="127" hits="3" branch="false"/>
								<line number="128" hits="3" branch="false"/>
								<line number="129" hits="3" branch="false"/>
							</lines>
						</method>
						<method name="baseAttacksAsHumanReadableString" signature="()Ljava/lang/String;" line-rate="1.0" branch-rate="1.0">
							<lines>
								<line number="1064" hits="1" branch="false"/>
								<line number="1083" hits="1" branch="false"/>
								<line number="1084" hits="1" branch="false"/>
								<line number="1085" hits="9" branch="true" condition-coverage="100% (2/2)">
									<conditions>
										<condition number="0" type="jump" coverage="100%"/>
									</conditions>
								</line>
								<line number="1086" hits="8" branch="false"/>
								<line number="1087" hits="520" branch="true" condition-coverage="100% (2/2)">
									<conditions>
										<condition number="0" type="jump" coverage="100%"/>
									</conditions>
								</line>
								<line number="1088" hits="512" branch="false"/>
								<line number="1089" hits="512" branch="false"/>
								<line number="1090" hits="512" branch="false"/>
								<line number="1093" hits="1" branch="false"/>
							</lines>
						</method>
						<method name="diagonal45DegreesLeftAttacksAsHumanReadableString" signature="()Ljava/lang/String;" line-rate="1.0" branch-rate="1.0">
							<lines>
								<line number="1167" hits="1" branch="false"/>
								<line number="1168" hits="1" branch="false"/>
								<line number="1169" hits="1" branch="false"/>
								<line number="1177" hits="1" branch="false"/>
								<line number="1178" hits="16" branch="true" condition-coverage="100% (2/2)">
									<conditions>
										<condition number="0" type="jump" coverage="100%"/>
									</conditions>
								</line>
								<line number="1179" hits="15" branch="false"/>
								<line number="1183" hits="15" branch="true" condition-coverage="100% (2/2)">
									<conditions>
										<condition number="0" type="jump" coverage="100%"/>
									</conditions>
								</line>
								<line number="1184" hits="4" branch="false"/>
								<line number="1186" hits="11" branch="false"/>
								<line number="1189" hits="15" branch="false"/>
								<line number="1190" hits="79" branch="true" condition-coverage="100% (2/2)">
									<conditions>
										<condition number="0" type="jump" coverage="100%"/>
									</conditions>
								</line>
								<line number="1191" hits="64" branch="false"/>
								<line number="1193" hits="1346" branch="true" condition-coverage="100% (2/2)">
									<conditions>
										<condition number="0" type="jump" coverage="100%"/>
									</conditions>
								</line>
								<line number="1194" hits="1282" branch="false"/>
								<line number="1195" hits="1282" branch="false"/>
								<line number="1199" hits="1" branch="false"/>
							</lines>
						</method>
						<method name="diagonal45DegreesRightAttacksAsHumanReadableString" signature="()Ljava/lang/String;" line-rate="1.0" branch-rate="1.0">
							<lines>
								<line number="1126" hits="1" branch="false"/>
								<line number="1127" hits="1" branch="false"/>
								<line number="1128" hits="1" branch="false"/>
								<line number="1141" hits="1" branch="false"/>
								<line number="1144" hits="16" branch="true" condition-coverage="100% (2/2)">
									<conditions>
										<condition number="0" type="jump" coverage="100%"/>
									</conditions>
								</line>
								<line number="1145" hits="15" branch="false"/>
								<line number="1146" hits="15" branch="true" condition-coverage="100% (2/2)">
									<conditions>
										<condition number="0" type="jump" coverage="100%"/>
									</conditions>
								</line>
								<line number="1147" hits="4" branch="false"/>
								<line number="1149" hits="11" branch="false"/>
								<line number="1152" hits="15" branch="false"/>
								<line number="1153" hits="79" branch="true" condition-coverage="100% (2/2)">
									<conditions>
										<condition number="0" type="jump" coverage="100%"/>
									</conditions>
								</line>
								<line number="1154" hits="64" branch="false"/>
								<line number="1156" hits="1346" branch="true" condition-coverage="100% (2/2)">
									<conditions>
										<condition number="0" type="jump" coverage="100%"/>
									</conditions>
								</line>
								<line number="1158" hits="1282" branch="false"/>
								<line number="1159" hits="1282" branch="false"/>
								<line number="1163" hits="1" branch="false"/>
							</lines>
						</method>
						<method name="fileAttacksAsHumanReadableString" signature="()Ljava/lang/String;" line-rate="1.0" branch-rate="1.0">
							<lines>
								<line number="1112" hits="1" branch="false"/>
								<line number="1113" hits="1" branch="false"/>
								<line number="1114" hits="1" branch="false"/>
								<line number="1115" hits="65" branch="true" condition-coverage="100% (2/2)">
									<conditions>
										<condition number="0" type="jump" coverage="100%"/>
									</conditions>
								</line>
								<line number="1116" hits="64" branch="false"/>
								<line number="1117" hits="4160" branch="true" condition-coverage="100% (2/2)">
									<conditions>
										<condition number="0" type="jump" coverage="100%"/>
									</conditions>
								</line>
								<line number="1118" hits="4096" branch="false"/>
								<line number="1119" hits="4096" branch="false"/>
								<line number="1122" hits="1" branch="false"/>
							</lines>
						</method>
						<method name="genBaseAttacks" signature="()V" line-rate="1.0" branch-rate="0.8636363636363636">
							<lines>
								<line number="429" hits="3" branch="false"/>
								<line number="430" hits="3" branch="false"/>
								<line number="437" hits="3" branch="false"/>
								<line number="438" hits="3" branch="false"/>
								<line number="439" hits="3" branch="false"/>
								<line number="440" hits="3" branch="false"/>
								<line number="441" hits="3" branch="false"/>
								<line number="442" hits="3" branch="false"/>
								<line number="448" hits="3" branch="false"/>
								<line number="450" hits="27" branch="true" condition-coverage="100% (2/2)">
									<conditions>
										<condition number="0" type="jump" coverage="100%"/>
									</conditions>
								</line>
								<line number="463" hits="1560" branch="true" condition-coverage="100% (2/2)">
									<conditions>
										<condition number="0" type="jump" coverage="100%"/>
									</conditions>
								</line>
								<line number="464" hits="1536" branch="false"/>
								<line number="465" hits="1536" branch="false"/>
								<line number="468" hits="1536" branch="false"/>
								<line number="469" hits="33654" branch="true" condition-coverage="100% (4/4)">
									<conditions>
										<condition number="0" type="jump" coverage="100%"/>
										<condition number="1" type="jump" coverage="100%"/>
									</conditions>
								</line>
								<line number="470" hits="16059" branch="false"/>
								<line number="472" hits="1536" branch="true" condition-coverage="100% (2/2)">
									<conditions>
										<condition number="0" type="jump" coverage="100%"/>
									</conditions>
								</line>
								<line number="473" hits="573" branch="false"/>
								<line number="477" hits="1536" branch="false"/>
								<line number="478" hits="6150" branch="true" condition-coverage="100% (4/4)">
									<conditions>
										<condition number="0" type="jump" coverage="100%"/>
										<condition number="1" type="jump" coverage="100%"/>
									</conditions>
								</line>
								<line number="479" hits="2307" branch="false"/>
								<line number="481" hits="1536" branch="true" condition-coverage="100% (2/2)">
									<conditions>
										<condition number="0" type="jump" coverage="100%"/>
									</conditions>
								</line>
								<line number="482" hits="573" branch="false"/>
								<line number="491" hits="1536" branch="false"/>
								<line number="494" hits="4218" branch="true" condition-coverage="100% (2/2)">
									<conditions>
										<condition number="0" type="jump" coverage="100%"/>
									</conditions>
								</line>
								<line number="495" hits="2682" branch="false"/>
								<line number="496" hits="2682" branch="false"/>
								<line number="497" hits="2682" branch="false"/>
								<line number="500" hits="1536" branch="false"/>
								<line number="505" hits="1536" branch="true" condition-coverage="25% (1/4)">
									<conditions>
										<condition number="0" type="jump" coverage="50%"/>
										<condition number="1" type="jump" coverage="0%"/>
									</conditions>
								</line>
								<line number="506" hits="1536" branch="false"/>
								<line number="513" hits="3" branch="false"/>
							</lines>
						</method>
						<method name="genDiagonal45DegreesLeftAttacks" signature="()V" line-rate="1.0" branch-rate="1.0">
							<lines>
								<line number="697" hits="3" branch="false"/>
								<line number="701" hits="48" branch="true" condition-coverage="100% (2/2)">
									<conditions>
										<condition number="0" type="jump" coverage="100%"/>
									</conditions>
								</line>
								<line number="702" hits="45" branch="false"/>
								<line number="706" hits="45" branch="true" condition-coverage="100% (2/2)">
									<conditions>
										<condition number="0" type="jump" coverage="100%"/>
									</conditions>
								</line>
								<line number="707" hits="12" branch="false"/>
								<line number="709" hits="33" branch="false"/>
								<line number="712" hits="45" branch="false"/>
								<line number="713" hits="237" branch="true" condition-coverage="100% (2/2)">
									<conditions>
										<condition number="0" type="jump" coverage="100%"/>
									</conditions>
								</line>
								<line number="719" hits="4038" branch="true" condition-coverage="100% (2/2)">
									<conditions>
										<condition number="0" type="jump" coverage="100%"/>
									</conditions>
								</line>
								<line number="721" hits="3846" branch="false"/>
								<line number="726" hits="3" branch="false"/>
							</lines>
						</method>
						<method name="genDiagonal45DegreesRightAttacks" signature="()V" line-rate="1.0" branch-rate="1.0">
							<lines>
								<line number="609" hits="3" branch="false"/>
								<line number="614" hits="48" branch="true" condition-coverage="100% (2/2)">
									<conditions>
										<condition number="0" type="jump" coverage="100%"/>
									</conditions>
								</line>
								<line number="615" hits="45" branch="false"/>
								<line number="618" hits="45" branch="true" condition-coverage="100% (2/2)">
									<conditions>
										<condition number="0" type="jump" coverage="100%"/>
									</conditions>
								</line>
								<line number="619" hits="12" branch="false"/>
								<line number="621" hits="33" branch="false"/>
								<line number="624" hits="45" branch="false"/>
								<line number="625" hits="237" branch="true" condition-coverage="100% (2/2)">
									<conditions>
										<condition number="0" type="jump" coverage="100%"/>
									</conditions>
								</line>
								<line number="631" hits="4038" branch="true" condition-coverage="100% (2/2)">
									<conditions>
										<condition number="0" type="jump" coverage="100%"/>
									</conditions>
								</line>
								<line number="633" hits="3846" branch="false"/>
								<line number="637" hits="3" branch="false"/>
							</lines>
						</method>
						<method name="genFileAttacks" signature="()V" line-rate="1.0" branch-rate="1.0">
							<lines>
								<line number="567" hits="3" branch="false"/>
								<line number="569" hits="195" branch="true" condition-coverage="100% (2/2)">
									<conditions>
										<condition number="0" type="jump" coverage="100%"/>
									</conditions>
								</line>
								<line number="570" hits="192" branch="false"/>
								<line number="571" hits="12480" branch="true" condition-coverage="100% (2/2)">
									<conditions>
										<condition number="0" type="jump" coverage="100%"/>
									</conditions>
								</line>
								<line number="572" hits="110592" branch="true" condition-coverage="100% (2/2)">
									<conditions>
										<condition number="0" type="jump" coverage="100%"/>
									</conditions>
								</line>
								<line number="573" hits="98304" branch="false"/>
								<line number="574" hits="98304" branch="true" condition-coverage="100% (2/2)">
									<conditions>
										<condition number="0" type="jump" coverage="100%"/>
									</conditions>
								</line>
								<line number="575" hits="36912" branch="false"/>
								<line number="579" hits="3" branch="false"/>
							</lines>
						</method>
						<method name="genKingKnightAttacks" signature="()V" line-rate="1.0" branch-rate="1.0">
							<lines>
								<line number="855" hits="3" branch="false"/>
								<line number="856" hits="3" branch="false"/>
								<line number="857" hits="3" branch="false"/>
								<line number="870" hits="3" branch="false"/>
								<line number="874" hits="3" branch="false"/>
								<line number="875" hits="3" branch="false"/>
								<line number="876" hits="3" branch="false"/>
								<line number="880" hits="3" branch="false"/>
								<line number="881" hits="3" branch="false"/>
								<line number="882" hits="3" branch="false"/>
								<line number="883" hits="3" branch="false"/>
								<line number="886" hits="3" branch="false"/>
								<line number="890" hits="3" branch="false"/>
								<line number="891" hits="3" branch="false"/>
								<line number="892" hits="3" branch="false"/>
								<line number="893" hits="3" branch="false"/>
								<line number="896" hits="3" branch="false"/>
								<line number="901" hits="27" branch="true" condition-coverage="100% (2/2)">
									<conditions>
										<condition number="0" type="jump" coverage="100%"/>
									</conditions>
								</line>
								<line number="902" hits="216" branch="true" condition-coverage="100% (2/2)">
									<conditions>
										<condition number="0" type="jump" coverage="100%"/>
									</conditions>
								</line>
								<line number="903" hits="192" branch="false"/>
								<line number="904" hits="192" branch="false"/>
								<line number="905" hits="192" branch="false"/>
								<line number="911" hits="4992" branch="true" condition-coverage="100% (2/2)">
									<conditions>
										<condition number="0" type="jump" coverage="100%"/>
									</conditions>
								</line>
								<line number="912" hits="4800" branch="true" condition-coverage="100% (2/2)">
									<conditions>
										<condition number="0" type="jump" coverage="100%"/>
									</conditions>
								</line>
								<line number="913" hits="1260" branch="false"/>
								<line number="915" hits="4800" branch="true" condition-coverage="100% (2/2)">
									<conditions>
										<condition number="0" type="jump" coverage="100%"/>
									</conditions>
								</line>
								<line number="916" hits="1008" branch="false"/>
								<line number="921" hits="3" branch="false"/>
							</lines>
						</method>
						<method name="genMask" signature="()V" line-rate="1.0" branch-rate="1.0">
							<lines>
								<line number="132" hits="3" branch="false"/>
								<line number="136" hits="195" branch="true" condition-coverage="100% (2/2)">
									<conditions>
										<condition number="0" type="jump" coverage="100%"/>
									</conditions>
								</line>
								<line number="137" hits="192" branch="false"/>
								<line number="140" hits="3" branch="false"/>
							</lines>
						</method>
						<method name="genMask45DegreesLeft" signature="()V" line-rate="1.0" branch-rate="1.0">
							<lines>
								<line number="230" hits="3" branch="false"/>
								<line number="231" hits="3" branch="false"/>
								<line number="238" hits="27" branch="true" condition-coverage="100% (2/2)">
									<conditions>
										<condition number="0" type="jump" coverage="100%"/>
									</conditions>
								</line>
								<line number="239" hits="132" branch="true" condition-coverage="100% (2/2)">
									<conditions>
										<condition number="0" type="jump" coverage="100%"/>
									</conditions>
								</line>
								<line number="240" hits="108" branch="false"/>
								<line number="246" hits="3" branch="false"/>
								<line number="247" hits="3" branch="false"/>
								<line number="248" hits="24" branch="true" condition-coverage="100% (2/2)">
									<conditions>
										<condition number="0" type="jump" coverage="100%"/>
									</conditions>
								</line>
								<line number="249" hits="105" branch="true" condition-coverage="100% (2/2)">
									<conditions>
										<condition number="0" type="jump" coverage="100%"/>
									</conditions>
								</line>
								<line number="250" hits="84" branch="false"/>
								<line number="253" hits="3" branch="false"/>
							</lines>
						</method>
						<method name="genMask45DegreesRight" signature="()V" line-rate="1.0" branch-rate="1.0">
							<lines>
								<line number="182" hits="3" branch="false"/>
								<line number="183" hits="3" branch="false"/>
								<line number="190" hits="27" branch="true" condition-coverage="100% (2/2)">
									<conditions>
										<condition number="0" type="jump" coverage="100%"/>
									</conditions>
								</line>
								<line number="191" hits="132" branch="true" condition-coverage="100% (2/2)">
									<conditions>
										<condition number="0" type="jump" coverage="100%"/>
									</conditions>
								</line>
								<line number="192" hits="108" branch="false"/>
								<line number="200" hits="3" branch="false"/>
								<line number="202" hits="24" branch="true" condition-coverage="100% (2/2)">
									<conditions>
										<condition number="0" type="jump" coverage="100%"/>
									</conditions>
								</line>
								<line number="203" hits="105" branch="true" condition-coverage="100% (2/2)">
									<conditions>
										<condition number="0" type="jump" coverage="100%"/>
									</conditions>
								</line>
								<line number="204" hits="84" branch="false"/>
								<line number="208" hits="3" branch="false"/>
							</lines>
						</method>
						<method name="genMask90" signature="()V" line-rate="1.0" branch-rate="1.0">
							<lines>
								<line number="148" hits="3" branch="false"/>
								<line number="149" hits="3" branch="false"/>
								<line number="153" hits="27" branch="true" condition-coverage="100% (2/2)">
									<conditions>
										<condition number="0" type="jump" coverage="100%"/>
									</conditions>
								</line>
								<line number="154" hits="216" branch="true" condition-coverage="100% (2/2)">
									<conditions>
										<condition number="0" type="jump" coverage="100%"/>
									</conditions>
								</line>
								<line number="155" hits="192" branch="false"/>
								<line number="158" hits="3" branch="false"/>
							</lines>
						</method>
						<method name="genMasksPlusMinus" signature="()V" line-rate="1.0" branch-rate="0.6">
							<lines>
								<line number="259" hits="3" branch="false"/>
								<line number="265" hits="195" branch="true" condition-coverage="100% (2/2)">
									<conditions>
										<condition number="0" type="jump" coverage="100%"/>
									</conditions>
								</line>
								<line number="266" hits="192" branch="false"/>
								<line number="267" hits="864" branch="true" condition-coverage="100% (2/2)">
									<conditions>
										<condition number="0" type="jump" coverage="100%"/>
									</conditions>
								</line>
								<line number="268" hits="672" branch="false"/>
								<line number="270" hits="192" branch="true" condition-coverage="25% (1/4)">
									<conditions>
										<condition number="0" type="jump" coverage="50%"/>
										<condition number="1" type="jump" coverage="0%"/>
									</conditions>
								</line>
								<line number="272" hits="192" branch="false"/>
								<line number="273" hits="864" branch="true" condition-coverage="100% (4/4)">
									<conditions>
										<condition number="0" type="jump" coverage="100%"/>
										<condition number="1" type="jump" coverage="100%"/>
									</conditions>
								</line>
								<line number="274" hits="672" branch="false"/>
								<line number="276" hits="192" branch="true" condition-coverage="25% (1/4)">
									<conditions>
										<condition number="0" type="jump" coverage="50%"/>
										<condition number="1" type="jump" coverage="0%"/>
									</conditions>
								</line>
								<line number="278" hits="192" branch="false"/>
								<line number="279" hits="864" branch="true" condition-coverage="100% (2/2)">
									<conditions>
										<condition number="0" type="jump" coverage="100%"/>
									</conditions>
								</line>
								<line number="280" hits="672" branch="false"/>
								<line number="282" hits="192" branch="true" condition-coverage="25% (1/4)">
									<conditions>
										<condition number="0" type="jump" coverage="50%"/>
										<condition number="1" type="jump" coverage="0%"/>
									</conditions>
								</line>
								<line number="284" hits="192" branch="false"/>
								<line number="285" hits="864" branch="true" condition-coverage="100% (2/2)">
									<conditions>
										<condition number="0" type="jump" coverage="100%"/>
									</conditions>
								</line>
								<line number="286" hits="672" branch="false"/>
								<line number="288" hits="192" branch="true" condition-coverage="25% (1/4)">
									<conditions>
										<condition number="0" type="jump" coverage="50%"/>
										<condition number="1" type="jump" coverage="0%"/>
									</conditions>
								</line>
								<line number="290" hits="192" branch="false"/>
								<line number="291" hits="612" branch="true" condition-coverage="100% (4/4)">
									<conditions>
										<condition number="0" type="jump" coverage="100%"/>
										<condition number="1" type="jump" coverage="100%"/>
									</conditions>
								</line>
								<line number="292" hits="420" branch="false"/>
								<line number="294" hits="192" branch="true" condition-coverage="25% (1/4)">
									<conditions>
										<condition number="0" type="jump" coverage="50%"/>
										<condition number="1" type="jump" coverage="0%"/>
									</conditions>
								</line>
								<line number="296" hits="192" branch="false"/>
								<line number="297" hits="612" branch="true" condition-coverage="100% (4/4)">
									<conditions>
										<condition number="0" type="jump" coverage="100%"/>
										<condition number="1" type="jump" coverage="100%"/>
									</conditions>
								</line>
								<line number="298" hits="420" branch="false"/>
								<line number="300" hits="192" branch="true" condition-coverage="25% (1/4)">
									<conditions>
										<condition number="0" type="jump" coverage="50%"/>
										<condition number="1" type="jump" coverage="0%"/>
									</conditions>
								</line>
								<line number="302" hits="192" branch="false"/>
								<line number="303" hits="612" branch="true" condition-coverage="100% (4/4)">
									<conditions>
										<condition number="0" type="jump" coverage="100%"/>
										<condition number="1" type="jump" coverage="100%"/>
									</conditions>
								</line>
								<line number="304" hits="420" branch="false"/>
								<line number="306" hits="192" branch="true" condition-coverage="25% (1/4)">
									<conditions>
										<condition number="0" type="jump" coverage="50%"/>
										<condition number="1" type="jump" coverage="0%"/>
									</conditions>
								</line>
								<line number="308" hits="192" branch="false"/>
								<line number="309" hits="612" branch="true" condition-coverage="100% (4/4)">
									<conditions>
										<condition number="0" type="jump" coverage="100%"/>
										<condition number="1" type="jump" coverage="100%"/>
									</conditions>
								</line>
								<line number="310" hits="420" branch="false"/>
								<line number="312" hits="192" branch="true" condition-coverage="25% (1/4)">
									<conditions>
										<condition number="0" type="jump" coverage="50%"/>
										<condition number="1" type="jump" coverage="0%"/>
									</conditions>
								</line>
								<line number="389" hits="3" branch="false"/>
							</lines>
						</method>
						<method name="genPawnAttacks" signature="()V" line-rate="1.0" branch-rate="1.0">
							<lines>
								<line number="758" hits="3" branch="false"/>
								<line number="767" hits="171" branch="true" condition-coverage="100% (2/2)">
									<conditions>
										<condition number="0" type="jump" coverage="100%"/>
									</conditions>
								</line>
								<line number="769" hits="168" branch="true" condition-coverage="100% (2/2)">
									<conditions>
										<condition number="0" type="jump" coverage="100%"/>
									</conditions>
								</line>
								<line number="770" hits="168" branch="true" condition-coverage="100% (2/2)">
									<conditions>
										<condition number="0" type="jump" coverage="100%"/>
									</conditions>
								</line>
								<line number="771" hits="168" branch="true" condition-coverage="100% (4/4)">
									<conditions>
										<condition number="0" type="jump" coverage="100%"/>
										<condition number="1" type="jump" coverage="100%"/>
									</conditions>
								</line>
								<line number="773" hits="126" branch="false"/>
								<line number="776" hits="42" branch="true" condition-coverage="100% (2/2)">
									<conditions>
										<condition number="0" type="jump" coverage="100%"/>
									</conditions>
								</line>
								<line number="777" hits="21" branch="false"/>
								<line number="779" hits="21" branch="false"/>
								<line number="786" hits="171" branch="true" condition-coverage="100% (2/2)">
									<conditions>
										<condition number="0" type="jump" coverage="100%"/>
									</conditions>
								</line>
								<line number="788" hits="168" branch="true" condition-coverage="100% (2/2)">
									<conditions>
										<condition number="0" type="jump" coverage="100%"/>
									</conditions>
								</line>
								<line number="789" hits="168" branch="true" condition-coverage="100% (2/2)">
									<conditions>
										<condition number="0" type="jump" coverage="100%"/>
									</conditions>
								</line>
								<line number="790" hits="168" branch="true" condition-coverage="100% (4/4)">
									<conditions>
										<condition number="0" type="jump" coverage="100%"/>
										<condition number="1" type="jump" coverage="100%"/>
									</conditions>
								</line>
								<line number="792" hits="126" branch="false"/>
								<line number="795" hits="42" branch="true" condition-coverage="100% (2/2)">
									<conditions>
										<condition number="0" type="jump" coverage="100%"/>
									</conditions>
								</line>
								<line number="796" hits="21" branch="false"/>
								<line number="798" hits="21" branch="false"/>
								<line number="803" hits="3" branch="false"/>
							</lines>
						</method>
						<method name="genRankAttacks" signature="()V" line-rate="1.0" branch-rate="1.0">
							<lines>
								<line number="521" hits="195" branch="true" condition-coverage="100% (2/2)">
									<conditions>
										<condition number="0" type="jump" coverage="100%"/>
									</conditions>
								</line>
								<line number="522" hits="192" branch="false"/>
								<line number="523" hits="12480" branch="true" condition-coverage="100% (2/2)">
									<conditions>
										<condition number="0" type="jump" coverage="100%"/>
									</conditions>
								</line>
								<line number="525" hits="12288" branch="false"/>
								<line number="528" hits="3" branch="false"/>
							</lines>
						</method>
						<method name="getA1H8diag" signature="(IS)J" line-rate="1.0" branch-rate="1.0">
							<lines>
								<line number="647" hits="3861" branch="false"/>
								<line number="655" hits="3861" branch="false"/>
								<line number="656" hits="3861" branch="false"/>
								<line number="657" hits="3861" branch="false"/>
								<line number="658" hits="3861" branch="false"/>
								<line number="659" hits="30799" branch="true" condition-coverage="100% (2/2)">
									<conditions>
										<condition number="0" type="jump" coverage="100%"/>
									</conditions>
								</line>
								<line number="660" hits="26938" branch="true" condition-coverage="100% (2/2)">
									<conditions>
										<condition number="0" type="jump" coverage="100%"/>
									</conditions>
								</line>
								<line number="661" hits="26938" branch="true" condition-coverage="100% (2/2)">
									<conditions>
										<condition number="0" type="jump" coverage="100%"/>
									</conditions>
								</line>
								<line number="663" hits="10942" branch="false"/>
								<line number="666" hits="3861" branch="false"/>
							</lines>
						</method>
						<method name="getH1A8diag" signature="(IS)J" line-rate="1.0" branch-rate="1.0">
							<lines>
								<line number="734" hits="3876" branch="false"/>
								<line number="741" hits="3876" branch="false"/>
								<line number="742" hits="3876" branch="false"/>
								<line number="743" hits="3876" branch="false"/>
								<line number="744" hits="3876" branch="false"/>
								<line number="746" hits="30878" branch="true" condition-coverage="100% (2/2)">
									<conditions>
										<condition number="0" type="jump" coverage="100%"/>
									</conditions>
								</line>
								<line number="747" hits="27002" branch="true" condition-coverage="100% (2/2)">
									<conditions>
										<condition number="0" type="jump" coverage="100%"/>
									</conditions>
								</line>
								<line number="748" hits="27002" branch="true" condition-coverage="100% (2/2)">
									<conditions>
										<condition number="0" type="jump" coverage="100%"/>
									</conditions>
								</line>
								<line number="749" hits="11006" branch="false"/>
								<line number="752" hits="3876" branch="false"/>
							</lines>
						</method>
						<method name="getInstance" signature="()Lcom/jeremybrooks/chess/Attacks;" line-rate="1.0" branch-rate="1.0">
							<lines>
								<line number="86" hits="23" branch="true" condition-coverage="100% (2/2)">
									<conditions>
										<condition number="0" type="jump" coverage="100%"/>
									</conditions>
								</line>
								<line number="87" hits="2" branch="false"/>
								<line number="89" hits="23" branch="false"/>
							</lines>
						</method>
						<method name="main" signature="([Ljava/lang/String;)V" line-rate="0.0" branch-rate="1.0">
							<lines>
								<line number="1385" hits="0" branch="false"/>
								<line number="1396" hits="0" branch="false"/>
								<line number="1397" hits="0" branch="false"/>
							</lines>
						</method>
						<method name="plusMinusAttacksAsHumanReadableString" signature="()Ljava/lang/String;" line-rate="1.0" branch-rate="1.0">
							<lines>
								<line number="995" hits="1" branch="false"/>
								<line number="996" hits="1" branch="false"/>
								<line number="997" hits="1" branch="false"/>
								<line number="998" hits="65" branch="true" condition-coverage="100% (2/2)">
									<conditions>
										<condition number="0" type="jump" coverage="100%"/>
									</conditions>
								</line>
								<line number="999" hits="64" branch="false"/>
								<line number="1000" hits="64" branch="false"/>
								<line number="1001" hits="64" branch="false"/>
								<line number="1004" hits="1" branch="false"/>
								<line number="1005" hits="1" branch="false"/>
								<line number="1006" hits="65" branch="true" condition-coverage="100% (2/2)">
									<conditions>
										<condition number="0" type="jump" coverage="100%"/>
									</conditions>
								</line>
								<line number="1007" hits="64" branch="false"/>
								<line number="1008" hits="64" branch="false"/>
								<line number="1009" hits="64" branch="false"/>
								<line number="1012" hits="1" branch="false"/>
								<line number="1013" hits="1" branch="false"/>
								<line number="1014" hits="65" branch="true" condition-coverage="100% (2/2)">
									<conditions>
										<condition number="0" type="jump" coverage="100%"/>
									</conditions>
								</line>
								<line number="1015" hits="64" branch="false"/>
								<line number="1016" hits="64" branch="false"/>
								<line number="1017" hits="64" branch="false"/>
								<line number="1020" hits="1" branch="false"/>
								<line number="1021" hits="1" branch="false"/>
								<line number="1022" hits="65" branch="true" condition-coverage="100% (2/2)">
									<conditions>
										<condition number="0" type="jump" coverage="100%"/>
									</conditions>
								</line>
								<line number="1023" hits="64" branch="false"/>
								<line number="1024" hits="64" branch="false"/>
								<line number="1025" hits="64" branch="false"/>
								<line number="1028" hits="1" branch="false"/>
								<line number="1029" hits="1" branch="false"/>
								<line number="1030" hits="65" branch="true" condition-coverage="100% (2/2)">
									<conditions>
										<condition number="0" type="jump" coverage="100%"/>
									</conditions>
								</line>
								<line number="1031" hits="64" branch="false"/>
								<line number="1032" hits="64" branch="false"/>
								<line number="1033" hits="64" branch="false"/>
								<line number="1036" hits="1" branch="false"/>
								<line number="1037" hits="1" branch="false"/>
								<line number="1038" hits="65" branch="true" condition-coverage="100% (2/2)">
									<conditions>
										<condition number="0" type="jump" coverage="100%"/>
									</conditions>
								</line>
								<line number="1039" hits="64" branch="false"/>
								<line number="1040" hits="64" branch="false"/>
								<line number="1041" hits="64" branch="false"/>
								<line number="1044" hits="1" branch="false"/>
								<line number="1045" hits="1" branch="false"/>
								<line number="1046" hits="65" branch="true" condition-coverage="100% (2/2)">
									<conditions>
										<condition number="0" type="jump" coverage="100%"/>
									</conditions>
								</line>
								<line number="1047" hits="64" branch="false"/>
								<line number="1048" hits="64" branch="false"/>
								<line number="1049" hits="64" branch="false"/>
								<line number="1052" hits="1" branch="false"/>
								<line number="1053" hits="1" branch="false"/>
								<line number="1054" hits="65" branch="true" condition-coverage="100% (2/2)">
									<conditions>
										<condition number="0" type="jump" coverage="100%"/>
									</conditions>
								</line>
								<line number="1055" hits="64" branch="false"/>
								<line number="1056" hits="64" branch="false"/>
								<line number="1057" hits="64" branch="false"/>
								<line number="1060" hits="1" branch="false"/>
							</lines>
						</method>
						<method name="rankAttacksAsHumanReadableString" signature="()Ljava/lang/String;" line-rate="1.0" branch-rate="1.0">
							<lines>
								<line number="1097" hits="1" branch="false"/>
								<line number="1098" hits="1" branch="false"/>
								<line number="1099" hits="1" branch="false"/>
								<line number="1100" hits="65" branch="true" condition-coverage="100% (2/2)">
									<conditions>
										<condition number="0" type="jump" coverage="100%"/>
									</conditions>
								</line>
								<line number="1101" hits="64" branch="false"/>
								<line number="1102" hits="4160" branch="true" condition-coverage="100% (2/2)">
									<conditions>
										<condition number="0" type="jump" coverage="100%"/>
									</conditions>
								</line>
								<line number="1103" hits="4096" branch="false"/>
								<line number="1104" hits="4096" branch="false"/>
								<line number="1107" hits="1" branch="false"/>
							</lines>
						</method>
					</methods>
					<lines>
						<line number="15" hits="3" branch="false"/>
						<line number="19" hits="3" branch="false"/>
						<line number="32" hits="3" branch="false"/>
						<line number="43" hits="3" branch="false"/>
						<line number="52" hits="3" branch="false"/>
						<line number="53" hits="3" branch="false"/>
						<line number="54" hits="3" branch="false"/>
						<line number="55" hits="3" branch="false"/>
						<line number="56" hits="3" branch="false"/>
						<line number="57" hits="3" branch="false"/>
						<line number="58" hits="3" branch="false"/>
						<line number="59" hits="3" branch="false"/>
						<line number="60" hits="3" branch="false"/>
						<line number="61" hits="3" branch="false"/>
						<line number="62" hits="3" branch="false"/>
						<line number="64" hits="3" branch="false"/>
						<line number="65" hits="3" branch="false"/>
						<line number="67" hits="3" branch="false"/>
						<line number="68" hits="3" branch="false"/>
						<line number="69" hits="3" branch="false"/>
						<line number="70" hits="3" branch="false"/>
						<line number="71" hits="3" branch="false"/>
						<line number="72" hits="3" branch="false"/>
						<line number="73" hits="3" branch="false"/>
						<line number="74" hits="3" branch="false"/>
						<line number="86" hits="23" branch="true" condition-coverage="100% (2/2)">
							<conditions>
								<condition number="0" type="jump" coverage="100%"/>
							</conditions>
						</line>
						<line number="87" hits="2" branch="false"/>
						<line number="89" hits="23" branch="false"/>
						<line number="103" hits="3" branch="false"/>
						<line number="111" hits="3" branch="false"/>
						<line number="112" hits="3" branch="false"/>
						<line number="113" hits="3" branch="false"/>
						<line number="114" hits="3" branch="false"/>
						<line number="115" hits="3" branch="false"/>
						<line number="116" hits="3" branch="false"/>
						<line number="117" hits="3" branch="false"/>
						<line number="118" hits="3" branch="false"/>
						<line number="119" hits="3" branch="false"/>
						<line number="123" hits="3" branch="false"/>
						<line number="124" hits="3" branch="false"/>
						<line number="126" hits="3" branch="false"/>
						<line number="127" hits="3" branch="false"/>
						<line number="128" hits="3" branch="false"/>
						<line number="129" hits="3" branch="false"/>
						<line number="132" hits="3" branch="false"/>
						<line number="136" hits="195" branch="true" condition-coverage="100% (2/2)">
							<conditions>
								<condition number="0" type="jump" coverage="100%"/>
							</conditions>
						</line>
						<line number="137" hits="192" branch="false"/>
						<line number="140" hits="3" branch="false"/>
						<line number="148" hits="3" branch="false"/>
						<line number="149" hits="3" branch="false"/>
						<line number="153" hits="27" branch="true" condition-coverage="100% (2/2)">
							<conditions>
								<condition number="0" type="jump" coverage="100%"/>
							</conditions>
						</line>
						<line number="154" hits="216" branch="true" condition-coverage="100% (2/2)">
							<conditions>
								<condition number="0" type="jump" coverage="100%"/>
							</conditions>
						</line>
						<line number="155" hits="192" branch="false"/>
						<line number="158" hits="3" branch="false"/>
						<line number="182" hits="3" branch="false"/>
						<line number="183" hits="3" branch="false"/>
						<line number="190" hits="27" branch="true" condition-coverage="100% (2/2)">
							<conditions>
								<condition number="0" type="jump" coverage="100%"/>
							</conditions>
						</line>
						<line number="191" hits="132" branch="true" condition-coverage="100% (2/2)">
							<conditions>
								<condition number="0" type="jump" coverage="100%"/>
							</conditions>
						</line>
						<line number="192" hits="108" branch="false"/>
						<line number="200" hits="3" branch="false"/>
						<line number="202" hits="24" branch="true" condition-coverage="100% (2/2)">
							<conditions>
								<condition number="0" type="jump" coverage="100%"/>
							</conditions>
						</line>
						<line number="203" hits="105" branch="true" condition-coverage="100% (2/2)">
							<conditions>
								<condition number="0" type="jump" coverage="100%"/>
							</conditions>
						</line>
						<line number="204" hits="84" branch="false"/>
						<line number="208" hits="3" branch="false"/>
						<line number="230" hits="3" branch="false"/>
						<line number="231" hits="3" branch="false"/>
						<line number="238" hits="27" branch="true" condition-coverage="100% (2/2)">
							<conditions>
								<condition number="0" type="jump" coverage="100%"/>
							</conditions>
						</line>
						<line number="239" hits="132" branch="true" condition-coverage="100% (2/2)">
							<conditions>
								<condition number="0" type="jump" coverage="100%"/>
							</conditions>
						</line>
						<line number="240" hits="108" branch="false"/>
						<line number="246" hits="3" branch="false"/>
						<line number="247" hits="3" branch="false"/>
						<line number="248" hits="24" branch="true" condition-coverage="100% (2/2)">
							<conditions>
								<condition number="0" type="jump" coverage="100%"/>
							</conditions>
						</line>
						<line number="249" hits="105" branch="true" condition-coverage="100% (2/2)">
							<conditions>
								<condition number="0" type="jump" coverage="100%"/>
							</conditions>
						</line>
						<line number="250" hits="84" branch="false"/>
						<line number="253" hits="3" branch="false"/>
						<line number="259" hits="3" branch="false"/>
						<line number="265" hits="195" branch="true" condition-coverage="100% (2/2)">
							<conditions>
								<condition number="0" type="jump" coverage="100%"/>
							</conditions>
						</line>
						<line number="266" hits="192" branch="false"/>
						<line number="267" hits="864" branch="true" condition-coverage="100% (2/2)">
							<conditions>
								<condition number="0" type="jump" coverage="100%"/>
							</conditions>
						</line>
						<line number="268" hits="672" branch="false"/>
						<line number="270" hits="192" branch="true" condition-coverage="25% (1/4)">
							<conditions>
								<condition number="0" type="jump" coverage="50%"/>
								<condition number="1" type="jump" coverage="0%"/>
							</conditions>
						</line>
						<line number="272" hits="192" branch="false"/>
						<line number="273" hits="864" branch="true" condition-coverage="100% (4/4)">
							<conditions>
								<condition number="0" type="jump" coverage="100%"/>
								<condition number="1" type="jump" coverage="100%"/>
							</conditions>
						</line>
						<line number="274" hits="672" branch="false"/>
						<line number="276" hits="192" branch="true" condition-coverage="25% (1/4)">
							<conditions>
								<condition number="0" type="jump" coverage="50%"/>
								<condition number="1" type="jump" coverage="0%"/>
							</conditions>
						</line>
						<line number="278" hits="192" branch="false"/>
						<line number="279" hits="864" branch="true" condition-coverage="100% (2/2)">
							<conditions>
								<condition number="0" type="jump" coverage="100%"/>
							</conditions>
						</line>
						<line number="280" hits="672" branch="false"/>
						<line number="282" hits="192" branch="true" condition-coverage="25% (1/4)">
							<conditions>
								<condition number="0" type="jump" coverage="50%"/>
								<condition number="1" type="jump" coverage="0%"/>
							</conditions>
						</line>
						<line number="284" hits="192" branch="false"/>
						<line number="285" hits="864" branch="true" condition-coverage="100% (2/2)">
							<conditions>
								<condition number="0" type="jump" coverage="100%"/>
							</conditions>
						</line>
						<line number="286" hits="672" branch="false"/>
						<line number="288" hits="192" branch="true" condition-coverage="25% (1/4)">
							<conditions>
								<condition number="0" type="jump" coverage="50%"/>
								<condition number="1" type="jump" coverage="0%"/>
							</conditions>
						</line>
						<line number="290" hits="192" branch="false"/>
						<line number="291" hits="612" branch="true" condition-coverage="100% (4/4)">
							<conditions>
								<condition number="0" type="jump" coverage="100%"/>
								<condition number="1" type="jump" coverage="100%"/>
							</conditions>
						</line>
						<line number="292" hits="420" branch="false"/>
						<line number="294" hits="192" branch="true" condition-coverage="25% (1/4)">
							<conditions>
								<condition number="0" type="jump" coverage="50%"/>
								<condition number="1" type="jump" coverage="0%"/>
							</conditions>
						</line>
						<line number="296" hits="192" branch="false"/>
						<line number="297" hits="612" branch="true" condition-coverage="100% (4/4)">
							<conditions>
								<condition number="0" type="jump" coverage="100%"/>
								<condition number="1" type="jump" coverage="100%"/>
							</conditions>
						</line>
						<line number="298" hits="420" branch="false"/>
						<line number="300" hits="192" branch="true" condition-coverage="25% (1/4)">
							<conditions>
								<condition number="0" type="jump" coverage="50%"/>
								<condition number="1" type="jump" coverage="0%"/>
							</conditions>
						</line>
						<line number="302" hits="192" branch="false"/>
						<line number="303" hits="612" branch="true" condition-coverage="100% (4/4)">
							<conditions>
								<condition number="0" type="jump" coverage="100%"/>
								<condition number="1" type="jump" coverage="100%"/>
							</conditions>
						</line>
						<line number="304" hits="420" branch="false"/>
						<line number="306" hits="192" branch="true" condition-coverage="25% (1/4)">
							<conditions>
								<condition number="0" type="jump" coverage="50%"/>
								<condition number="1" type="jump" coverage="0%"/>
							</conditions>
						</line>
						<line number="308" hits="192" branch="false"/>
						<line number="309" hits="612" branch="true" condition-coverage="100% (4/4)">
							<conditions>
								<condition number="0" type="jump" coverage="100%"/>
								<condition number="1" type="jump" coverage="100%"/>
							</conditions>
						</line>
						<line number="310" hits="420" branch="false"/>
						<line number="312" hits="192" branch="true" condition-coverage="25% (1/4)">
							<conditions>
								<condition number="0" type="jump" coverage="50%"/>
								<condition number="1" type="jump" coverage="0%"/>
							</conditions>
						</line>
						<line number="389" hits="3" branch="false"/>
						<line number="429" hits="3" branch="false"/>
						<line number="430" hits="3" branch="false"/>
						<line number="437" hits="3" branch="false"/>
						<line number="438" hits="3" branch="false"/>
						<line number="439" hits="3" branch="false"/>
						<line number="440" hits="3" branch="false"/>
						<line number="441" hits="3" branch="false"/>
						<line number="442" hits="3" branch="false"/>
						<line number="448" hits="3" branch="false"/>
						<line number="450" hits="27" branch="true" condition-coverage="100% (2/2)">
							<conditions>
								<condition number="0" type="jump" coverage="100%"/>
							</conditions>
						</line>
						<line number="463" hits="1560" branch="true" condition-coverage="100% (2/2)">
							<conditions>
								<condition number="0" type="jump" coverage="100%"/>
							</conditions>
						</line>
						<line number="464" hits="1536" branch="false"/>
						<line number="465" hits="1536" branch="false"/>
						<line number="468" hits="1536" branch="false"/>
						<line number="469" hits="33654" branch="true" condition-coverage="100% (4/4)">
							<conditions>
								<condition number="0" type="jump" coverage="100%"/>
								<condition number="1" type="jump" coverage="100%"/>
							</conditions>
						</line>
						<line number="470" hits="16059" branch="false"/>
						<line number="472" hits="1536" branch="true" condition-coverage="100% (2/2)">
							<conditions>
								<condition number="0" type="jump" coverage="100%"/>
							</conditions>
						</line>
						<line number="473" hits="573" branch="false"/>
						<line number="477" hits="1536" branch="false"/>
						<line number="478" hits="6150" branch="true" condition-coverage="100% (4/4)">
							<conditions>
								<condition number="0" type="jump" coverage="100%"/>
								<condition number="1" type="jump" coverage="100%"/>
							</conditions>
						</line>
						<line number="479" hits="2307" branch="false"/>
						<line number="481" hits="1536" branch="true" condition-coverage="100% (2/2)">
							<conditions>
								<condition number="0" type="jump" coverage="100%"/>
							</conditions>
						</line>
						<line number="482" hits="573" branch="false"/>
						<line number="491" hits="1536" branch="false"/>
						<line number="494" hits="4218" branch="true" condition-coverage="100% (2/2)">
							<conditions>
								<condition number="0" type="jump" coverage="100%"/>
							</conditions>
						</line>
						<line number="495" hits="2682" branch="false"/>
						<line number="496" hits="2682" branch="false"/>
						<line number="497" hits="2682" branch="false"/>
						<line number="500" hits="1536" branch="false"/>
						<line number="505" hits="1536" branch="true" condition-coverage="25% (1/4)">
							<conditions>
								<condition number="0" type="jump" coverage="50%"/>
								<condition number="1" type="jump" coverage="0%"/>
							</conditions>
						</line>
						<line number="506" hits="1536" branch="false"/>
						<line number="513" hits="3" branch="false"/>
						<line number="521" hits="195" branch="true" condition-coverage="100% (2/2)">
							<conditions>
								<condition number="0" type="jump" coverage="100%"/>
							</conditions>
						</line>
						<line number="522" hits="192" branch="false"/>
						<line number="523" hits="12480" branch="true" condition-coverage="100% (2/2)">
							<conditions>
								<condition number="0" type="jump" coverage="100%"/>
							</conditions>
						</line>
						<line number="525" hits="12288" branch="false"/>
						<line number="528" hits="3" branch="false"/>
						<line number="567" hits="3" branch="false"/>
						<line number="569" hits="195" branch="true" condition-coverage="100% (2/2)">
							<conditions>
								<condition number="0" type="jump" coverage="100%"/>
							</conditions>
						</line>
						<line number="570" hits="192" branch="false"/>
						<line number="571" hits="12480" branch="true" condition-coverage="100% (2/2)">
							<conditions>
								<condition number="0" type="jump" coverage="100%"/>
							</conditions>
						</line>
						<line number="572" hits="110592" branch="true" condition-coverage="100% (2/2)">
							<conditions>
								<condition number="0" type="jump" coverage="100%"/>
							</conditions>
						</line>
						<line number="573" hits="98304" branch="false"/>
						<line number="574" hits="98304" branch="true" condition-coverage="100% (2/2)">
							<conditions>
								<condition number="0" type="jump" coverage="100%"/>
							</conditions>
						</line>
						<line number="575" hits="36912" branch="false"/>
						<line number="579" hits="3" branch="false"/>
						<line number="609" hits="3" branch="false"/>
						<line number="614" hits="48" branch="true" condition-coverage="100% (2/2)">
							<conditions>
								<condition number="0" type="jump" coverage="100%"/>
							</conditions>
						</line>
						<line number="615" hits="45" branch="false"/>
						<line number="618" hits="45" branch="true" condition-coverage="100% (2/2)">
							<conditions>
								<condition number="0" type="jump" coverage="100%"/>
							</conditions>
						</line>
						<line number="619" hits="12" branch="false"/>
						<line number="621" hits="33" branch="false"/>
						<line number="624" hits="45" branch="false"/>
						<line number="625" hits="237" branch="true" condition-coverage="100% (2/2)">
							<conditions>
								<condition number="0" type="jump" coverage="100%"/>
							</conditions>
						</line>
						<line number="631" hits="4038" branch="true" condition-coverage="100% (2/2)">
							<conditions>
								<condition number="0" type="jump" coverage="100%"/>
							</conditions>
						</line>
						<line number="633" hits="3846" branch="false"/>
						<line number="637" hits="3" branch="false"/>
						<line number="647" hits="3861" branch="false"/>
						<line number="655" hits="3861" branch="false"/>
						<line number="656" hits="3861" branch="false"/>
						<line number="657" hits="3861" branch="false"/>
						<line number="658" hits="3861" branch="false"/>
						<line number="659" hits="30799" branch="true" condition-coverage="100% (2/2)">
							<conditions>
								<condition number="0" type="jump" coverage="100%"/>
							</conditions>
						</line>
						<line number="660" hits="26938" branch="true" condition-coverage="100% (2/2)">
							<conditions>
								<condition number="0" type="jump" coverage="100%"/>
							</conditions>
						</line>
						<line number="661" hits="26938" branch="true" condition-coverage="100% (2/2)">
							<conditions>
								<condition number="0" type="jump" coverage="100%"/>
							</conditions>
						</line>
						<line number="663" hits="10942" branch="false"/>
						<line number="666" hits="3861" branch="false"/>
						<line number="697" hits="3" branch="false"/>
						<line number="701" hits="48" branch="true" condition-coverage="100% (2/2)">
							<conditions>
								<condition number="0" type="jump" coverage="100%"/>
							</conditions>
						</line>
						<line number="702" hits="45" branch="false"/>
						<line number="706" hits="45" branch="true" condition-coverage="100% (2/2)">
							<conditions>
								<condition number="0" type="jump" coverage="100%"/>
							</conditions>
						</line>
						<line number="707" hits="12" branch="false"/>
						<line number="709" hits="33" branch="false"/>
						<line number="712" hits="45" branch="false"/>
						<line number="713" hits="237" branch="true" condition-coverage="100% (2/2)">
							<conditions>
								<condition number="0" type="jump" coverage="100%"/>
							</conditions>
						</line>
						<line number="719" hits="4038" branch="true" condition-coverage="100% (2/2)">
							<conditions>
								<condition number="0" type="jump" coverage="100%"/>
							</conditions>
						</line>
						<line number="721" hits="3846" branch="false"/>
						<line number="726" hits="3" branch="false"/>
						<line number="734" hits="3876" branch="false"/>
						<line number="741" hits="3876" branch="false"/>
						<line number="742" hits="3876" branch="false"/>
						<line number="743" hits="3876" branch="false"/>
						<line number="744" hits="3876" branch="false"/>
						<line number="746" hits="30878" branch="true" condition-coverage="100% (2/2)">
							<conditions>
								<condition number="0" type="jump" coverage="100%"/>
							</conditions>
						</line>
						<line number="747" hits="27002" branch="true" condition-coverage="100% (2/2)">
							<conditions>
								<condition number="0" type="jump" coverage="100%"/>
							</conditions>
						</line>
						<line number="748" hits="27002" branch="true" condition-coverage="100% (2/2)">
							<conditions>
								<condition number="0" type="jump" coverage="100%"/>
							</conditions>
						</line>
						<line number="749" hits="11006" branch="false"/>
						<line number="752" hits="3876" branch="false"/>
						<line number="758" hits="3" branch="false"/>
						<line number="767" hits="171" branch="true" condition-coverage="100% (2/2)">
							<conditions>
								<condition number="0" type="jump" coverage="100%"/>
							</conditions>
						</line>
						<line number="769" hits="168" branch="true" condition-coverage="100% (2/2)">
							<conditions>
								<condition number="0" type="jump" coverage="100%"/>
							</conditions>
						</line>
						<line number="770" hits="168" branch="true" condition-coverage="100% (2/2)">
							<conditions>
								<condition number="0" type="jump" coverage="100%"/>
							</conditions>
						</line>
						<line number="771" hits="168" branch="true" condition-coverage="100% (4/4)">
							<conditions>
								<condition number="0" type="jump" coverage="100%"/>
								<condition number="1" type="jump" coverage="100%"/>
							</conditions>
						</line>
						<line number="773" hits="126" branch="false"/>
						<line number="776" hits="42" branch="true" condition-coverage="100% (2/2)">
							<conditions>
								<condition number="0" type="jump" coverage="100%"/>
							</conditions>
						</line>
						<line number="777" hits="21" branch="false"/>
						<line number="779" hits="21" branch="false"/>
						<line number="786" hits="171" branch="true" condition-coverage="100% (2/2)">
							<conditions>
								<condition number="0" type="jump" coverage="100%"/>
							</conditions>
						</line>
						<line number="788" hits="168" branch="true" condition-coverage="100% (2/2)">
							<conditions>
								<condition number="0" type="jump" coverage="100%"/>
							</conditions>
						</line>
						<line number="789" hits="168" branch="true" condition-coverage="100% (2/2)">
							<conditions>
								<condition number="0" type="jump" coverage="100%"/>
							</conditions>
						</line>
						<line number="790" hits="168" branch="true" condition-coverage="100% (4/4)">
							<conditions>
								<condition number="0" type="jump" coverage="100%"/>
								<condition number="1" type="jump" coverage="100%"/>
							</conditions>
						</line>
						<line number="792" hits="126" branch="false"/>
						<line number="795" hits="42" branch="true" condition-coverage="100% (2/2)">
							<conditions>
								<condition number="0" type="jump" coverage="100%"/>
							</conditions>
						</line>
						<line number="796" hits="21" branch="false"/>
						<line number="798" hits="21" branch="false"/>
						<line number="803" hits="3" branch="false"/>
						<line number="855" hits="3" branch="false"/>
						<line number="856" hits="3" branch="false"/>
						<line number="857" hits="3" branch="false"/>
						<line number="870" hits="3" branch="false"/>
						<line number="874" hits="3" branch="false"/>
						<line number="875" hits="3" branch="false"/>
						<line number="876" hits="3" branch="false"/>
						<line number="880" hits="3" branch="false"/>
						<line number="881" hits="3" branch="false"/>
						<line number="882" hits="3" branch="false"/>
						<line number="883" hits="3" branch="false"/>
						<line number="886" hits="3" branch="false"/>
						<line number="890" hits="3" branch="false"/>
						<line number="891" hits="3" branch="false"/>
						<line number="892" hits="3" branch="false"/>
						<line number="893" hits="3" branch="false"/>
						<line number="896" hits="3" branch="false"/>
						<line number="901" hits="27" branch="true" condition-coverage="100% (2/2)">
							<conditions>
								<condition number="0" type="jump" coverage="100%"/>
							</conditions>
						</line>
						<line number="902" hits="216" branch="true" condition-coverage="100% (2/2)">
							<conditions>
								<condition number="0" type="jump" coverage="100%"/>
							</conditions>
						</line>
						<line number="903" hits="192" branch="false"/>
						<line number="904" hits="192" branch="false"/>
						<line number="905" hits="192" branch="false"/>
						<line number="911" hits="4992" branch="true" condition-coverage="100% (2/2)">
							<conditions>
								<condition number="0" type="jump" coverage="100%"/>
							</conditions>
						</line>
						<line number="912" hits="4800" branch="true" condition-coverage="100% (2/2)">
							<conditions>
								<condition number="0" type="jump" coverage="100%"/>
							</conditions>
						</line>
						<line number="913" hits="1260" branch="false"/>
						<line number="915" hits="4800" branch="true" condition-coverage="100% (2/2)">
							<conditions>
								<condition number="0" type="jump" coverage="100%"/>
							</conditions>
						</line>
						<line number="916" hits="1008" branch="false"/>
						<line number="921" hits="3" branch="false"/>
						<line number="995" hits="1" branch="false"/>
						<line number="996" hits="1" branch="false"/>
						<line number="997" hits="1" branch="false"/>
						<line number="998" hits="65" branch="true" condition-coverage="100% (2/2)">
							<conditions>
								<condition number="0" type="jump" coverage="100%"/>
							</conditions>
						</line>
						<line number="999" hits="64" branch="false"/>
						<line number="1000" hits="64" branch="false"/>
						<line number="1001" hits="64" branch="false"/>
						<line number="1004" hits="1" branch="false"/>
						<line number="1005" hits="1" branch="false"/>
						<line number="1006" hits="65" branch="true" condition-coverage="100% (2/2)">
							<conditions>
								<condition number="0" type="jump" coverage="100%"/>
							</conditions>
						</line>
						<line number="1007" hits="64" branch="false"/>
						<line number="1008" hits="64" branch="false"/>
						<line number="1009" hits="64" branch="false"/>
						<line number="1012" hits="1" branch="false"/>
						<line number="1013" hits="1" branch="false"/>
						<line number="1014" hits="65" branch="true" condition-coverage="100% (2/2)">
							<conditions>
								<condition number="0" type="jump" coverage="100%"/>
							</conditions>
						</line>
						<line number="1015" hits="64" branch="false"/>
						<line number="1016" hits="64" branch="false"/>
						<line number="1017" hits="64" branch="false"/>
						<line number="1020" hits="1" branch="false"/>
						<line number="1021" hits="1" branch="false"/>
						<line number="1022" hits="65" branch="true" condition-coverage="100% (2/2)">
							<conditions>
								<condition number="0" type="jump" coverage="100%"/>
							</conditions>
						</line>
						<line number="1023" hits="64" branch="false"/>
						<line number="1024" hits="64" branch="false"/>
						<line number="1025" hits="64" branch="false"/>
						<line number="1028" hits="1" branch="false"/>
						<line number="1029" hits="1" branch="false"/>
						<line number="1030" hits="65" branch="true" condition-coverage="100% (2/2)">
							<conditions>
								<condition number="0" type="jump" coverage="100%"/>
							</conditions>
						</line>
						<line number="1031" hits="64" branch="false"/>
						<line number="1032" hits="64" branch="false"/>
						<line number="1033" hits="64" branch="false"/>
						<line number="1036" hits="1" branch="false"/>
						<line number="1037" hits="1" branch="false"/>
						<line number="1038" hits="65" branch="true" condition-coverage="100% (2/2)">
							<conditions>
								<condition number="0" type="jump" coverage="100%"/>
							</conditions>
						</line>
						<line number="1039" hits="64" branch="false"/>
						<line number="1040" hits="64" branch="false"/>
						<line number="1041" hits="64" branch="false"/>
						<line number="1044" hits="1" branch="false"/>
						<line number="1045" hits="1" branch="false"/>
						<line number="1046" hits="65" branch="true" condition-coverage="100% (2/2)">
							<conditions>
								<condition number="0" type="jump" coverage="100%"/>
							</conditions>
						</line>
						<line number="1047" hits="64" branch="false"/>
						<line number="1048" hits="64" branch="false"/>
						<line number="1049" hits="64" branch="false"/>
						<line number="1052" hits="1" branch="false"/>
						<line number="1053" hits="1" branch="false"/>
						<line number="1054" hits="65" branch="true" condition-coverage="100% (2/2)">
							<conditions>
								<condition number="0" type="jump" coverage="100%"/>
							</conditions>
						</line>
						<line number="1055" hits="64" branch="false"/>
						<line number="1056" hits="64" branch="false"/>
						<line number="1057" hits="64" branch="false"/>
						<line number="1060" hits="1" branch="false"/>
						<line number="1064" hits="1" branch="false"/>
						<line number="1083" hits="1" branch="false"/>
						<line number="1084" hits="1" branch="false"/>
						<line number="1085" hits="9" branch="true" condition-coverage="100% (2/2)">
							<conditions>
								<condition number="0" type="jump" coverage="100%"/>
							</conditions>
						</line>
						<line number="1086" hits="8" branch="false"/>
						<line number="1087" hits="520" branch="true" condition-coverage="100% (2/2)">
							<conditions>
								<condition number="0" type="jump" coverage="100%"/>
							</conditions>
						</line>
						<line number="1088" hits="512" branch="false"/>
						<line number="1089" hits="512" branch="false"/>
						<line number="1090" hits="512" branch="false"/>
						<line number="1093" hits="1" branch="false"/>
						<line number="1097" hits="1" branch="false"/>
						<line number="1098" hits="1" branch="false"/>
						<line number="1099" hits="1" branch="false"/>
						<line number="1100" hits="65" branch="true" condition-coverage="100% (2/2)">
							<conditions>
								<condition number="0" type="jump" coverage="100%"/>
							</conditions>
						</line>
						<line number="1101" hits="64" branch="false"/>
						<line number="1102" hits="4160" branch="true" condition-coverage="100% (2/2)">
							<conditions>
								<condition number="0" type="jump" coverage="100%"/>
							</conditions>
						</line>
						<line number="1103" hits="4096" branch="false"/>
						<line number="1104" hits="4096" branch="false"/>
						<line number="1107" hits="1" branch="false"/>
						<line number="1112" hits="1" branch="false"/>
						<line number="1113" hits="1" branch="false"/>
						<line number="1114" hits="1" branch="false"/>
						<line number="1115" hits="65" branch="true" condition-coverage="100% (2/2)">
							<conditions>
								<condition number="0" type="jump" coverage="100%"/>
							</conditions>
						</line>
						<line number="1116" hits="64" branch="false"/>
						<line number="1117" hits="4160" branch="true" condition-coverage="100% (2/2)">
							<conditions>
								<condition number="0" type="jump" coverage="100%"/>
							</conditions>
						</line>
						<line number="1118" hits="4096" branch="false"/>
						<line number="1119" hits="4096" branch="false"/>
						<line number="1122" hits="1" branch="false"/>
						<line number="1126" hits="1" branch="false"/>
						<line number="1127" hits="1" branch="false"/>
						<line number="1128" hits="1" branch="false"/>
						<line number="1141" hits="1" branch="false"/>
						<line number="1144" hits="16" branch="true" condition-coverage="100% (2/2)">
							<conditions>
								<condition number="0" type="jump" coverage="100%"/>
							</conditions>
						</line>
						<line number="1145" hits="15" branch="false"/>
						<line number="1146" hits="15" branch="true" condition-coverage="100% (2/2)">
							<conditions>
								<condition number="0" type="jump" coverage="100%"/>
							</conditions>
						</line>
						<line number="1147" hits="4" branch="false"/>
						<line number="1149" hits="11" branch="false"/>
						<line number="1152" hits="15" branch="false"/>
						<line number="1153" hits="79" branch="true" condition-coverage="100% (2/2)">
							<conditions>
								<condition number="0" type="jump" coverage="100%"/>
							</conditions>
						</line>
						<line number="1154" hits="64" branch="false"/>
						<line number="1156" hits="1346" branch="true" condition-coverage="100% (2/2)">
							<conditions>
								<condition number="0" type="jump" coverage="100%"/>
							</conditions>
						</line>
						<line number="1158" hits="1282" branch="false"/>
						<line number="1159" hits="1282" branch="false"/>
						<line number="1163" hits="1" branch="false"/>
						<line number="1167" hits="1" branch="false"/>
						<line number="1168" hits="1" branch="false"/>
						<line number="1169" hits="1" branch="false"/>
						<line number="1177" hits="1" branch="false"/>
						<line number="1178" hits="16" branch="true" condition-coverage="100% (2/2)">
							<conditions>
								<condition number="0" type="jump" coverage="100%"/>
							</conditions>
						</line>
						<line number="1179" hits="15" branch="false"/>
						<line number="1183" hits="15" branch="true" condition-coverage="100% (2/2)">
							<conditions>
								<condition number="0" type="jump" coverage="100%"/>
							</conditions>
						</line>
						<line number="1184" hits="4" branch="false"/>
						<line number="1186" hits="11" branch="false"/>
						<line number="1189" hits="15" branch="false"/>
						<line number="1190" hits="79" branch="true" condition-coverage="100% (2/2)">
							<conditions>
								<condition number="0" type="jump" coverage="100%"/>
							</conditions>
						</line>
						<line number="1191" hits="64" branch="false"/>
						<line number="1193" hits="1346" branch="true" condition-coverage="100% (2/2)">
							<conditions>
								<condition number="0" type="jump" coverage="100%"/>
							</conditions>
						</line>
						<line number="1194" hits="1282" branch="false"/>
						<line number="1195" hits="1282" branch="false"/>
						<line number="1199" hits="1" branch="false"/>
						<line number="1377" hits="1368" branch="false"/>
						<line number="1380" hits="2340" branch="false"/>
						<line number="1385" hits="0" branch="false"/>
						<line number="1396" hits="0" branch="false"/>
						<line number="1397" hits="0" branch="false"/>
					</lines>
				</class>
[...]
							<conditions>
								<condition number="0" type="jump" coverage="100%"/>
							</conditions>
						</line>
						<line number="66" hits="64" branch="true" condition-coverage="100% (2/2)">
							<conditions>
								<condition number="0" type="jump" coverage="100%"/>
							</conditions>
						</line>
						<line number="67" hits="1" branch="false"/>
						<line number="70" hits="1" branch="false"/>
						<line number="75" hits="10" branch="false"/>
						<line number="76" hits="10" branch="false"/>
						<line number="77" hits="10" branch="false"/>
						<line number="78" hits="10" branch="false"/>
						<line number="83" hits="10" branch="false"/>
						<line number="85" hits="10" branch="true" condition-coverage="100% (2/2)">
							<conditions>
								<condition number="0" type="jump" coverage="100%"/>
							</conditions>
						</line>
						<line number="86" hits="4" branch="false"/>
						<line number="87" hits="6" branch="false"/>
						<line number="92" hits="12" branch="false"/>
						<line number="93" hits="12" branch="true" condition-coverage="50% (1/2)">
							<conditions>
								<condition number="0" type="jump" coverage="50%"/>
							</conditions>
						</line>
						<line number="94" hits="12" branch="true" condition-coverage="75% (6/8)">
							<conditions>
								<condition number="0" type="jump" coverage="50%"/>
								<condition number="1" type="jump" coverage="100%"/>
								<condition number="2" type="jump" coverage="50%"/>
								<condition number="3" type="jump" coverage="100%"/>
							</conditions>
						</line>
						<line number="95" hits="10" branch="false"/>
						<line number="96" hits="10" branch="false"/>
						<line number="99" hits="10" branch="false"/>
						<line number="102" hits="2" branch="false"/>
						<line number="105" hits="0" branch="false"/>
						<line number="127" hits="960" branch="false"/>
						<line number="128" hits="960" branch="true" condition-coverage="100% (4/4)">
							<conditions>
								<condition number="0" type="jump" coverage="100%"/>
								<condition number="1" type="jump" coverage="100%"/>
							</conditions>
						</line>
						<line number="129" hits="958" branch="false"/>
						<line number="130" hits="958" branch="false"/>
						<line number="131" hits="958" branch="false"/>
						<line number="133" hits="2" branch="false"/>
						<line number="137" hits="0" branch="false"/>
						<line number="138" hits="0" branch="false"/>
						<line number="141" hits="28" branch="false"/>
						<line number="142" hits="1820" branch="true" condition-coverage="100% (2/2)">
							<conditions>
								<condition number="0" type="jump" coverage="100%"/>
							</conditions>
						</line>
						<line number="143" hits="1792" branch="true" condition-coverage="100% (2/2)">
							<conditions>
								<condition number="0" type="jump" coverage="100%"/>
							</conditions>
						</line>
						<line number="144" hits="83" branch="false"/>
						<line number="147" hits="28" branch="false"/>
						<line number="151" hits="8011844" branch="false"/>
						<line number="152" hits="156023650" branch="true" condition-coverage="100% (2/2)">
							<conditions>
								<condition number="0" type="jump" coverage="100%"/>
							</conditions>
						</line>
						<line number="153" hits="8011844" branch="false"/>
						<line number="158" hits="8000000" branch="false"/>
						<line number="162" hits="16" branch="false"/>
						<line number="163" hits="16" branch="true" condition-coverage="100% (7/7)">
							<conditions>
								<condition number="0" type="switch" coverage="100%"/>
							</conditions>
						</line>
						<line number="164" hits="2" branch="false"/>
						<line number="165" hits="2" branch="false"/>
						<line number="166" hits="2" branch="false"/>
						<line number="167" hits="2" branch="false"/>
						<line number="168" hits="2" branch="false"/>
						<line number="169" hits="4" branch="false"/>
						<line number="170" hits="2" branch="false"/>
						<line number="172" hits="14" branch="true" condition-coverage="100% (2/2)">
							<conditions>
								<condition number="0" type="jump" coverage="100%"/>
							</conditions>
						</line>
						<line number="173" hits="6" branch="false"/>
						<line number="174" hits="8" branch="true" condition-coverage="100% (2/2)">
							<conditions>
								<condition number="0" type="jump" coverage="100%"/>
							</conditions>
						</line>
						<line number="175" hits="6" branch="false"/>
						<line number="176" hits="2" branch="false"/>
						<line number="200" hits="0" branch="false"/>
						<line number="201" hits="0" branch="false"/>
						<line number="249" hits="0" branch="false"/>
						<line number="250" hits="0" branch="false"/>
						<line number="254" hits="289" branch="false"/>
						<line number="255" hits="289" branch="false"/>
						<line number="256" hits="289" branch="false"/>
						<line number="257" hits="289" branch="false"/>
						<line number="258" hits="289" branch="false"/>
						<line number="260" hits="289" branch="false"/>
						<line number="261" hits="289" branch="false"/>
						<line number="262" hits="289" branch="false"/>
						<line number="265" hits="289" branch="false"/>
						<line number="266" hits="289" branch="false"/>
						<line number="267" hits="289" branch="true" condition-coverage="100% (4/4)">
							<conditions>
								<condition number="0" type="jump" coverage="100%"/>
								<condition number="1" type="jump" coverage="100%"/>
							</conditions>
						</line>
						<line number="268" hits="17" branch="false"/>
						<line number="270" hits="272" branch="false"/>
						<line number="274" hits="289" branch="true" condition-coverage="100% (2/2)">
							<conditions>
								<condition number="0" type="jump" coverage="100%"/>
							</conditions>
						</line>
						<line number="276" hits="38" branch="false"/>
						<line number="277" hits="38" branch="false"/>
						<line number="279" hits="251" branch="false"/>
						<line number="283" hits="289" branch="false"/>
						<line number="284" hits="289" branch="false"/>
						<line number="287" hits="289" branch="true" condition-coverage="100% (2/2)">
							<conditions>
								<condition number="0" type="jump" coverage="100%"/>
							</conditions>
						</line>
						<line number="288" hits="17" branch="true" condition-coverage="50% (1/2)">
							<conditions>
								<condition number="0" type="jump" coverage="50%"/>
							</conditions>
						</line>
						<line number="289" hits="17" branch="false"/>
						<line number="290" hits="17" branch="false"/>
						<line number="291" hits="17" branch="false"/>
						<line number="293" hits="0" branch="false"/>
						<line number="297" hits="289" branch="true" condition-coverage="83% (5/6)">
							<conditions>
								<condition number="0" type="jump" coverage="100%"/>
								<condition number="1" type="jump" coverage="100%"/>
								<condition number="2" type="jump" coverage="50%"/>
							</conditions>
						</line>
						<line number="298" hits="1" branch="false"/>
						<line number="299" hits="1" branch="false"/>
						<line number="300" hits="288" branch="true" condition-coverage="100% (2/2)">
							<conditions>
								<condition number="0" type="jump" coverage="100%"/>
							</conditions>
						</line>
						<line number="301" hits="1" branch="false"/>
						<line number="302" hits="1" branch="false"/>
						<line number="306" hits="289" branch="true" condition-coverage="100% (2/2)">
							<conditions>
								<condition number="0" type="jump" coverage="100%"/>
							</conditions>
						</line>
						<line number="307" hits="118" branch="true" condition-coverage="100% (8/8)">
							<conditions>
								<condition number="0" type="jump" coverage="100%"/>
								<condition number="1" type="jump" coverage="100%"/>
								<condition number="2" type="jump" coverage="100%"/>
								<condition number="3" type="jump" coverage="100%"/>
							</conditions>
						</line>
						<line number="309" hits="4" branch="false"/>
						<line number="310" hits="114" branch="true" condition-coverage="87% (7/8)">
							<conditions>
								<condition number="0" type="jump" coverage="100%"/>
								<condition number="1" type="jump" coverage="100%"/>
								<condition number="2" type="jump" coverage="100%"/>
								<condition number="3" type="jump" coverage="50%"/>
							</conditions>
						</line>
						<line number="312" hits="2" branch="false"/>
						<line number="316" hits="289" branch="false"/>
						<line number="336" hits="0" branch="false"/>
						<line number="337" hits="0" branch="false"/>
						<line number="340" hits="1" branch="false"/>
						<line number="341" hits="1" branch="false"/>
						<line number="342" hits="65" branch="true" condition-coverage="100% (2/2)">
							<conditions>
								<condition number="0" type="jump" coverage="100%"/>
							</conditions>
						</line>
						<line number="344" hits="64" branch="true" condition-coverage="100% (2/2)">
							<conditions>
								<condition number="0" type="jump" coverage="100%"/>
							</conditions>
						</line>
						<line number="345" hits="2" branch="false"/>
						<line number="346" hits="2" branch="false"/>
						<line number="347" hits="10" branch="true" condition-coverage="100% (2/2)">
							<conditions>
								<condition number="0" type="jump" coverage="100%"/>
							</conditions>
						</line>
						<line number="348" hits="4" branch="false"/>
						<line number="350" hits="2" branch="false"/>
						<line number="353" hits="1" branch="false"/>
						<line number="417" hits="0" branch="false"/>
						<line number="418" hits="0" branch="false"/>
						<line number="424" hits="8" branch="true" condition-coverage="50% (1/2)">
							<conditions>
								<condition number="0" type="jump" coverage="50%"/>
							</conditions>
						</line>
						<line number="425" hits="0" branch="false"/>
						<line number="427" hits="8" branch="false"/>
						<line number="428" hits="8" branch="false"/>
						<line number="429" hits="72" branch="true" condition-coverage="100% (2/2)">
							<conditions>
								<condition number="0" type="jump" coverage="100%"/>
							</conditions>
						</line>
						<line number="432" hits="64" branch="true" condition-coverage="100% (2/2)">
							<conditions>
								<condition number="0" type="jump" coverage="100%"/>
							</conditions>
						</line>
						<line number="433" hits="16" branch="false"/>
						<line number="435" hits="48" branch="false"/>
						<line number="437" hits="8" branch="false"/>
						<line number="446" hits="0" branch="true" condition-coverage="0% (0/2)">
							<conditions>
								<condition number="0" type="jump" coverage="0%"/>
							</conditions>
						</line>
						<line number="447" hits="0" branch="false"/>
						<line number="449" hits="0" branch="true" condition-coverage="0% (0/2)">
							<conditions>
								<condition number="0" type="jump" coverage="0%"/>
							</conditions>
						</line>
						<line number="450" hits="0" branch="false"/>
						<line number="452" hits="0" branch="false"/>
						<line number="453" hits="0" branch="false"/>
						<line number="454" hits="0" branch="true" condition-coverage="0% (0/2)">
							<conditions>
								<condition number="0" type="jump" coverage="0%"/>
							</conditions>
						</line>
						<line number="457" hits="0" branch="true" condition-coverage="0% (0/2)">
							<conditions>
								<condition number="0" type="jump" coverage="0%"/>
							</conditions>
						</line>
						<line number="458" hits="0" branch="false"/>
						<line number="460" hits="0" branch="true" condition-coverage="0% (0/2)">
							<conditions>
								<condition number="0" type="jump" coverage="0%"/>
							</conditions>
						</line>
						<line number="461" hits="0" branch="false"/>
						<line number="463" hits="0" branch="false"/>
						<line number="469" hits="0" branch="false"/>
						<line number="474" hits="0" branch="false"/>
						<line number="475" hits="0" branch="false"/>
						<line number="478" hits="9" branch="false"/>
						<line number="482" hits="0" branch="false"/>
						<line number="483" hits="0" branch="false"/>
						<line number="486" hits="1" branch="false"/>
						<line number="490" hits="0" branch="false"/>
						<line number="491" hits="0" branch="false"/>
						<line number="500" hits="11" branch="false"/>
						<line number="502" hits="11" branch="false"/>
						<line number="508" hits="11" branch="false"/>
						<line number="510" hits="99" branch="true" condition-coverage="100% (2/2)">
							<conditions>
								<condition number="0" type="jump" coverage="100%"/>
							</conditions>
						</line>
						<line number="516" hits="88" branch="false"/>
						<line number="518" hits="88" branch="false"/>
						<line number="522" hits="88" branch="false"/>
						<line number="523" hits="792" branch="true" condition-coverage="100% (2/2)">
							<conditions>
								<condition number="0" type="jump" coverage="100%"/>
							</conditions>
						</line>
						<line number="527" hits="704" branch="true" condition-coverage="100% (2/2)">
							<conditions>
								<condition number="0" type="jump" coverage="100%"/>
							</conditions>
						</line>
						<line number="528" hits="2" branch="false"/>
						<line number="529" hits="702" branch="true" condition-coverage="100% (2/2)">
							<conditions>
								<condition number="0" type="jump" coverage="100%"/>
							</conditions>
						</line>
						<line number="530" hits="32" branch="false"/>
						<line number="532" hits="670" branch="false"/>
						<line number="534" hits="88" branch="false"/>
						<line number="536" hits="11" branch="false"/>
						<line number="560" hits="12315" branch="false"/>
						<line number="561" hits="12315" branch="false"/>
						<line number="562" hits="110835" branch="true" condition-coverage="100% (2/2)">
							<conditions>
								<condition number="0" type="jump" coverage="100%"/>
							</conditions>
						</line>
						<line number="564" hits="98520" branch="true" condition-coverage="100% (2/2)">
							<conditions>
								<condition number="0" type="jump" coverage="100%"/>
							</conditions>
						</line>
						<line number="565" hits="63901" branch="false"/>
						<line number="568" hits="12315" branch="false"/>
						<line number="572" hits="12298" branch="false"/>
						<line number="581" hits="4" branch="true" condition-coverage="100% (2/2)">
							<conditions>
								<condition number="0" type="jump" coverage="100%"/>
							</conditions>
						</line>
						<line number="582" hits="2" branch="false"/>
						<line number="585" hits="2" branch="false"/>
						<line number="593" hits="4" branch="true" condition-coverage="100% (2/2)">
							<conditions>
								<condition number="0" type="jump" coverage="100%"/>
							</conditions>
						</line>
						<line number="594" hits="2" branch="false"/>
						<line number="597" hits="2" branch="false"/>
						<line number="601" hits="10756" branch="true" condition-coverage="50% (1/2)">
							<conditions>
								<condition number="0" type="jump" coverage="50%"/>
							</conditions>
						</line>
						<line number="602" hits="0" branch="false"/>
						<line number="605" hits="10756" branch="false"/>
						<line number="630" hits="517" branch="true" condition-coverage="50% (1/2)">
							<conditions>
								<condition number="0" type="jump" coverage="50%"/>
							</conditions>
						</line>
						<line number="631" hits="0" branch="false"/>
						<line number="633" hits="517" branch="true" condition-coverage="100% (2/2)">
							<conditions>
								<condition number="0" type="jump" coverage="100%"/>
							</conditions>
						</line>
						<line number="634" hits="1" branch="false"/>
						<line number="636" hits="516" branch="true" condition-coverage="100% (2/2)">
							<conditions>
								<condition number="0" type="jump" coverage="100%"/>
							</conditions>
						</line>
						<line number="637" hits="1" branch="false"/>
						<line number="639" hits="515" branch="true" condition-coverage="100% (2/2)">
							<conditions>
								<condition number="0" type="jump" coverage="100%"/>
							</conditions>
						</line>
						<line number="640" hits="1" branch="false"/>
						<line number="642" hits="514" branch="false"/>
						<line number="665" hits="8" branch="false"/>
						<line number="666" hits="8" branch="false"/>
						<line number="671" hits="4" branch="true" condition-coverage="50% (1/2)">
							<conditions>
								<condition number="0" type="jump" coverage="50%"/>
							</conditions>
						</line>
						<line number="672" hits="0" branch="false"/>
						<line number="675" hits="4" branch="false"/>
						<line number="699" hits="11317" branch="true" condition-coverage="100% (2/2)">
							<conditions>
								<condition number="0" type="jump" coverage="100%"/>
							</conditions>
						</line>
						<line number="700" hits="1" branch="false"/>
						<line number="702" hits="11316" branch="true" condition-coverage="100% (2/2)">
							<conditions>
								<condition number="0" type="jump" coverage="100%"/>
							</conditions>
						</line>
						<line number="703" hits="1" branch="false"/>
						<line number="706" hits="11315" branch="false"/>
						<line number="708" hits="11315" branch="false"/>
						<line number="714" hits="11315" branch="false"/>
						<line number="716" hits="101835" branch="true" condition-coverage="100% (2/2)">
							<conditions>
								<condition number="0" type="jump" coverage="100%"/>
							</conditions>
						</line>
						<line number="717" hits="90520" branch="false"/>
						<line number="719" hits="90520" branch="false"/>
						<line number="723" hits="90520" branch="false"/>
						<line number="724" hits="814680" branch="true" condition-coverage="100% (2/2)">
							<conditions>
								<condition number="0" type="jump" coverage="100%"/>
							</conditions>
						</line>
						<line number="728" hits="724160" branch="true" condition-coverage="100% (2/2)">
							<conditions>
								<condition number="0" type="jump" coverage="100%"/>
							</conditions>
						</line>
						<line number="729" hits="11269" branch="false"/>
						<line number="730" hits="712891" branch="true" condition-coverage="100% (2/2)">
							<conditions>
								<condition number="0" type="jump" coverage="100%"/>
							</conditions>
						</line>
						<line number="731" hits="33554" branch="false"/>
						<line number="733" hits="679337" branch="false"/>
						<line number="735" hits="90520" branch="false"/>
						<line number="736" hits="90520" branch="false"/>
						<line number="738" hits="11315" branch="false"/>
						<line number="745" hits="45" branch="false"/>
						<line number="751" hits="1" branch="false"/>
						<line number="752" hits="1" branch="false"/>
						<line number="753" hits="1" branch="false"/>
						<line number="754" hits="1" branch="true" condition-coverage="50% (1/2)">
							<conditions>
								<condition number="0" type="jump" coverage="50%"/>
							</conditions>
						</line>
						<line number="756" hits="0" branch="false"/>
						<line number="759" hits="3" branch="true" condition-coverage="100% (2/2)">
							<conditions>
								<condition number="0" type="jump" coverage="100%"/>
							</conditions>
						</line>
						<line number="761" hits="2" branch="false"/>
						<line number="763" hits="1" branch="false"/>
					</lines>
				</class>
			</classes>
		</package>
	</packages>
</coverage>
