<?xml version="1.0" encoding="UTF-8" ?>
<testsuite errors="0" failures="0" hostname="basalt" name="com.jeremybrooks.chess.BitboardDisplayerTest" skipped="0" tests="3" time="0.109" timestamp="2014-03-11T20:04:15">
  <properties>
[...]
</properties>
  <testcase classname="com.jeremybrooks.chess.BitboardDisplayerTest" name="testQueensGambitAccepted" time="0.016" />
  <testcase classname="com.jeremybrooks.chess.BitboardDisplayerTest" name="testEndgamePosition" time="0.0" />
  <testcase classname="com.jeremybrooks.chess.BitboardDisplayerTest" name="testStartingPosition" time="0.0" />
  <system-out><![CDATA[]]></system-out>
  <system-err><![CDATA[]]></system-err>
</testsuite>
