<?xml version="1.0" encoding="UTF-8" ?>
<testsuites>
  <testsuite errors="0" failures="0" hostname="basalt" id="0" name="AttacksTest" package="com.jeremybrooks.chess" skipped="0" tests="8" time="0.406" timestamp="2014-03-11T20:04:12">
      <properties>
[...]
</properties>

      <testcase classname="com.jeremybrooks.chess.AttacksTest" name="testGenRankAttacks" time="0.156" />

      <testcase classname="com.jeremybrooks.chess.AttacksTest" name="testGenDiagonal45DegreesLeftAttacks" time="0.031" />

      <testcase classname="com.jeremybrooks.chess.AttacksTest" name="testGenFileAttacks" time="0.032" />

      <testcase classname="com.jeremybrooks.chess.AttacksTest" name="testGenBaseAttacks" time="0.015" />

      <testcase classname="com.jeremybrooks.chess.AttacksTest" name="testGetH1A8diag" time="0.0" />

      <testcase classname="com.jeremybrooks.chess.AttacksTest" name="testGetA1H8diag" time="0.0" />

      <testcase classname="com.jeremybrooks.chess.AttacksTest" name="testGenDiagonal45DegreesRightAttacks" time="0.016" />

      <testcase classname="com.jeremybrooks.chess.AttacksTest" name="testGenMasksPlusMinus" time="0.0" />

      <system-out><![CDATA[]]></system-out>

      <system-err><![CDATA[]]></system-err>

  </testsuite>
  <testsuite errors="0" failures="0" hostname="basalt" id="1" name="BitboardDisplayerTest" package="com.jeremybrooks.chess" skipped="0" tests="3" time="0.109" timestamp="2014-03-11T20:04:15">
      <properties>
[...]
</properties>

      <testcase classname="com.jeremybrooks.chess.BitboardDisplayerTest" name="testQueensGambitAccepted" time="0.016" />

      <testcase classname="com.jeremybrooks.chess.BitboardDisplayerTest" name="testEndgamePosition" time="0.0" />

      <testcase classname="com.jeremybrooks.chess.BitboardDisplayerTest" name="testStartingPosition" time="0.0" />

      <system-out><![CDATA[]]></system-out>

      <system-err><![CDATA[]]></system-err>

  </testsuite>
  <testsuite errors="0" failures="0" hostname="basalt" id="2" name="BitmapTest" package="com.jeremybrooks.chess" skipped="0" tests="14" time="0.094" timestamp="2014-03-11T20:04:16">
      <properties>
[...]
</properties>

      <testcase classname="com.jeremybrooks.chess.BitmapTest" name="testGetLSBitOnBoundaries" time="0.015" />

      <testcase classname="com.jeremybrooks.chess.BitmapTest" name="testGetLSBit" time="0.0" />

      <testcase classname="com.jeremybrooks.chess.BitmapTest" name="testClearPieceForEveryBit" time="0.0" />

      <testcase classname="com.jeremybrooks.chess.BitmapTest" name="testClearPiece" time="0.0" />

      <testcase classname="com.jeremybrooks.chess.BitmapTest" name="testSet" time="0.0" />

      <testcase classname="com.jeremybrooks.chess.BitmapTest" name="testLongEquivalence" time="0.0" />

      <testcase classname="com.jeremybrooks.chess.BitmapTest" name="testGetMSBitOnBoundaries" time="0.0" />

      <testcase classname="com.jeremybrooks.chess.BitmapTest" name="testLongToHexString" time="0.0" />

      <testcase classname="com.jeremybrooks.chess.BitmapTest" name="testShiftingBeyondRangeIsActuallyARotation" time="0.0" />

      <testcase classname="com.jeremybrooks.chess.BitmapTest" name="testInitializingArrayZeroes" time="0.0" />

      <testcase classname="com.jeremybrooks.chess.BitmapTest" name="testSQ2BIT" time="0.0" />

      <testcase classname="com.jeremybrooks.chess.BitmapTest" name="testSQ2BIT45L" time="0.0" />

      <testcase classname="com.jeremybrooks.chess.BitmapTest" name="testSQ2BIT45R" time="0.0" />

      <testcase classname="com.jeremybrooks.chess.BitmapTest" name="testSQ2BIT90R" time="0.0" />

      <system-out><![CDATA[]]></system-out>

      <system-err><![CDATA[]]></system-err>

  </testsuite>
  <testsuite errors="0" failures="0" hostname="basalt" id="3" name="DefaultPositionValidatorTest" package="com.jeremybrooks.chess" skipped="0" tests="4" time="0.093" timestamp="2014-03-11T20:04:18">
      <properties>
[...]
</properties>

      <testcase classname="com.jeremybrooks.chess.DefaultPositionValidatorTest" name="testBothKingsAreMissingIsInvalid" time="0.016" />

      <testcase classname="com.jeremybrooks.chess.DefaultPositionValidatorTest" name="testTwoNonAdjacentKingsIsValid" time="0.015" />

      <testcase classname="com.jeremybrooks.chess.DefaultPositionValidatorTest" name="testAdjacentKingsIsInvalid" time="0.0" />

      <testcase classname="com.jeremybrooks.chess.DefaultPositionValidatorTest" name="testOnlyOneKingMissingIsInvalid" time="0.0" />

      <system-out><![CDATA[]]></system-out>

      <system-err><![CDATA[]]></system-err>

  </testsuite>
  <testsuite errors="0" failures="0" hostname="basalt" id="4" name="DisplayerTest" package="com.jeremybrooks.chess" skipped="0" tests="3" time="0.094" timestamp="2014-03-11T20:04:20">
      <properties>
[...]
</properties>

      <testcase classname="com.jeremybrooks.chess.DisplayerTest" name="testQueensGambitAccepted" time="0.016" />

      <testcase classname="com.jeremybrooks.chess.DisplayerTest" name="testEndgamePosition" time="0.0" />

      <testcase classname="com.jeremybrooks.chess.DisplayerTest" name="testStartingPosition" time="0.0" />

      <system-out><![CDATA[]]></system-out>

      <system-err><![CDATA[]]></system-err>

  </testsuite>
  <testsuite errors="0" failures="0" hostname="basalt" id="5" name="MoveGeneratorTest" package="com.jeremybrooks.chess" skipped="0" tests="27" time="0.255" timestamp="2014-03-11T20:04:22">
      <properties>
[...]
</properties>

      <testcase classname="com.jeremybrooks.chess.MoveGeneratorTest" name="testEscapeAPawnCheckNoEnPassant" time="0.016" />

      <testcase classname="com.jeremybrooks.chess.MoveGeneratorTest" name="testBlackCannotCastleToAvoidCheck" time="0.0" />

      <testcase classname="com.jeremybrooks.chess.MoveGeneratorTest" name="testGenerateNonCapturesFromStartingPositionBlackToMove" time="0.0" />

      <testcase classname="com.jeremybrooks.chess.MoveGeneratorTest" name="testEscapeCheckViaCaptureAndFlightSquare" time="0.0" />

      <testcase classname="com.jeremybrooks.chess.MoveGeneratorTest" name="testEscapeCheckFromBishopAndRook" time="0.0" />

      <testcase classname="com.jeremybrooks.chess.MoveGeneratorTest" name="testEncodeMove" time="0.0" />

      <testcase classname="com.jeremybrooks.chess.MoveGeneratorTest" name="testWhiteCastling" time="0.0" />

      <testcase classname="com.jeremybrooks.chess.MoveGeneratorTest" name="testWhiteCannotCastleThroughCheck" time="0.016" />

      <testcase classname="com.jeremybrooks.chess.MoveGeneratorTest" name="testEscapeCheckFromBothKnightAndRook" time="0.0" />

      <testcase classname="com.jeremybrooks.chess.MoveGeneratorTest" name="testBlackPawnPromotions" time="0.0" />

      <testcase classname="com.jeremybrooks.chess.MoveGeneratorTest" name="testMixOfSpecialCasesPosition" time="0.015" />

      <testcase classname="com.jeremybrooks.chess.MoveGeneratorTest" name="testGenerateNonCapturesPosition1" time="0.0" />

      <testcase classname="com.jeremybrooks.chess.MoveGeneratorTest" name="testGenerateInterpositions" time="0.0" />

      <testcase classname="com.jeremybrooks.chess.MoveGeneratorTest" name="testGenerateCapturesFromStartingPositionWhiteToMove" time="0.0" />

      <testcase classname="com.jeremybrooks.chess.MoveGeneratorTest" name="testEscapeCheckmateFromBishopDiscoveredCheck" time="0.016" />

      <testcase classname="com.jeremybrooks.chess.MoveGeneratorTest" name="testBlackCannotCastleWhenRookIsAttacked" time="0.0" />

      <testcase classname="com.jeremybrooks.chess.MoveGeneratorTest" name="testWhitePawnPromotions" time="0.0" />

      <testcase classname="com.jeremybrooks.chess.MoveGeneratorTest" name="testWhiteCannotCastleToAvoidCheck" time="0.0" />

      <testcase classname="com.jeremybrooks.chess.MoveGeneratorTest" name="testEscapeCheckFromOneCheckingPiece" time="0.017" />

      <testcase classname="com.jeremybrooks.chess.MoveGeneratorTest" name="testWhiteCannotCastleDueToKingOrRookHavingMovedAndMovedBack" time="0.003" />

      <testcase classname="com.jeremybrooks.chess.MoveGeneratorTest" name="testBlackCannotCastle" time="0.0" />

      <testcase classname="com.jeremybrooks.chess.MoveGeneratorTest" name="testEscapeCheckmateFromTwoCheckingPieces" time="0.0" />

      <testcase classname="com.jeremybrooks.chess.MoveGeneratorTest" name="testGenerateCapturesFromStartingPositionBlackToMove" time="0.0" />

      <testcase classname="com.jeremybrooks.chess.MoveGeneratorTest" name="testBlackCannotCastleThroughCheck" time="0.0" />

      <testcase classname="com.jeremybrooks.chess.MoveGeneratorTest" name="testGenerateNonCapturesFromStartingPositionWhiteToMove" time="0.015" />

      <testcase classname="com.jeremybrooks.chess.MoveGeneratorTest" name="testEscapeAPawnCheckByCapturingEnPassant" time="0.0" />

      <testcase classname="com.jeremybrooks.chess.MoveGeneratorTest" name="testGenerateCapturesPosition1" time="0.0" />

      <system-out><![CDATA[   -----------------
8 | R - - - - - - - |
7 | - - - - - - - - |
6 | - - - - - - - - |
5 | - k - - - - - - |
4 | - - P p - - - - |
3 | - - - - - - - - |
2 | - - - - - - - - |
1 | K - - - - - - - |
   -----------------
    a b c d e f g h

To Move: Black

   -----------------
8 | r - - - k - - r |
7 | p - - - - - - p |
6 | P - - - - - - P |
5 | - - - - - - - - |
4 | - - - - R - - - |
3 | - - - - - - - - |
2 | - - - - - - - - |
1 | - - - - - - - K |
   -----------------
    a b c d e f g h

To Move: Black

   -----------------
8 | r n b q k b n r |
7 | p p p p p p p p |
6 | - - - - - - - - |
5 | - - - - - - - - |
4 | - - - - - - - - |
3 | - - - - - - - - |
2 | P P P P P P P P |
1 | R N B Q K B N R |
   -----------------
    a b c d e f g h

To Move: Black

   -----------------
8 | - - - - - R R k |
7 | - - - - - b - - |
6 | - - - - - - - - |
5 | - - - - - - - - |
4 | - - - - - - - - |
3 | - - - - - - - - |
2 | - - - - - - - - |
1 | K - - - - - - - |
   -----------------
    a b c d e f g h

To Move: Black

There's no interposing squares (or targets); no interposition moves
   -----------------
8 | - - - - - - - - |
7 | - - - R - - - - |
6 | - - - - - - - - |
5 | - - B - - - - - |
4 | - - - k - - - - |
3 | - - - - - - - - |
2 | - - - - Q - - - |
1 | K - - - - - - - |
   -----------------
    a b c d e f g h

To Move: Black

   -----------------
8 | k - - - - - - - |
7 | - - - - - - - - |
6 | - - - - - - - - |
5 | - - - - - - - - |
4 | - - - - - - - - |
3 | p - - - - - - p |
2 | P - - - - - - P |
1 | R - - - K - - R |
   -----------------
    a b c d e f g h

To Move: White

   -----------------
8 | k - - - - - - - |
7 | - - - - - - - - |
6 | - - - - - - - - |
5 | - - - - - - - - |
4 | - - - - - - - - |
3 | p - - b - - - p |
2 | P - - - - - - P |
1 | R - - - K - - R |
   -----------------
    a b c d e f g h

To Move: White

   -----------------
8 | - - - R Q - - - |
7 | - - - - - - - - |
6 | - N - - - - - - |
5 | - - - k - - - - |
4 | - - - - - - - - |
3 | - - - - - - - - |
2 | - - - - - - - - |
1 | K - - - - - - - |
   -----------------
    a b c d e f g h

To Move: Black

   -----------------
8 | k - - - - - - - |
7 | - - Q - - - - - |
6 | - - - - - - - - |
5 | - - - - - - - - |
4 | - - - - - - - - |
3 | - - - - - - - - |
2 | - - - - - - - p |
1 | K - - - - - N R |
   -----------------
    a b c d e f g h

To Move: Black

   -----------------
8 | r - b - - k - r |
7 | - p Q n - - p p |
6 | p P - - p - - - |
5 | - - p - P p - N |
4 | B - - p - - q - |
3 | B - - P - - - - |
2 | P - P - - P P P |
1 | R - - - K - - R |
   -----------------
    a b c d e f g h

To Move: White

   -----------------
8 | R - Q - - - - - |
7 | - p - - - p - - |
6 | - k - q p b - - |
5 | - - - - - - - - |
4 | P - - p - - - - |
3 | P - - P - - P - |
2 | - - - - r P K - |
1 | - - - - - - - - |
   -----------------
    a b c d e f g h

To Move: White

   -----------------
8 | R - - - - - - k |
7 | - - - - - - - b |
6 | - - - - - - n - |
5 | - - - - q - - - |
4 | - - - r - - - - |
3 | - - - - - - - - |
2 | - - - - - - - - |
1 | K - - - - - - - |
   -----------------
    a b c d e f g h

To Move: Black

   -----------------
8 | r n b q k b n r |
7 | p p p p p p p p |
6 | - - - - - - - - |
5 | - - - - - - - - |
4 | - - - - - - - - |
3 | - - - - - - - - |
2 | P P P P P P P P |
1 | R N B Q K B N R |
   -----------------
    a b c d e f g h

To Move: White

   -----------------
8 | - - - - - - - - |
7 | - - - R - - - - |
6 | - - - - - - - - |
5 | - - - - - - - - |
4 | - B - k - - - - |
3 | - - - - - - - - |
2 | - - - - Q - - - |
1 | K - - - - - - - |
   -----------------
    a b c d e f g h

To Move: Black

   -----------------
8 | r - - - k - - r |
7 | p - - - - - - p |
6 | P - - - - - - P |
5 | - - - - - - - - |
4 | - - - - B - - - |
3 | - - - - - - - - |
2 | - - - - - - - - |
1 | - - - - - - - K |
   -----------------
    a b c d e f g h

To Move: Black

   -----------------
8 | - r - n - - k - |
7 | - - P P - - - - |
6 | - - - - - - - - |
5 | - - - - - - - - |
4 | - - - - - - - - |
3 | - - - - - - - - |
2 | - - q - - - - - |
1 | K - - - - - - - |
   -----------------
    a b c d e f g h

To Move: White

   -----------------
8 | k - - - - - - - |
7 | - - - - - - - - |
6 | - - - - - - - - |
5 | - - - - r - - - |
4 | - - - - - - - - |
3 | p - - - - - - p |
2 | P - - - - - - P |
1 | R - - - K - - R |
   -----------------
    a b c d e f g h

To Move: White

   -----------------
8 | - - - - - - R k |
7 | R - - - - - - - |
6 | - - - - - - - - |
5 | - - - - - - - - |
4 | - - - - - - - - |
3 | - - - - - - - - |
2 | - - - - - - - - |
1 | K - - - - - - - |
   -----------------
    a b c d e f g h

To Move: Black

There's no interposing squares (or targets); no interposition moves
   -----------------
8 | k - - - - - - - |
7 | - - - - - - - - |
6 | - - - - - - - - |
5 | - - - - - - - - |
4 | - - - - - - - - |
3 | p - - - - - - p |
2 | P - - - - - - P |
1 | R - - - K - - R |
   -----------------
    a b c d e f g h

To Move: White

   -----------------
8 | r - - - k - - r |
7 | p - - - - - - p |
6 | P - - - - - - P |
5 | - - - - - - - - |
4 | - - - - - - - - |
3 | - - - - - - - - |
2 | - - - - - - - - |
1 | - - - - - - - K |
   -----------------
    a b c d e f g h

To Move: Black

   -----------------
8 | - - R R Q - - - |
7 | - - - - - - - - |
6 | - N - - - - - - |
5 | - - - k - - - - |
4 | - - - - - - - - |
3 | - - - - - - - - |
2 | - - - - - - - - |
1 | K - - - - - - - |
   -----------------
    a b c d e f g h

To Move: Black

   -----------------
8 | r n b q k b n r |
7 | p p p p p p p p |
6 | - - - - - - - - |
5 | - - - - - - - - |
4 | - - - - - - - - |
3 | - - - - - - - - |
2 | P P P P P P P P |
1 | R N B Q K B N R |
   -----------------
    a b c d e f g h

To Move: Black

   -----------------
8 | r - - - k - - r |
7 | p - - - - - - p |
6 | P - - Q - - - P |
5 | - - - - - - - - |
4 | - - - - - - - - |
3 | - - - - - - - - |
2 | - - - - - - - - |
1 | - - - - - - - K |
   -----------------
    a b c d e f g h

To Move: Black

   -----------------
8 | r n b q k b n r |
7 | p p p p p p p p |
6 | - - - - - - - - |
5 | - - - - - - - - |
4 | - - - - - - - - |
3 | - - - - - - - - |
2 | P P P P P P P P |
1 | R N B Q K B N R |
   -----------------
    a b c d e f g h

To Move: White

   -----------------
8 | R - - - - - - - |
7 | - - - - - - - - |
6 | - - - - - - - - |
5 | - k - - - - - - |
4 | - - P p - - - - |
3 | - - - - - - - - |
2 | - - - - - - - - |
1 | K - - - - - - - |
   -----------------
    a b c d e f g h

To Move: Black

   -----------------
8 | R - Q - - - - - |
7 | - p - - - p - - |
6 | - k - q p b - - |
5 | - - - - - - - - |
4 | P - - p - - - - |
3 | P - - P - - P - |
2 | - - - - r P K - |
1 | - - - - - - - - |
   -----------------
    a b c d e f g h

To Move: White

]]></system-out>

      <system-err><![CDATA[Is Kb5xc4 legal? true
Is Kb5-a4 legal? false
Is Kb5-b4 legal? true
Is Kb5-a5 legal? false
Is Kb5-c5 legal? true
Is Kb5-a6 legal? false
Is Kb5-b6 legal? true
Is Kb5-c6 legal? true
Is Bf7xg8 legal? true
Is Kh8xg8 legal? false
Is Kh8-g7 legal? false
Is Kh8-h7 legal? true
Is Kd4xc5 legal? true
Is Kd4-c3 legal? true
Is Kd4-d3 legal? false
Is Kd4-e3 legal? false
Is Kd4-c4 legal? false
Is Kd4-e4 legal? false
Is Kd4-d5 legal? false
Is Kd4-e5 legal? false
Is Kd5-c4 legal? false
Is Kd5-d4 legal? false
Is Kd5-e4 legal? false
Is Kd5-c5 legal? true
Is Kd5-e5 legal? false
Is Kd5-c6 legal? false
Is Kd5-d6 legal? false
Is Kd5-e6 legal? false
Is Ng6-f8 legal? true
Is Bh7-g8 legal? true
Is Rd4-d8 legal? true
Is Qe5-b8 legal? true
Is Qe5-e8 legal? true
Is Kh8-g7 legal? true
Is Kh8-g8 legal? false
Is Kd4-c3 legal? false
Is Kd4-d3 legal? false
Is Kd4-e3 legal? false
Is Kd4-c4 legal? false
Is Kd4-e4 legal? false
Is Kd4-c5 legal? false
Is Kd4-d5 legal? false
Is Kd4-e5 legal? false
Is Kh8xg8 legal? true
Is Kh8-g7 legal? false
Is Kh8-h7 legal? false
Is Kd5-c4 legal? false
Is Kd5-d4 legal? false
Is Kd5-e4 legal? false
Is Kd5-c5 legal? false
Is Kd5-e5 legal? false
Is Kd5-c6 legal? false
Is Kd5-d6 legal? false
Is Kd5-e6 legal? false
Is Pd4xc3 legal? true
Is Kb5xc4 legal? true
Is Kb5-a4 legal? false
Is Kb5-b4 legal? true
Is Kb5-a5 legal? false
Is Kb5-c5 legal? true
Is Kb5-a6 legal? false
Is Kb5-b6 legal? true
Is Kb5-c6 legal? true
]]></system-err>

  </testsuite>
  <testsuite errors="0" failures="0" hostname="basalt" id="6" name="PositionTest" package="com.jeremybrooks.chess" skipped="0" tests="16" time="0.109" timestamp="2014-03-11T20:04:24">
      <properties>
[...]
</properties>

      <testcase classname="com.jeremybrooks.chess.PositionTest" name="testIsValidRankFen" time="0.016" />

      <testcase classname="com.jeremybrooks.chess.PositionTest" name="testSetAndGetFen" time="0.0" />

      <testcase classname="com.jeremybrooks.chess.PositionTest" name="testSetTooManyWhiteKings" time="0.0" />

      <testcase classname="com.jeremybrooks.chess.PositionTest" name="testPlaceAndEraseKings" time="0.0" />

      <testcase classname="com.jeremybrooks.chess.PositionTest" name="testPositionEmpty" time="0.016" />

      <testcase classname="com.jeremybrooks.chess.PositionTest" name="testClear" time="0.0" />

      <testcase classname="com.jeremybrooks.chess.PositionTest" name="testPlaceAndErasePieces" time="0.0" />

      <testcase classname="com.jeremybrooks.chess.PositionTest" name="testSetTooManyFiles" time="0.0" />

      <testcase classname="com.jeremybrooks.chess.PositionTest" name="testSetTooManyRanks" time="0.0" />

      <testcase classname="com.jeremybrooks.chess.PositionTest" name="testNewStartingPosition" time="0.015" />

      <testcase classname="com.jeremybrooks.chess.PositionTest" name="testSetTooManyBlackKings" time="0.0" />

      <testcase classname="com.jeremybrooks.chess.PositionTest" name="testSetUnknownPiece" time="0.0" />

      <testcase classname="com.jeremybrooks.chess.PositionTest" name="testPlacePieceOverwritesExistingPiece" time="0.0" />

      <testcase classname="com.jeremybrooks.chess.PositionTest" name="testIsSameColor" time="0.0" />

      <testcase classname="com.jeremybrooks.chess.PositionTest" name="testMovingPiecesQueensGambitAccepted" time="0.0" />

      <testcase classname="com.jeremybrooks.chess.PositionTest" name="testIsEmpty" time="0.0" />

      <system-out><![CDATA[]]></system-out>

      <system-err><![CDATA[]]></system-err>

  </testsuite>
  <testsuite errors="0" failures="0" hostname="basalt" id="7" name="UnsignedByteTest" package="com.jeremybrooks.chess" skipped="0" tests="1" time="0.109" timestamp="2014-03-11T20:04:26">
      <properties>
[...]
</properties>

      <testcase classname="com.jeremybrooks.chess.UnsignedByteTest" name="testUnsignedByteClass" time="0.031" />

      <system-out><![CDATA[]]></system-out>

      <system-err><![CDATA[]]></system-err>

  </testsuite>
  <testsuite errors="0" failures="0" hostname="basalt" id="8" name="UtilTest" package="com.jeremybrooks.chess" skipped="0" tests="28" time="0.781" timestamp="2014-03-11T20:04:28">
      <properties>
[...]
</properties>

      <testcase classname="com.jeremybrooks.chess.UtilTest" name="testFormatByteBitmap" time="0.015" />

      <testcase classname="com.jeremybrooks.chess.UtilTest" name="testAdjacentSquares" time="0.0" />

      <testcase classname="com.jeremybrooks.chess.UtilTest" name="testDisplayMoves" time="0.0" />

      <testcase classname="com.jeremybrooks.chess.UtilTest" name="testDisplaySquares" time="0.0" />

      <testcase classname="com.jeremybrooks.chess.UtilTest" name="testFormatStatusByte" time="0.0" />

      <testcase classname="com.jeremybrooks.chess.UtilTest" name="testPieceCount" time="0.484" />

      <testcase classname="com.jeremybrooks.chess.UtilTest" name="testFormatByteBitmapInt" time="0.0" />

      <testcase classname="com.jeremybrooks.chess.UtilTest" name="testOpp" time="0.0" />

      <testcase classname="com.jeremybrooks.chess.UtilTest" name="testOperations" time="0.0" />

      <testcase classname="com.jeremybrooks.chess.UtilTest" name="testByteBitShifting" time="0.0" />

      <testcase classname="com.jeremybrooks.chess.UtilTest" name="testDisplayBoardStrLongLong" time="0.0" />

      <testcase classname="com.jeremybrooks.chess.UtilTest" name="testDisplayBoardStrLongInt" time="0.0" />

      <testcase classname="com.jeremybrooks.chess.UtilTest" name="testFormatSideBySide" time="0.0" />

      <testcase classname="com.jeremybrooks.chess.UtilTest" name="testDisplayBoardStr" time="0.0" />

      <testcase classname="com.jeremybrooks.chess.UtilTest" name="testReverseBits" time="0.0" />

      <testcase classname="com.jeremybrooks.chess.UtilTest" name="testReverseByte" time="0.0" />

      <testcase classname="com.jeremybrooks.chess.UtilTest" name="testFormatBaseAttacks" time="0.0" />

      <testcase classname="com.jeremybrooks.chess.UtilTest" name="testGetA1H8diagFunction" time="0.078" />

      <testcase classname="com.jeremybrooks.chess.UtilTest" name="testFormatStatusInt" time="0.0" />

      <testcase classname="com.jeremybrooks.chess.UtilTest" name="testDisplayMovesStrByte" time="0.0" />

      <testcase classname="com.jeremybrooks.chess.UtilTest" name="testDisplayMoveStrIncludesCheckAndMateFlags" time="0.0" />

      <testcase classname="com.jeremybrooks.chess.UtilTest" name="testPieceToChar" time="0.0" />

      <testcase classname="com.jeremybrooks.chess.UtilTest" name="testFormatLongBitmapAsBoard" time="0.0" />

      <testcase classname="com.jeremybrooks.chess.UtilTest" name="testFormatByteBitmapShort" time="0.0" />

      <testcase classname="com.jeremybrooks.chess.UtilTest" name="testToggle" time="0.0" />

      <testcase classname="com.jeremybrooks.chess.UtilTest" name="testBitCount" time="0.094" />

      <testcase classname="com.jeremybrooks.chess.UtilTest" name="testSqToStr" time="0.0" />

      <testcase classname="com.jeremybrooks.chess.UtilTest" name="testStrToSq" time="0.0" />

      <system-out><![CDATA[]]></system-out>

      <system-err><![CDATA[]]></system-err>

  </testsuite>
</testsuites>
