<?xml version="1.0" encoding="UTF-8" ?>
<testsuite errors="0" failures="0" hostname="basalt" name="com.jeremybrooks.chess.MoveGeneratorTest" skipped="0" tests="27" time="0.255" timestamp="2014-03-11T20:04:22">
  <properties>
[...]
</properties>
  <testcase classname="com.jeremybrooks.chess.MoveGeneratorTest" name="testEscapeAPawnCheckNoEnPassant" time="0.016" />
  <testcase classname="com.jeremybrooks.chess.MoveGeneratorTest" name="testBlackCannotCastleToAvoidCheck" time="0.0" />
  <testcase classname="com.jeremybrooks.chess.MoveGeneratorTest" name="testGenerateNonCapturesFromStartingPositionBlackToMove" time="0.0" />
  <testcase classname="com.jeremybrooks.chess.MoveGeneratorTest" name="testEscapeCheckViaCaptureAndFlightSquare" time="0.0" />
  <testcase classname="com.jeremybrooks.chess.MoveGeneratorTest" name="testEscapeCheckFromBishopAndRook" time="0.0" />
  <testcase classname="com.jeremybrooks.chess.MoveGeneratorTest" name="testEncodeMove" time="0.0" />
  <testcase classname="com.jeremybrooks.chess.MoveGeneratorTest" name="testWhiteCastling" time="0.0" />
  <testcase classname="com.jeremybrooks.chess.MoveGeneratorTest" name="testWhiteCannotCastleThroughCheck" time="0.016" />
  <testcase classname="com.jeremybrooks.chess.MoveGeneratorTest" name="testEscapeCheckFromBothKnightAndRook" time="0.0" />
  <testcase classname="com.jeremybrooks.chess.MoveGeneratorTest" name="testBlackPawnPromotions" time="0.0" />
  <testcase classname="com.jeremybrooks.chess.MoveGeneratorTest" name="testMixOfSpecialCasesPosition" time="0.015" />
  <testcase classname="com.jeremybrooks.chess.MoveGeneratorTest" name="testGenerateNonCapturesPosition1" time="0.0" />
  <testcase classname="com.jeremybrooks.chess.MoveGeneratorTest" name="testGenerateInterpositions" time="0.0" />
  <testcase classname="com.jeremybrooks.chess.MoveGeneratorTest" name="testGenerateCapturesFromStartingPositionWhiteToMove" time="0.0" />
  <testcase classname="com.jeremybrooks.chess.MoveGeneratorTest" name="testEscapeCheckmateFromBishopDiscoveredCheck" time="0.016" />
  <testcase classname="com.jeremybrooks.chess.MoveGeneratorTest" name="testBlackCannotCastleWhenRookIsAttacked" time="0.0" />
  <testcase classname="com.jeremybrooks.chess.MoveGeneratorTest" name="testWhitePawnPromotions" time="0.0" />
  <testcase classname="com.jeremybrooks.chess.MoveGeneratorTest" name="testWhiteCannotCastleToAvoidCheck" time="0.0" />
  <testcase classname="com.jeremybrooks.chess.MoveGeneratorTest" name="testEscapeCheckFromOneCheckingPiece" time="0.017" />
  <testcase classname="com.jeremybrooks.chess.MoveGeneratorTest" name="testWhiteCannotCastleDueToKingOrRookHavingMovedAndMovedBack" time="0.003" />
  <testcase classname="com.jeremybrooks.chess.MoveGeneratorTest" name="testBlackCannotCastle" time="0.0" />
  <testcase classname="com.jeremybrooks.chess.MoveGeneratorTest" name="testEscapeCheckmateFromTwoCheckingPieces" time="0.0" />
  <testcase classname="com.jeremybrooks.chess.MoveGeneratorTest" name="testGenerateCapturesFromStartingPositionBlackToMove" time="0.0" />
  <testcase classname="com.jeremybrooks.chess.MoveGeneratorTest" name="testBlackCannotCastleThroughCheck" time="0.0" />
  <testcase classname="com.jeremybrooks.chess.MoveGeneratorTest" name="testGenerateNonCapturesFromStartingPositionWhiteToMove" time="0.015" />
  <testcase classname="com.jeremybrooks.chess.MoveGeneratorTest" name="testEscapeAPawnCheckByCapturingEnPassant" time="0.0" />
  <testcase classname="com.jeremybrooks.chess.MoveGeneratorTest" name="testGenerateCapturesPosition1" time="0.0" />
  <system-out><![CDATA[   -----------------
8 | R - - - - - - - |
7 | - - - - - - - - |
6 | - - - - - - - - |
5 | - k - - - - - - |
4 | - - P p - - - - |
3 | - - - - - - - - |
2 | - - - - - - - - |
1 | K - - - - - - - |
   -----------------
    a b c d e f g h

To Move: Black

   -----------------
8 | r - - - k - - r |
7 | p - - - - - - p |
6 | P - - - - - - P |
5 | - - - - - - - - |
4 | - - - - R - - - |
3 | - - - - - - - - |
2 | - - - - - - - - |
1 | - - - - - - - K |
   -----------------
    a b c d e f g h

To Move: Black

   -----------------
8 | r n b q k b n r |
7 | p p p p p p p p |
6 | - - - - - - - - |
5 | - - - - - - - - |
4 | - - - - - - - - |
3 | - - - - - - - - |
2 | P P P P P P P P |
1 | R N B Q K B N R |
   -----------------
    a b c d e f g h

To Move: Black

   -----------------
8 | - - - - - R R k |
7 | - - - - - b - - |
6 | - - - - - - - - |
5 | - - - - - - - - |
4 | - - - - - - - - |
3 | - - - - - - - - |
2 | - - - - - - - - |
1 | K - - - - - - - |
   -----------------
    a b c d e f g h

To Move: Black

There's no interposing squares (or targets); no interposition moves
   -----------------
8 | - - - - - - - - |
7 | - - - R - - - - |
6 | - - - - - - - - |
5 | - - B - - - - - |
4 | - - - k - - - - |
3 | - - - - - - - - |
2 | - - - - Q - - - |
1 | K - - - - - - - |
   -----------------
    a b c d e f g h

To Move: Black

   -----------------
8 | k - - - - - - - |
7 | - - - - - - - - |
6 | - - - - - - - - |
5 | - - - - - - - - |
4 | - - - - - - - - |
3 | p - - - - - - p |
2 | P - - - - - - P |
1 | R - - - K - - R |
   -----------------
    a b c d e f g h

To Move: White

   -----------------
8 | k - - - - - - - |
7 | - - - - - - - - |
6 | - - - - - - - - |
5 | - - - - - - - - |
4 | - - - - - - - - |
3 | p - - b - - - p |
2 | P - - - - - - P |
1 | R - - - K - - R |
   -----------------
    a b c d e f g h

To Move: White

   -----------------
8 | - - - R Q - - - |
7 | - - - - - - - - |
6 | - N - - - - - - |
5 | - - - k - - - - |
4 | - - - - - - - - |
3 | - - - - - - - - |
2 | - - - - - - - - |
1 | K - - - - - - - |
   -----------------
    a b c d e f g h

To Move: Black

   -----------------
8 | k - - - - - - - |
7 | - - Q - - - - - |
6 | - - - - - - - - |
5 | - - - - - - - - |
4 | - - - - - - - - |
3 | - - - - - - - - |
2 | - - - - - - - p |
1 | K - - - - - N R |
   -----------------
    a b c d e f g h

To Move: Black

   -----------------
8 | r - b - - k - r |
7 | - p Q n - - p p |
6 | p P - - p - - - |
5 | - - p - P p - N |
4 | B - - p - - q - |
3 | B - - P - - - - |
2 | P - P - - P P P |
1 | R - - - K - - R |
   -----------------
    a b c d e f g h

To Move: White

   -----------------
8 | R - Q - - - - - |
7 | - p - - - p - - |
6 | - k - q p b - - |
5 | - - - - - - - - |
4 | P - - p - - - - |
3 | P - - P - - P - |
2 | - - - - r P K - |
1 | - - - - - - - - |
   -----------------
    a b c d e f g h

To Move: White

   -----------------
8 | R - - - - - - k |
7 | - - - - - - - b |
6 | - - - - - - n - |
5 | - - - - q - - - |
4 | - - - r - - - - |
3 | - - - - - - - - |
2 | - - - - - - - - |
1 | K - - - - - - - |
   -----------------
    a b c d e f g h

To Move: Black

   -----------------
8 | r n b q k b n r |
7 | p p p p p p p p |
6 | - - - - - - - - |
5 | - - - - - - - - |
4 | - - - - - - - - |
3 | - - - - - - - - |
2 | P P P P P P P P |
1 | R N B Q K B N R |
   -----------------
    a b c d e f g h

To Move: White

   -----------------
8 | - - - - - - - - |
7 | - - - R - - - - |
6 | - - - - - - - - |
5 | - - - - - - - - |
4 | - B - k - - - - |
3 | - - - - - - - - |
2 | - - - - Q - - - |
1 | K - - - - - - - |
   -----------------
    a b c d e f g h

To Move: Black

   -----------------
8 | r - - - k - - r |
7 | p - - - - - - p |
6 | P - - - - - - P |
5 | - - - - - - - - |
4 | - - - - B - - - |
3 | - - - - - - - - |
2 | - - - - - - - - |
1 | - - - - - - - K |
   -----------------
    a b c d e f g h

To Move: Black

   -----------------
8 | - r - n - - k - |
7 | - - P P - - - - |
6 | - - - - - - - - |
5 | - - - - - - - - |
4 | - - - - - - - - |
3 | - - - - - - - - |
2 | - - q - - - - - |
1 | K - - - - - - - |
   -----------------
    a b c d e f g h

To Move: White

   -----------------
8 | k - - - - - - - |
7 | - - - - - - - - |
6 | - - - - - - - - |
5 | - - - - r - - - |
4 | - - - - - - - - |
3 | p - - - - - - p |
2 | P - - - - - - P |
1 | R - - - K - - R |
   -----------------
    a b c d e f g h

To Move: White

   -----------------
8 | - - - - - - R k |
7 | R - - - - - - - |
6 | - - - - - - - - |
5 | - - - - - - - - |
4 | - - - - - - - - |
3 | - - - - - - - - |
2 | - - - - - - - - |
1 | K - - - - - - - |
   -----------------
    a b c d e f g h

To Move: Black

There's no interposing squares (or targets); no interposition moves
   -----------------
8 | k - - - - - - - |
7 | - - - - - - - - |
6 | - - - - - - - - |
5 | - - - - - - - - |
4 | - - - - - - - - |
3 | p - - - - - - p |
2 | P - - - - - - P |
1 | R - - - K - - R |
   -----------------
    a b c d e f g h

To Move: White

   -----------------
8 | r - - - k - - r |
7 | p - - - - - - p |
6 | P - - - - - - P |
5 | - - - - - - - - |
4 | - - - - - - - - |
3 | - - - - - - - - |
2 | - - - - - - - - |
1 | - - - - - - - K |
   -----------------
    a b c d e f g h

To Move: Black

   -----------------
8 | - - R R Q - - - |
7 | - - - - - - - - |
6 | - N - - - - - - |
5 | - - - k - - - - |
4 | - - - - - - - - |
3 | - - - - - - - - |
2 | - - - - - - - - |
1 | K - - - - - - - |
   -----------------
    a b c d e f g h

To Move: Black

   -----------------
8 | r n b q k b n r |
7 | p p p p p p p p |
6 | - - - - - - - - |
5 | - - - - - - - - |
4 | - - - - - - - - |
3 | - - - - - - - - |
2 | P P P P P P P P |
1 | R N B Q K B N R |
   -----------------
    a b c d e f g h

To Move: Black

   -----------------
8 | r - - - k - - r |
7 | p - - - - - - p |
6 | P - - Q - - - P |
5 | - - - - - - - - |
4 | - - - - - - - - |
3 | - - - - - - - - |
2 | - - - - - - - - |
1 | - - - - - - - K |
   -----------------
    a b c d e f g h

To Move: Black

   -----------------
8 | r n b q k b n r |
7 | p p p p p p p p |
6 | - - - - - - - - |
5 | - - - - - - - - |
4 | - - - - - - - - |
3 | - - - - - - - - |
2 | P P P P P P P P |
1 | R N B Q K B N R |
   -----------------
    a b c d e f g h

To Move: White

   -----------------
8 | R - - - - - - - |
7 | - - - - - - - - |
6 | - - - - - - - - |
5 | - k - - - - - - |
4 | - - P p - - - - |
3 | - - - - - - - - |
2 | - - - - - - - - |
1 | K - - - - - - - |
   -----------------
    a b c d e f g h

To Move: Black

   -----------------
8 | R - Q - - - - - |
7 | - p - - - p - - |
6 | - k - q p b - - |
5 | - - - - - - - - |
4 | P - - p - - - - |
3 | P - - P - - P - |
2 | - - - - r P K - |
1 | - - - - - - - - |
   -----------------
    a b c d e f g h

To Move: White

]]></system-out>
  <system-err><![CDATA[Is Kb5xc4 legal? true
Is Kb5-a4 legal? false
Is Kb5-b4 legal? true
Is Kb5-a5 legal? false
Is Kb5-c5 legal? true
Is Kb5-a6 legal? false
Is Kb5-b6 legal? true
Is Kb5-c6 legal? true
Is Bf7xg8 legal? true
Is Kh8xg8 legal? false
Is Kh8-g7 legal? false
Is Kh8-h7 legal? true
Is Kd4xc5 legal? true
Is Kd4-c3 legal? true
Is Kd4-d3 legal? false
Is Kd4-e3 legal? false
Is Kd4-c4 legal? false
Is Kd4-e4 legal? false
Is Kd4-d5 legal? false
Is Kd4-e5 legal? false
Is Kd5-c4 legal? false
Is Kd5-d4 legal? false
Is Kd5-e4 legal? false
Is Kd5-c5 legal? true
Is Kd5-e5 legal? false
Is Kd5-c6 legal? false
Is Kd5-d6 legal? false
Is Kd5-e6 legal? false
Is Ng6-f8 legal? true
Is Bh7-g8 legal? true
Is Rd4-d8 legal? true
Is Qe5-b8 legal? true
Is Qe5-e8 legal? true
Is Kh8-g7 legal? true
Is Kh8-g8 legal? false
Is Kd4-c3 legal? false
Is Kd4-d3 legal? false
Is Kd4-e3 legal? false
Is Kd4-c4 legal? false
Is Kd4-e4 legal? false
Is Kd4-c5 legal? false
Is Kd4-d5 legal? false
Is Kd4-e5 legal? false
Is Kh8xg8 legal? true
Is Kh8-g7 legal? false
Is Kh8-h7 legal? false
Is Kd5-c4 legal? false
Is Kd5-d4 legal? false
Is Kd5-e4 legal? false
Is Kd5-c5 legal? false
Is Kd5-e5 legal? false
Is Kd5-c6 legal? false
Is Kd5-d6 legal? false
Is Kd5-e6 legal? false
Is Pd4xc3 legal? true
Is Kb5xc4 legal? true
Is Kb5-a4 legal? false
Is Kb5-b4 legal? true
Is Kb5-a5 legal? false
Is Kb5-c5 legal? true
Is Kb5-a6 legal? false
Is Kb5-b6 legal? true
Is Kb5-c6 legal? true
]]></system-err>
</testsuite>
