<?xml version="1.0" encoding="UTF-8" ?>
<testsuites>
  <testsuite errors="0" failures="0" hostname="basalt" id="0" name="AttacksTest" package="com.jeremybrooks.chess" skipped="0" tests="8" time="0.507" timestamp="2014-02-28T10:23:49">
      <properties>
[...]
</properties>

      <testcase classname="com.jeremybrooks.chess.AttacksTest" name="testGenRankAttacks" time="0.281" />

      <testcase classname="com.jeremybrooks.chess.AttacksTest" name="testGenDiagonal45DegreesLeftAttacks" time="0.04" />

      <testcase classname="com.jeremybrooks.chess.AttacksTest" name="testGenFileAttacks" time="0.073" />

      <testcase classname="com.jeremybrooks.chess.AttacksTest" name="testGenBaseAttacks" time="0.006" />

      <testcase classname="com.jeremybrooks.chess.AttacksTest" name="testGetH1A8diag" time="0.001" />

      <testcase classname="com.jeremybrooks.chess.AttacksTest" name="testGetA1H8diag" time="0.001" />

      <testcase classname="com.jeremybrooks.chess.AttacksTest" name="testGenDiagonal45DegreesRightAttacks" time="0.028" />

      <testcase classname="com.jeremybrooks.chess.AttacksTest" name="testGenMasksPlusMinus" time="0.011" />

      <system-out><![CDATA[]]></system-out>

      <system-err><![CDATA[]]></system-err>

  </testsuite>
  <testsuite errors="1" failures="0" hostname="basalt" id="1" name="BitboardTest" package="com.jeremybrooks.chess" skipped="0" tests="1" time="0.238" timestamp="2014-02-28T10:23:52">
      <properties>
[...]
</properties>

      <testcase classname="com.jeremybrooks.chess.BitboardTest" name="initializationError" time="0.023">
          <error message="org/hamcrest/SelfDescribing" type="java.lang.NoClassDefFoundError">java.lang.NoClassDefFoundError: org/hamcrest/SelfDescribing
	at java.lang.ClassLoader.defineClass1(Native Method)
	at java.lang.ClassLoader.defineClass(ClassLoader.java:800)
	at java.security.SecureClassLoader.defineClass(SecureClassLoader.java:142)
	at java.net.URLClassLoader.defineClass(URLClassLoader.java:449)
	at java.net.URLClassLoader.access$100(URLClassLoader.java:71)
	at java.net.URLClassLoader$1.run(URLClassLoader.java:361)
	at java.net.URLClassLoader$1.run(URLClassLoader.java:355)
	at java.security.AccessController.doPrivileged(Native Method)
	at java.net.URLClassLoader.findClass(URLClassLoader.java:354)
	at java.lang.ClassLoader.loadClass(ClassLoader.java:425)
	at sun.misc.Launcher$AppClassLoader.loadClass(Launcher.java:308)
	at java.lang.ClassLoader.loadClass(ClassLoader.java:358)
	at java.lang.reflect.Constructor.newInstance(Constructor.java:526)
Caused by: java.lang.ClassNotFoundException: org.hamcrest.SelfDescribing
	at java.net.URLClassLoader$1.run(URLClassLoader.java:366)
	at java.net.URLClassLoader$1.run(URLClassLoader.java:355)
	at java.security.AccessController.doPrivileged(Native Method)
	at java.net.URLClassLoader.findClass(URLClassLoader.java:354)
	at java.lang.ClassLoader.loadClass(ClassLoader.java:425)
	at sun.misc.Launcher$AppClassLoader.loadClass(Launcher.java:308)
	at java.lang.ClassLoader.loadClass(ClassLoader.java:358)
</error>

      </testcase>

      <system-out><![CDATA[]]></system-out>

      <system-err><![CDATA[]]></system-err>

  </testsuite>
  <testsuite errors="0" failures="0" hostname="basalt" id="2" name="BitmapTest" package="com.jeremybrooks.chess" skipped="0" tests="8" time="0.289" timestamp="2014-02-28T10:23:53">
      <properties>
[...]
</properties>

      <testcase classname="com.jeremybrooks.chess.BitmapTest" name="testLongEquivalence" time="0.003" />

      <testcase classname="com.jeremybrooks.chess.BitmapTest" name="testLongToHexString" time="0.018" />

      <testcase classname="com.jeremybrooks.chess.BitmapTest" name="testShiftingBeyondRangeIsActuallyARotation" time="0.001" />

      <testcase classname="com.jeremybrooks.chess.BitmapTest" name="testInitializingArrayZeroes" time="0.0" />

      <testcase classname="com.jeremybrooks.chess.BitmapTest" name="testSQ2BIT" time="0.05" />

      <testcase classname="com.jeremybrooks.chess.BitmapTest" name="testSQ2BIT45L" time="0.001" />

      <testcase classname="com.jeremybrooks.chess.BitmapTest" name="testSQ2BIT45R" time="0.0" />

      <testcase classname="com.jeremybrooks.chess.BitmapTest" name="testSQ2BIT90R" time="0.0" />

      <system-out><![CDATA[]]></system-out>

      <system-err><![CDATA[]]></system-err>

  </testsuite>
  <testsuite errors="0" failures="5" hostname="basalt" id="3" name="MoveGeneratorTest" package="com.jeremybrooks.chess" skipped="0" tests="5" time="0.226" timestamp="2014-02-28T10:23:56">
      <properties>
[...]
</properties>

      <testcase classname="com.jeremybrooks.chess.MoveGeneratorTest" name="testGenerateKingEscapes" time="0.033">
          <failure message="Not yet implemented" type="junit.framework.AssertionFailedError">junit.framework.AssertionFailedError: Not yet implemented
	at com.jeremybrooks.chess.MoveGeneratorTest.testGenerateKingEscapes(MoveGeneratorTest.java:71)
</failure>

      </testcase>

      <testcase classname="com.jeremybrooks.chess.MoveGeneratorTest" name="testClearPiece" time="0.008">
          <failure message="Not yet implemented" type="junit.framework.AssertionFailedError">junit.framework.AssertionFailedError: Not yet implemented
	at com.jeremybrooks.chess.MoveGeneratorTest.testClearPiece(MoveGeneratorTest.java:33)
</failure>

      </testcase>

      <testcase classname="com.jeremybrooks.chess.MoveGeneratorTest" name="testIsAttacked" time="0.001">
          <failure message="Not yet implemented" type="junit.framework.AssertionFailedError">junit.framework.AssertionFailedError: Not yet implemented
	at com.jeremybrooks.chess.MoveGeneratorTest.testIsAttacked(MoveGeneratorTest.java:75)
</failure>

      </testcase>

      <testcase classname="com.jeremybrooks.chess.MoveGeneratorTest" name="testFirstPiece" time="0.002">
          <failure message="Not yet implemented" type="junit.framework.AssertionFailedError">junit.framework.AssertionFailedError: Not yet implemented
	at com.jeremybrooks.chess.MoveGeneratorTest.testFirstPiece(MoveGeneratorTest.java:37)
</failure>

      </testcase>

      <testcase classname="com.jeremybrooks.chess.MoveGeneratorTest" name="testGenerateCaptures" time="0.002">
          <failure message="Not yet implemented" type="junit.framework.AssertionFailedError">junit.framework.AssertionFailedError: Not yet implemented
	at com.jeremybrooks.chess.MoveGeneratorTest.testGenerateCaptures(MoveGeneratorTest.java:41)
</failure>

      </testcase>

      <system-out><![CDATA[]]></system-out>

      <system-err><![CDATA[]]></system-err>

  </testsuite>
  <testsuite errors="0" failures="6" hostname="basalt" id="4" name="PositionTest" package="com.jeremybrooks.chess" skipped="0" tests="19" time="0.336" timestamp="2014-02-28T10:23:58">
      <properties>
[...]
</properties>

      <testcase classname="com.jeremybrooks.chess.PositionTest" name="testSetAdjacentKings" time="0.063" />

      <testcase classname="com.jeremybrooks.chess.PositionTest" name="testIsValidRankFen" time="0.002" />

      <testcase classname="com.jeremybrooks.chess.PositionTest" name="testSetTooManyWhiteKings" time="0.0" />

      <testcase classname="com.jeremybrooks.chess.PositionTest" name="testSet" time="0.003" />

      <testcase classname="com.jeremybrooks.chess.PositionTest" name="testPlaceAndEraseKings" time="0.0" />

      <testcase classname="com.jeremybrooks.chess.PositionTest" name="testPositionEmpty" time="0.009">
          <failure message="expected:&lt;0&gt; but was:&lt;1&gt;" type="junit.framework.AssertionFailedError">junit.framework.AssertionFailedError: expected:&lt;0&gt; but was:&lt;1&gt;
	at com.jeremybrooks.chess.PositionTest.testPositionEmpty(PositionTest.java:44)
</failure>

      </testcase>

      <testcase classname="com.jeremybrooks.chess.PositionTest" name="testClear" time="0.003">
          <failure type="junit.framework.AssertionFailedError">junit.framework.AssertionFailedError
	at com.jeremybrooks.chess.PositionTest.testClear(PositionTest.java:70)
</failure>

      </testcase>

      <testcase classname="com.jeremybrooks.chess.PositionTest" name="testPlaceAndErasePieces" time="0.0" />

      <testcase classname="com.jeremybrooks.chess.PositionTest" name="testSetMissingKingOrKings" time="0.001" />

      <testcase classname="com.jeremybrooks.chess.PositionTest" name="testMovingPieces" time="0.013" />

      <testcase classname="com.jeremybrooks.chess.PositionTest" name="testSetTooManyFiles" time="0.001" />

      <testcase classname="com.jeremybrooks.chess.PositionTest" name="testSetTooManyRanks" time="0.001" />

      <testcase classname="com.jeremybrooks.chess.PositionTest" name="testNewStartingPosition" time="0.007" />

      <testcase classname="com.jeremybrooks.chess.PositionTest" name="testSetTooManyBlackKings" time="0.001" />

      <testcase classname="com.jeremybrooks.chess.PositionTest" name="testSetUnknownPiece" time="0.0" />

      <testcase classname="com.jeremybrooks.chess.PositionTest" name="testIsSameColor" time="0.002">
          <failure message="Not yet implemented" type="junit.framework.AssertionFailedError">junit.framework.AssertionFailedError: Not yet implemented
	at com.jeremybrooks.chess.PositionTest.testIsSameColor(PositionTest.java:384)
</failure>

      </testcase>

      <testcase classname="com.jeremybrooks.chess.PositionTest" name="testIsEmpty" time="0.002">
          <failure message="Not yet implemented" type="junit.framework.AssertionFailedError">junit.framework.AssertionFailedError: Not yet implemented
	at com.jeremybrooks.chess.PositionTest.testIsEmpty(PositionTest.java:388)
</failure>

      </testcase>

      <testcase classname="com.jeremybrooks.chess.PositionTest" name="testIsValid" time="0.002">
          <failure message="Not yet implemented" type="junit.framework.AssertionFailedError">junit.framework.AssertionFailedError: Not yet implemented
	at com.jeremybrooks.chess.PositionTest.testIsValid(PositionTest.java:380)
</failure>

      </testcase>

      <testcase classname="com.jeremybrooks.chess.PositionTest" name="testMovePiece" time="0.002">
          <failure message="Not yet implemented" type="junit.framework.AssertionFailedError">junit.framework.AssertionFailedError: Not yet implemented
	at com.jeremybrooks.chess.PositionTest.testMovePiece(PositionTest.java:376)
</failure>

      </testcase>

      <system-out><![CDATA[]]></system-out>

      <system-err><![CDATA[]]></system-err>

  </testsuite>
  <testsuite errors="0" failures="0" hostname="basalt" id="5" name="UtilTest" package="com.jeremybrooks.chess" skipped="0" tests="29" time="2.25" timestamp="2014-02-28T10:24:01">
      <properties>
[...]
</properties>

      <testcase classname="com.jeremybrooks.chess.UtilTest" name="testFormatByteBitmap" time="0.062" />

      <testcase classname="com.jeremybrooks.chess.UtilTest" name="testAdjacentSquares" time="0.002" />

      <testcase classname="com.jeremybrooks.chess.UtilTest" name="testDisplayMoves" time="0.009" />

      <testcase classname="com.jeremybrooks.chess.UtilTest" name="testDisplaySquares" time="0.006" />

      <testcase classname="com.jeremybrooks.chess.UtilTest" name="testFormatStatusByte" time="0.0" />

      <testcase classname="com.jeremybrooks.chess.UtilTest" name="testPieceCount" time="1.365" />

      <testcase classname="com.jeremybrooks.chess.UtilTest" name="testFormatByteBitmapInt" time="0.0" />

      <testcase classname="com.jeremybrooks.chess.UtilTest" name="testOpp" time="0.001" />

      <testcase classname="com.jeremybrooks.chess.UtilTest" name="testUnsignedByteClass" time="0.003" />

      <testcase classname="com.jeremybrooks.chess.UtilTest" name="testOperations" time="0.0" />

      <testcase classname="com.jeremybrooks.chess.UtilTest" name="testByteBitShifting" time="0.001" />

      <testcase classname="com.jeremybrooks.chess.UtilTest" name="testDisplayBoardStrLongLong" time="0.001" />

      <testcase classname="com.jeremybrooks.chess.UtilTest" name="testDisplayBoardStrLongInt" time="0.0" />

      <testcase classname="com.jeremybrooks.chess.UtilTest" name="testFormatSideBySide" time="0.002" />

      <testcase classname="com.jeremybrooks.chess.UtilTest" name="testDisplayBoardStr" time="0.0" />

      <testcase classname="com.jeremybrooks.chess.UtilTest" name="testReverseBits" time="0.001" />

      <testcase classname="com.jeremybrooks.chess.UtilTest" name="testReverseByte" time="0.0" />

      <testcase classname="com.jeremybrooks.chess.UtilTest" name="testFormatBaseAttacks" time="0.001" />

      <testcase classname="com.jeremybrooks.chess.UtilTest" name="testGetA1H8diagFunction" time="0.21" />

      <testcase classname="com.jeremybrooks.chess.UtilTest" name="testFormatStatusInt" time="0.001" />

      <testcase classname="com.jeremybrooks.chess.UtilTest" name="testDisplayMovesStrByte" time="0.0" />

      <testcase classname="com.jeremybrooks.chess.UtilTest" name="testPieceToChar" time="0.005" />

      <testcase classname="com.jeremybrooks.chess.UtilTest" name="testFormatLongBitmapAsBoard" time="0.001" />

      <testcase classname="com.jeremybrooks.chess.UtilTest" name="testDisplayMoveStr" time="0.001" />

      <testcase classname="com.jeremybrooks.chess.UtilTest" name="testFormatByteBitmapShort" time="0.001" />

      <testcase classname="com.jeremybrooks.chess.UtilTest" name="testToggle" time="0.0" />

      <testcase classname="com.jeremybrooks.chess.UtilTest" name="testBitCount" time="0.337" />

      <testcase classname="com.jeremybrooks.chess.UtilTest" name="testSqToStr" time="0.002" />

      <testcase classname="com.jeremybrooks.chess.UtilTest" name="testStrToSq" time="0.0" />

      <system-out><![CDATA[]]></system-out>

      <system-err><![CDATA[]]></system-err>

  </testsuite>
</testsuites>
