<?xml version="1.0"?>
<!DOCTYPE coverage SYSTEM "http://cobertura.sourceforge.net/xml/coverage-04.dtd">

<coverage line-rate="0.44854586129753915" branch-rate="0.3656006914433881" lines-covered="802" lines-valid="1788" branches-covered="423" branches-valid="1157" complexity="5.604026845637584" version="2.0.3" timestamp="1393583050261">
	<sources>
		<source>C:/Users/jeremy/git/chess/solve4mate/src</source>
	</sources>
	<packages>
		<package name="com.jeremybrooks.chess" line-rate="0.44854586129753915" branch-rate="0.3656006914433881" complexity="5.604026845637584">
			<classes>
				<class name="com.jeremybrooks.chess.Attacks" filename="com/jeremybrooks/chess/Attacks.java" line-rate="0.9916434540389972" branch-rate="0.8794642857142857" complexity="4.384615384615385">
					<methods>
						<method name="&lt;clinit&gt;" signature="()V" line-rate="1.0" branch-rate="1.0">
							<lines>
								<line number="15" hits="3" branch="false"/>
								<line number="19" hits="3" branch="false"/>
								<line number="32" hits="3" branch="false"/>
							</lines>
						</method>
						<method name="&lt;init&gt;" signature="()V" line-rate="1.0" branch-rate="1.0">
							<lines>
								<line number="43" hits="7" branch="false"/>
								<line number="52" hits="7" branch="false"/>
								<line number="53" hits="7" branch="false"/>
								<line number="54" hits="7" branch="false"/>
								<line number="55" hits="7" branch="false"/>
								<line number="56" hits="7" branch="false"/>
								<line number="57" hits="7" branch="false"/>
								<line number="58" hits="7" branch="false"/>
								<line number="59" hits="7" branch="false"/>
								<line number="60" hits="7" branch="false"/>
								<line number="61" hits="7" branch="false"/>
								<line number="62" hits="7" branch="false"/>
								<line number="64" hits="7" branch="false"/>
								<line number="65" hits="7" branch="false"/>
								<line number="67" hits="7" branch="false"/>
								<line number="68" hits="7" branch="false"/>
								<line number="69" hits="7" branch="false"/>
								<line number="70" hits="7" branch="false"/>
								<line number="71" hits="7" branch="false"/>
								<line number="72" hits="7" branch="false"/>
								<line number="73" hits="7" branch="false"/>
								<line number="74" hits="7" branch="false"/>
								<line number="103" hits="7" branch="false"/>
								<line number="111" hits="7" branch="false"/>
								<line number="112" hits="7" branch="false"/>
								<line number="113" hits="7" branch="false"/>
								<line number="114" hits="7" branch="false"/>
								<line number="115" hits="7" branch="false"/>
								<line number="116" hits="7" branch="false"/>
								<line number="117" hits="7" branch="false"/>
								<line number="118" hits="7" branch="false"/>
								<line number="119" hits="7" branch="false"/>
							</lines>
						</method>
						<method name="File" signature="(I)I" line-rate="1.0" branch-rate="1.0">
							<lines>
								<line number="1380" hits="5460" branch="false"/>
							</lines>
						</method>
						<method name="Rank" signature="(I)I" line-rate="1.0" branch-rate="1.0">
							<lines>
								<line number="1377" hits="3192" branch="false"/>
							</lines>
						</method>
						<method name="_GenAllMasks" signature="()V" line-rate="1.0" branch-rate="1.0">
							<lines>
								<line number="123" hits="7" branch="false"/>
								<line number="124" hits="7" branch="false"/>
								<line number="126" hits="7" branch="false"/>
								<line number="127" hits="7" branch="false"/>
								<line number="128" hits="7" branch="false"/>
								<line number="129" hits="7" branch="false"/>
							</lines>
						</method>
						<method name="baseAttacksAsHumanReadableString" signature="()Ljava/lang/String;" line-rate="1.0" branch-rate="1.0">
							<lines>
								<line number="1064" hits="1" branch="false"/>
								<line number="1083" hits="1" branch="false"/>
								<line number="1084" hits="1" branch="false"/>
								<line number="1085" hits="9" branch="true" condition-coverage="100% (2/2)">
									<conditions>
										<condition number="0" type="jump" coverage="100%"/>
									</conditions>
								</line>
								<line number="1086" hits="8" branch="false"/>
								<line number="1087" hits="520" branch="true" condition-coverage="100% (2/2)">
									<conditions>
										<condition number="0" type="jump" coverage="100%"/>
									</conditions>
								</line>
								<line number="1088" hits="512" branch="false"/>
								<line number="1089" hits="512" branch="false"/>
								<line number="1090" hits="512" branch="false"/>
								<line number="1093" hits="1" branch="false"/>
							</lines>
						</method>
						<method name="diagonal45DegreesLeftAttacksAsHumanReadableString" signature="()Ljava/lang/String;" line-rate="1.0" branch-rate="1.0">
							<lines>
								<line number="1167" hits="1" branch="false"/>
								<line number="1168" hits="1" branch="false"/>
								<line number="1169" hits="1" branch="false"/>
								<line number="1177" hits="1" branch="false"/>
								<line number="1178" hits="16" branch="true" condition-coverage="100% (2/2)">
									<conditions>
										<condition number="0" type="jump" coverage="100%"/>
									</conditions>
								</line>
								<line number="1179" hits="15" branch="false"/>
								<line number="1183" hits="15" branch="true" condition-coverage="100% (2/2)">
									<conditions>
										<condition number="0" type="jump" coverage="100%"/>
									</conditions>
								</line>
								<line number="1184" hits="4" branch="false"/>
								<line number="1186" hits="11" branch="false"/>
								<line number="1189" hits="15" branch="false"/>
								<line number="1190" hits="79" branch="true" condition-coverage="100% (2/2)">
									<conditions>
										<condition number="0" type="jump" coverage="100%"/>
									</conditions>
								</line>
								<line number="1191" hits="64" branch="false"/>
								<line number="1193" hits="1346" branch="true" condition-coverage="100% (2/2)">
									<conditions>
										<condition number="0" type="jump" coverage="100%"/>
									</conditions>
								</line>
								<line number="1194" hits="1282" branch="false"/>
								<line number="1195" hits="1282" branch="false"/>
								<line number="1199" hits="1" branch="false"/>
							</lines>
						</method>
						<method name="diagonal45DegreesRightAttacksAsHumanReadableString" signature="()Ljava/lang/String;" line-rate="1.0" branch-rate="1.0">
							<lines>
								<line number="1126" hits="1" branch="false"/>
								<line number="1127" hits="1" branch="false"/>
								<line number="1128" hits="1" branch="false"/>
								<line number="1141" hits="1" branch="false"/>
								<line number="1144" hits="16" branch="true" condition-coverage="100% (2/2)">
									<conditions>
										<condition number="0" type="jump" coverage="100%"/>
									</conditions>
								</line>
								<line number="1145" hits="15" branch="false"/>
								<line number="1146" hits="15" branch="true" condition-coverage="100% (2/2)">
									<conditions>
										<condition number="0" type="jump" coverage="100%"/>
									</conditions>
								</line>
								<line number="1147" hits="4" branch="false"/>
								<line number="1149" hits="11" branch="false"/>
								<line number="1152" hits="15" branch="false"/>
								<line number="1153" hits="79" branch="true" condition-coverage="100% (2/2)">
									<conditions>
										<condition number="0" type="jump" coverage="100%"/>
									</conditions>
								</line>
								<line number="1154" hits="64" branch="false"/>
								<line number="1156" hits="1346" branch="true" condition-coverage="100% (2/2)">
									<conditions>
										<condition number="0" type="jump" coverage="100%"/>
									</conditions>
								</line>
								<line number="1158" hits="1282" branch="false"/>
								<line number="1159" hits="1282" branch="false"/>
								<line number="1163" hits="1" branch="false"/>
							</lines>
						</method>
						<method name="fileAttacksAsHumanReadableString" signature="()Ljava/lang/String;" line-rate="1.0" branch-rate="1.0">
							<lines>
								<line number="1112" hits="1" branch="false"/>
								<line number="1113" hits="1" branch="false"/>
								<line number="1114" hits="1" branch="false"/>
								<line number="1115" hits="65" branch="true" condition-coverage="100% (2/2)">
									<conditions>
										<condition number="0" type="jump" coverage="100%"/>
									</conditions>
								</line>
								<line number="1116" hits="64" branch="false"/>
								<line number="1117" hits="4160" branch="true" condition-coverage="100% (2/2)">
									<conditions>
										<condition number="0" type="jump" coverage="100%"/>
									</conditions>
								</line>
								<line number="1118" hits="4096" branch="false"/>
								<line number="1119" hits="4096" branch="false"/>
								<line number="1122" hits="1" branch="false"/>
							</lines>
						</method>
						<method name="genBaseAttacks" signature="()V" line-rate="1.0" branch-rate="0.8636363636363636">
							<lines>
								<line number="429" hits="7" branch="false"/>
								<line number="430" hits="7" branch="false"/>
								<line number="437" hits="7" branch="false"/>
								<line number="438" hits="7" branch="false"/>
								<line number="439" hits="7" branch="false"/>
								<line number="440" hits="7" branch="false"/>
								<line number="441" hits="7" branch="false"/>
								<line number="442" hits="7" branch="false"/>
								<line number="448" hits="7" branch="false"/>
								<line number="450" hits="63" branch="true" condition-coverage="100% (2/2)">
									<conditions>
										<condition number="0" type="jump" coverage="100%"/>
									</conditions>
								</line>
								<line number="463" hits="3640" branch="true" condition-coverage="100% (2/2)">
									<conditions>
										<condition number="0" type="jump" coverage="100%"/>
									</conditions>
								</line>
								<line number="464" hits="3584" branch="false"/>
								<line number="465" hits="3584" branch="false"/>
								<line number="468" hits="3584" branch="false"/>
								<line number="469" hits="78526" branch="true" condition-coverage="100% (4/4)">
									<conditions>
										<condition number="0" type="jump" coverage="100%"/>
										<condition number="1" type="jump" coverage="100%"/>
									</conditions>
								</line>
								<line number="470" hits="37471" branch="false"/>
								<line number="472" hits="3584" branch="true" condition-coverage="100% (2/2)">
									<conditions>
										<condition number="0" type="jump" coverage="100%"/>
									</conditions>
								</line>
								<line number="473" hits="1337" branch="false"/>
								<line number="477" hits="3584" branch="false"/>
								<line number="478" hits="14350" branch="true" condition-coverage="100% (4/4)">
									<conditions>
										<condition number="0" type="jump" coverage="100%"/>
										<condition number="1" type="jump" coverage="100%"/>
									</conditions>
								</line>
								<line number="479" hits="5383" branch="false"/>
								<line number="481" hits="3584" branch="true" condition-coverage="100% (2/2)">
									<conditions>
										<condition number="0" type="jump" coverage="100%"/>
									</conditions>
								</line>
								<line number="482" hits="1337" branch="false"/>
								<line number="491" hits="3584" branch="false"/>
								<line number="494" hits="9842" branch="true" condition-coverage="100% (2/2)">
									<conditions>
										<condition number="0" type="jump" coverage="100%"/>
									</conditions>
								</line>
								<line number="495" hits="6258" branch="false"/>
								<line number="496" hits="6258" branch="false"/>
								<line number="497" hits="6258" branch="false"/>
								<line number="500" hits="3584" branch="false"/>
								<line number="505" hits="3584" branch="true" condition-coverage="25% (1/4)">
									<conditions>
										<condition number="0" type="jump" coverage="50%"/>
										<condition number="1" type="jump" coverage="0%"/>
									</conditions>
								</line>
								<line number="506" hits="3584" branch="false"/>
								<line number="513" hits="7" branch="false"/>
							</lines>
						</method>
						<method name="genDiagonal45DegreesLeftAttacks" signature="()V" line-rate="1.0" branch-rate="1.0">
							<lines>
								<line number="697" hits="7" branch="false"/>
								<line number="701" hits="112" branch="true" condition-coverage="100% (2/2)">
									<conditions>
										<condition number="0" type="jump" coverage="100%"/>
									</conditions>
								</line>
								<line number="702" hits="105" branch="false"/>
								<line number="706" hits="105" branch="true" condition-coverage="100% (2/2)">
									<conditions>
										<condition number="0" type="jump" coverage="100%"/>
									</conditions>
								</line>
								<line number="707" hits="28" branch="false"/>
								<line number="709" hits="77" branch="false"/>
								<line number="712" hits="105" branch="false"/>
								<line number="713" hits="553" branch="true" condition-coverage="100% (2/2)">
									<conditions>
										<condition number="0" type="jump" coverage="100%"/>
									</conditions>
								</line>
								<line number="719" hits="9422" branch="true" condition-coverage="100% (2/2)">
									<conditions>
										<condition number="0" type="jump" coverage="100%"/>
									</conditions>
								</line>
								<line number="721" hits="8974" branch="false"/>
								<line number="726" hits="7" branch="false"/>
							</lines>
						</method>
						<method name="genDiagonal45DegreesRightAttacks" signature="()V" line-rate="1.0" branch-rate="1.0">
							<lines>
								<line number="609" hits="7" branch="false"/>
								<line number="614" hits="112" branch="true" condition-coverage="100% (2/2)">
									<conditions>
										<condition number="0" type="jump" coverage="100%"/>
									</conditions>
								</line>
								<line number="615" hits="105" branch="false"/>
								<line number="618" hits="105" branch="true" condition-coverage="100% (2/2)">
									<conditions>
										<condition number="0" type="jump" coverage="100%"/>
									</conditions>
								</line>
								<line number="619" hits="28" branch="false"/>
								<line number="621" hits="77" branch="false"/>
								<line number="624" hits="105" branch="false"/>
								<line number="625" hits="553" branch="true" condition-coverage="100% (2/2)">
									<conditions>
										<condition number="0" type="jump" coverage="100%"/>
									</conditions>
								</line>
								<line number="631" hits="9422" branch="true" condition-coverage="100% (2/2)">
									<conditions>
										<condition number="0" type="jump" coverage="100%"/>
									</conditions>
								</line>
								<line number="633" hits="8974" branch="false"/>
								<line number="637" hits="7" branch="false"/>
							</lines>
						</method>
						<method name="genFileAttacks" signature="()V" line-rate="1.0" branch-rate="1.0">
							<lines>
								<line number="567" hits="7" branch="false"/>
								<line number="569" hits="455" branch="true" condition-coverage="100% (2/2)">
									<conditions>
										<condition number="0" type="jump" coverage="100%"/>
									</conditions>
								</line>
								<line number="570" hits="448" branch="false"/>
								<line number="571" hits="29120" branch="true" condition-coverage="100% (2/2)">
									<conditions>
										<condition number="0" type="jump" coverage="100%"/>
									</conditions>
								</line>
								<line number="572" hits="258048" branch="true" condition-coverage="100% (2/2)">
									<conditions>
										<condition number="0" type="jump" coverage="100%"/>
									</conditions>
								</line>
								<line number="573" hits="229376" branch="false"/>
								<line number="574" hits="229376" branch="true" condition-coverage="100% (2/2)">
									<conditions>
										<condition number="0" type="jump" coverage="100%"/>
									</conditions>
								</line>
								<line number="575" hits="86128" branch="false"/>
								<line number="579" hits="7" branch="false"/>
							</lines>
						</method>
						<method name="genKingKnightAttacks" signature="()V" line-rate="1.0" branch-rate="1.0">
							<lines>
								<line number="855" hits="7" branch="false"/>
								<line number="856" hits="7" branch="false"/>
								<line number="857" hits="7" branch="false"/>
								<line number="870" hits="7" branch="false"/>
								<line number="874" hits="7" branch="false"/>
								<line number="875" hits="7" branch="false"/>
								<line number="876" hits="7" branch="false"/>
								<line number="880" hits="7" branch="false"/>
								<line number="881" hits="7" branch="false"/>
								<line number="882" hits="7" branch="false"/>
								<line number="883" hits="7" branch="false"/>
								<line number="886" hits="7" branch="false"/>
								<line number="890" hits="7" branch="false"/>
								<line number="891" hits="7" branch="false"/>
								<line number="892" hits="7" branch="false"/>
								<line number="893" hits="7" branch="false"/>
								<line number="896" hits="7" branch="false"/>
								<line number="901" hits="63" branch="true" condition-coverage="100% (2/2)">
									<conditions>
										<condition number="0" type="jump" coverage="100%"/>
									</conditions>
								</line>
								<line number="902" hits="504" branch="true" condition-coverage="100% (2/2)">
									<conditions>
										<condition number="0" type="jump" coverage="100%"/>
									</conditions>
								</line>
								<line number="903" hits="448" branch="false"/>
								<line number="904" hits="448" branch="false"/>
								<line number="905" hits="448" branch="false"/>
								<line number="911" hits="11648" branch="true" condition-coverage="100% (2/2)">
									<conditions>
										<condition number="0" type="jump" coverage="100%"/>
									</conditions>
								</line>
								<line number="912" hits="11200" branch="true" condition-coverage="100% (2/2)">
									<conditions>
										<condition number="0" type="jump" coverage="100%"/>
									</conditions>
								</line>
								<line number="913" hits="2940" branch="false"/>
								<line number="915" hits="11200" branch="true" condition-coverage="100% (2/2)">
									<conditions>
										<condition number="0" type="jump" coverage="100%"/>
									</conditions>
								</line>
								<line number="916" hits="2352" branch="false"/>
								<line number="921" hits="7" branch="false"/>
							</lines>
						</method>
						<method name="genMask" signature="()V" line-rate="1.0" branch-rate="1.0">
							<lines>
								<line number="132" hits="7" branch="false"/>
								<line number="136" hits="455" branch="true" condition-coverage="100% (2/2)">
									<conditions>
										<condition number="0" type="jump" coverage="100%"/>
									</conditions>
								</line>
								<line number="137" hits="448" branch="false"/>
								<line number="140" hits="7" branch="false"/>
							</lines>
						</method>
						<method name="genMask45DegreesLeft" signature="()V" line-rate="1.0" branch-rate="1.0">
							<lines>
								<line number="230" hits="7" branch="false"/>
								<line number="231" hits="7" branch="false"/>
								<line number="238" hits="63" branch="true" condition-coverage="100% (2/2)">
									<conditions>
										<condition number="0" type="jump" coverage="100%"/>
									</conditions>
								</line>
								<line number="239" hits="308" branch="true" condition-coverage="100% (2/2)">
									<conditions>
										<condition number="0" type="jump" coverage="100%"/>
									</conditions>
								</line>
								<line number="240" hits="252" branch="false"/>
								<line number="246" hits="7" branch="false"/>
								<line number="247" hits="7" branch="false"/>
								<line number="248" hits="56" branch="true" condition-coverage="100% (2/2)">
									<conditions>
										<condition number="0" type="jump" coverage="100%"/>
									</conditions>
								</line>
								<line number="249" hits="245" branch="true" condition-coverage="100% (2/2)">
									<conditions>
										<condition number="0" type="jump" coverage="100%"/>
									</conditions>
								</line>
								<line number="250" hits="196" branch="false"/>
								<line number="253" hits="7" branch="false"/>
							</lines>
						</method>
						<method name="genMask45DegreesRight" signature="()V" line-rate="1.0" branch-rate="1.0">
							<lines>
								<line number="182" hits="7" branch="false"/>
								<line number="183" hits="7" branch="false"/>
								<line number="190" hits="63" branch="true" condition-coverage="100% (2/2)">
									<conditions>
										<condition number="0" type="jump" coverage="100%"/>
									</conditions>
								</line>
								<line number="191" hits="308" branch="true" condition-coverage="100% (2/2)">
									<conditions>
										<condition number="0" type="jump" coverage="100%"/>
									</conditions>
								</line>
								<line number="192" hits="252" branch="false"/>
								<line number="200" hits="7" branch="false"/>
								<line number="202" hits="56" branch="true" condition-coverage="100% (2/2)">
									<conditions>
										<condition number="0" type="jump" coverage="100%"/>
									</conditions>
								</line>
								<line number="203" hits="245" branch="true" condition-coverage="100% (2/2)">
									<conditions>
										<condition number="0" type="jump" coverage="100%"/>
									</conditions>
								</line>
								<line number="204" hits="196" branch="false"/>
								<line number="208" hits="7" branch="false"/>
							</lines>
						</method>
						<method name="genMask90" signature="()V" line-rate="1.0" branch-rate="1.0">
							<lines>
								<line number="148" hits="7" branch="false"/>
								<line number="149" hits="7" branch="false"/>
								<line number="153" hits="63" branch="true" condition-coverage="100% (2/2)">
									<conditions>
										<condition number="0" type="jump" coverage="100%"/>
									</conditions>
								</line>
								<line number="154" hits="504" branch="true" condition-coverage="100% (2/2)">
									<conditions>
										<condition number="0" type="jump" coverage="100%"/>
									</conditions>
								</line>
								<line number="155" hits="448" branch="false"/>
								<line number="158" hits="7" branch="false"/>
							</lines>
						</method>
						<method name="genMasksPlusMinus" signature="()V" line-rate="1.0" branch-rate="0.6">
							<lines>
								<line number="259" hits="7" branch="false"/>
								<line number="265" hits="455" branch="true" condition-coverage="100% (2/2)">
									<conditions>
										<condition number="0" type="jump" coverage="100%"/>
									</conditions>
								</line>
								<line number="266" hits="448" branch="false"/>
								<line number="267" hits="2016" branch="true" condition-coverage="100% (2/2)">
									<conditions>
										<condition number="0" type="jump" coverage="100%"/>
									</conditions>
								</line>
								<line number="268" hits="1568" branch="false"/>
								<line number="270" hits="448" branch="true" condition-coverage="25% (1/4)">
									<conditions>
										<condition number="0" type="jump" coverage="50%"/>
										<condition number="1" type="jump" coverage="0%"/>
									</conditions>
								</line>
								<line number="272" hits="448" branch="false"/>
								<line number="273" hits="2016" branch="true" condition-coverage="100% (4/4)">
									<conditions>
										<condition number="0" type="jump" coverage="100%"/>
										<condition number="1" type="jump" coverage="100%"/>
									</conditions>
								</line>
								<line number="274" hits="1568" branch="false"/>
								<line number="276" hits="448" branch="true" condition-coverage="25% (1/4)">
									<conditions>
										<condition number="0" type="jump" coverage="50%"/>
										<condition number="1" type="jump" coverage="0%"/>
									</conditions>
								</line>
								<line number="278" hits="448" branch="false"/>
								<line number="279" hits="2016" branch="true" condition-coverage="100% (2/2)">
									<conditions>
										<condition number="0" type="jump" coverage="100%"/>
									</conditions>
								</line>
								<line number="280" hits="1568" branch="false"/>
								<line number="282" hits="448" branch="true" condition-coverage="25% (1/4)">
									<conditions>
										<condition number="0" type="jump" coverage="50%"/>
										<condition number="1" type="jump" coverage="0%"/>
									</conditions>
								</line>
								<line number="284" hits="448" branch="false"/>
								<line number="285" hits="2016" branch="true" condition-coverage="100% (2/2)">
									<conditions>
										<condition number="0" type="jump" coverage="100%"/>
									</conditions>
								</line>
								<line number="286" hits="1568" branch="false"/>
								<line number="288" hits="448" branch="true" condition-coverage="25% (1/4)">
									<conditions>
										<condition number="0" type="jump" coverage="50%"/>
										<condition number="1" type="jump" coverage="0%"/>
									</conditions>
								</line>
								<line number="290" hits="448" branch="false"/>
								<line number="291" hits="1428" branch="true" condition-coverage="100% (4/4)">
									<conditions>
										<condition number="0" type="jump" coverage="100%"/>
										<condition number="1" type="jump" coverage="100%"/>
									</conditions>
								</line>
								<line number="292" hits="980" branch="false"/>
								<line number="294" hits="448" branch="true" condition-coverage="25% (1/4)">
									<conditions>
										<condition number="0" type="jump" coverage="50%"/>
										<condition number="1" type="jump" coverage="0%"/>
									</conditions>
								</line>
								<line number="296" hits="448" branch="false"/>
								<line number="297" hits="1428" branch="true" condition-coverage="100% (4/4)">
									<conditions>
										<condition number="0" type="jump" coverage="100%"/>
										<condition number="1" type="jump" coverage="100%"/>
									</conditions>
								</line>
								<line number="298" hits="980" branch="false"/>
								<line number="300" hits="448" branch="true" condition-coverage="25% (1/4)">
									<conditions>
										<condition number="0" type="jump" coverage="50%"/>
										<condition number="1" type="jump" coverage="0%"/>
									</conditions>
								</line>
								<line number="302" hits="448" branch="false"/>
								<line number="303" hits="1428" branch="true" condition-coverage="100% (4/4)">
									<conditions>
										<condition number="0" type="jump" coverage="100%"/>
										<condition number="1" type="jump" coverage="100%"/>
									</conditions>
								</line>
								<line number="304" hits="980" branch="false"/>
								<line number="306" hits="448" branch="true" condition-coverage="25% (1/4)">
									<conditions>
										<condition number="0" type="jump" coverage="50%"/>
										<condition number="1" type="jump" coverage="0%"/>
									</conditions>
								</line>
								<line number="308" hits="448" branch="false"/>
								<line number="309" hits="1428" branch="true" condition-coverage="100% (4/4)">
									<conditions>
										<condition number="0" type="jump" coverage="100%"/>
										<condition number="1" type="jump" coverage="100%"/>
									</conditions>
								</line>
								<line number="310" hits="980" branch="false"/>
								<line number="312" hits="448" branch="true" condition-coverage="25% (1/4)">
									<conditions>
										<condition number="0" type="jump" coverage="50%"/>
										<condition number="1" type="jump" coverage="0%"/>
									</conditions>
								</line>
								<line number="389" hits="7" branch="false"/>
							</lines>
						</method>
						<method name="genPawnAttacks" signature="()V" line-rate="1.0" branch-rate="1.0">
							<lines>
								<line number="758" hits="7" branch="false"/>
								<line number="767" hits="399" branch="true" condition-coverage="100% (2/2)">
									<conditions>
										<condition number="0" type="jump" coverage="100%"/>
									</conditions>
								</line>
								<line number="769" hits="392" branch="true" condition-coverage="100% (2/2)">
									<conditions>
										<condition number="0" type="jump" coverage="100%"/>
									</conditions>
								</line>
								<line number="770" hits="392" branch="true" condition-coverage="100% (2/2)">
									<conditions>
										<condition number="0" type="jump" coverage="100%"/>
									</conditions>
								</line>
								<line number="771" hits="392" branch="true" condition-coverage="100% (4/4)">
									<conditions>
										<condition number="0" type="jump" coverage="100%"/>
										<condition number="1" type="jump" coverage="100%"/>
									</conditions>
								</line>
								<line number="773" hits="294" branch="false"/>
								<line number="776" hits="98" branch="true" condition-coverage="100% (2/2)">
									<conditions>
										<condition number="0" type="jump" coverage="100%"/>
									</conditions>
								</line>
								<line number="777" hits="49" branch="false"/>
								<line number="779" hits="49" branch="false"/>
								<line number="786" hits="399" branch="true" condition-coverage="100% (2/2)">
									<conditions>
										<condition number="0" type="jump" coverage="100%"/>
									</conditions>
								</line>
								<line number="788" hits="392" branch="true" condition-coverage="100% (2/2)">
									<conditions>
										<condition number="0" type="jump" coverage="100%"/>
									</conditions>
								</line>
								<line number="789" hits="392" branch="true" condition-coverage="100% (2/2)">
									<conditions>
										<condition number="0" type="jump" coverage="100%"/>
									</conditions>
								</line>
								<line number="790" hits="392" branch="true" condition-coverage="100% (4/4)">
									<conditions>
										<condition number="0" type="jump" coverage="100%"/>
										<condition number="1" type="jump" coverage="100%"/>
									</conditions>
								</line>
								<line number="792" hits="294" branch="false"/>
								<line number="795" hits="98" branch="true" condition-coverage="100% (2/2)">
									<conditions>
										<condition number="0" type="jump" coverage="100%"/>
									</conditions>
								</line>
								<line number="796" hits="49" branch="false"/>
								<line number="798" hits="49" branch="false"/>
								<line number="803" hits="7" branch="false"/>
							</lines>
						</method>
						<method name="genRankAttacks" signature="()V" line-rate="1.0" branch-rate="1.0">
							<lines>
								<line number="521" hits="455" branch="true" condition-coverage="100% (2/2)">
									<conditions>
										<condition number="0" type="jump" coverage="100%"/>
									</conditions>
								</line>
								<line number="522" hits="448" branch="false"/>
								<line number="523" hits="29120" branch="true" condition-coverage="100% (2/2)">
									<conditions>
										<condition number="0" type="jump" coverage="100%"/>
									</conditions>
								</line>
								<line number="525" hits="28672" branch="false"/>
								<line number="528" hits="7" branch="false"/>
							</lines>
						</method>
						<method name="getA1H8diag" signature="(IS)J" line-rate="1.0" branch-rate="1.0">
							<lines>
								<line number="647" hits="8989" branch="false"/>
								<line number="655" hits="8989" branch="false"/>
								<line number="656" hits="8989" branch="false"/>
								<line number="657" hits="8989" branch="false"/>
								<line number="658" hits="8989" branch="false"/>
								<line number="659" hits="71759" branch="true" condition-coverage="100% (2/2)">
									<conditions>
										<condition number="0" type="jump" coverage="100%"/>
									</conditions>
								</line>
								<line number="660" hits="62770" branch="true" condition-coverage="100% (2/2)">
									<conditions>
										<condition number="0" type="jump" coverage="100%"/>
									</conditions>
								</line>
								<line number="661" hits="62770" branch="true" condition-coverage="100% (2/2)">
									<conditions>
										<condition number="0" type="jump" coverage="100%"/>
									</conditions>
								</line>
								<line number="663" hits="25446" branch="false"/>
								<line number="666" hits="8989" branch="false"/>
							</lines>
						</method>
						<method name="getH1A8diag" signature="(IS)J" line-rate="1.0" branch-rate="1.0">
							<lines>
								<line number="734" hits="9004" branch="false"/>
								<line number="741" hits="9004" branch="false"/>
								<line number="742" hits="9004" branch="false"/>
								<line number="743" hits="9004" branch="false"/>
								<line number="744" hits="9004" branch="false"/>
								<line number="746" hits="71838" branch="true" condition-coverage="100% (2/2)">
									<conditions>
										<condition number="0" type="jump" coverage="100%"/>
									</conditions>
								</line>
								<line number="747" hits="62834" branch="true" condition-coverage="100% (2/2)">
									<conditions>
										<condition number="0" type="jump" coverage="100%"/>
									</conditions>
								</line>
								<line number="748" hits="62834" branch="true" condition-coverage="100% (2/2)">
									<conditions>
										<condition number="0" type="jump" coverage="100%"/>
									</conditions>
								</line>
								<line number="749" hits="25510" branch="false"/>
								<line number="752" hits="9004" branch="false"/>
							</lines>
						</method>
						<method name="getInstance" signature="()Lcom/jeremybrooks/chess/Attacks;" line-rate="1.0" branch-rate="1.0">
							<lines>
								<line number="86" hits="23" branch="true" condition-coverage="100% (2/2)">
									<conditions>
										<condition number="0" type="jump" coverage="100%"/>
									</conditions>
								</line>
								<line number="87" hits="2" branch="false"/>
								<line number="89" hits="23" branch="false"/>
							</lines>
						</method>
						<method name="main" signature="([Ljava/lang/String;)V" line-rate="0.0" branch-rate="1.0">
							<lines>
								<line number="1385" hits="0" branch="false"/>
								<line number="1396" hits="0" branch="false"/>
								<line number="1397" hits="0" branch="false"/>
							</lines>
						</method>
						<method name="plusMinusAttacksAsHumanReadableString" signature="()Ljava/lang/String;" line-rate="1.0" branch-rate="1.0">
							<lines>
								<line number="995" hits="1" branch="false"/>
								<line number="996" hits="1" branch="false"/>
								<line number="997" hits="1" branch="false"/>
								<line number="998" hits="65" branch="true" condition-coverage="100% (2/2)">
									<conditions>
										<condition number="0" type="jump" coverage="100%"/>
									</conditions>
								</line>
								<line number="999" hits="64" branch="false"/>
								<line number="1000" hits="64" branch="false"/>
								<line number="1001" hits="64" branch="false"/>
								<line number="1004" hits="1" branch="false"/>
								<line number="1005" hits="1" branch="false"/>
								<line number="1006" hits="65" branch="true" condition-coverage="100% (2/2)">
									<conditions>
										<condition number="0" type="jump" coverage="100%"/>
									</conditions>
								</line>
								<line number="1007" hits="64" branch="false"/>
								<line number="1008" hits="64" branch="false"/>
								<line number="1009" hits="64" branch="false"/>
								<line number="1012" hits="1" branch="false"/>
								<line number="1013" hits="1" branch="false"/>
								<line number="1014" hits="65" branch="true" condition-coverage="100% (2/2)">
									<conditions>
										<condition number="0" type="jump" coverage="100%"/>
									</conditions>
								</line>
								<line number="1015" hits="64" branch="false"/>
								<line number="1016" hits="64" branch="false"/>
								<line number="1017" hits="64" branch="false"/>
								<line number="1020" hits="1" branch="false"/>
								<line number="1021" hits="1" branch="false"/>
								<line number="1022" hits="65" branch="true" condition-coverage="100% (2/2)">
									<conditions>
										<condition number="0" type="jump" coverage="100%"/>
									</conditions>
								</line>
								<line number="1023" hits="64" branch="false"/>
								<line number="1024" hits="64" branch="false"/>
								<line number="1025" hits="64" branch="false"/>
								<line number="1028" hits="1" branch="false"/>
								<line number="1029" hits="1" branch="false"/>
								<line number="1030" hits="65" branch="true" condition-coverage="100% (2/2)">
									<conditions>
										<condition number="0" type="jump" coverage="100%"/>
									</conditions>
								</line>
								<line number="1031" hits="64" branch="false"/>
								<line number="1032" hits="64" branch="false"/>
								<line number="1033" hits="64" branch="false"/>
								<line number="1036" hits="1" branch="false"/>
								<line number="1037" hits="1" branch="false"/>
								<line number="1038" hits="65" branch="true" condition-coverage="100% (2/2)">
									<conditions>
										<condition number="0" type="jump" coverage="100%"/>
									</conditions>
								</line>
								<line number="1039" hits="64" branch="false"/>
								<line number="1040" hits="64" branch="false"/>
								<line number="1041" hits="64" branch="false"/>
								<line number="1044" hits="1" branch="false"/>
								<line number="1045" hits="1" branch="false"/>
								<line number="1046" hits="65" branch="true" condition-coverage="100% (2/2)">
									<conditions>
										<condition number="0" type="jump" coverage="100%"/>
									</conditions>
								</line>
								<line number="1047" hits="64" branch="false"/>
								<line number="1048" hits="64" branch="false"/>
								<line number="1049" hits="64" branch="false"/>
								<line number="1052" hits="1" branch="false"/>
								<line number="1053" hits="1" branch="false"/>
								<line number="1054" hits="65" branch="true" condition-coverage="100% (2/2)">
									<conditions>
										<condition number="0" type="jump" coverage="100%"/>
									</conditions>
								</line>
								<line number="1055" hits="64" branch="false"/>
								<line number="1056" hits="64" branch="false"/>
								<line number="1057" hits="64" branch="false"/>
								<line number="1060" hits="1" branch="false"/>
							</lines>
						</method>
						<method name="rankAttacksAsHumanReadableString" signature="()Ljava/lang/String;" line-rate="1.0" branch-rate="1.0">
							<lines>
								<line number="1097" hits="1" branch="false"/>
								<line number="1098" hits="1" branch="false"/>
								<line number="1099" hits="1" branch="false"/>
								<line number="1100" hits="65" branch="true" condition-coverage="100% (2/2)">
									<conditions>
										<condition number="0" type="jump" coverage="100%"/>
									</conditions>
								</line>
								<line number="1101" hits="64" branch="false"/>
								<line number="1102" hits="4160" branch="true" condition-coverage="100% (2/2)">
									<conditions>
										<condition number="0" type="jump" coverage="100%"/>
									</conditions>
								</line>
								<line number="1103" hits="4096" branch="false"/>
								<line number="1104" hits="4096" branch="false"/>
								<line number="1107" hits="1" branch="false"/>
							</lines>
						</method>
					</methods>
					<lines>
						<line number="15" hits="3" branch="false"/>
						<line number="19" hits="3" branch="false"/>
						<line number="32" hits="3" branch="false"/>
						<line number="43" hits="7" branch="false"/>
						<line number="52" hits="7" branch="false"/>
						<line number="53" hits="7" branch="false"/>
						<line number="54" hits="7" branch="false"/>
						<line number="55" hits="7" branch="false"/>
						<line number="56" hits="7" branch="false"/>
						<line number="57" hits="7" branch="false"/>
						<line number="58" hits="7" branch="false"/>
						<line number="59" hits="7" branch="false"/>
						<line number="60" hits="7" branch="false"/>
						<line number="61" hits="7" branch="false"/>
						<line number="62" hits="7" branch="false"/>
						<line number="64" hits="7" branch="false"/>
						<line number="65" hits="7" branch="false"/>
						<line number="67" hits="7" branch="false"/>
						<line number="68" hits="7" branch="false"/>
						<line number="69" hits="7" branch="false"/>
						<line number="70" hits="7" branch="false"/>
						<line number="71" hits="7" branch="false"/>
						<line number="72" hits="7" branch="false"/>
						<line number="73" hits="7" branch="false"/>
						<line number="74" hits="7" branch="false"/>
						<line number="86" hits="23" branch="true" condition-coverage="100% (2/2)">
							<conditions>
								<condition number="0" type="jump" coverage="100%"/>
							</conditions>
						</line>
						<line number="87" hits="2" branch="false"/>
						<line number="89" hits="23" branch="false"/>
						<line number="103" hits="7" branch="false"/>
						<line number="111" hits="7" branch="false"/>
						<line number="112" hits="7" branch="false"/>
						<line number="113" hits="7" branch="false"/>
						<line number="114" hits="7" branch="false"/>
						<line number="115" hits="7" branch="false"/>
						<line number="116" hits="7" branch="false"/>
						<line number="117" hits="7" branch="false"/>
						<line number="118" hits="7" branch="false"/>
						<line number="119" hits="7" branch="false"/>
						<line number="123" hits="7" branch="false"/>
						<line number="124" hits="7" branch="false"/>
						<line number="126" hits="7" branch="false"/>
						<line number="127" hits="7" branch="false"/>
						<line number="128" hits="7" branch="false"/>
						<line number="129" hits="7" branch="false"/>
						<line number="132" hits="7" branch="false"/>
						<line number="136" hits="455" branch="true" condition-coverage="100% (2/2)">
							<conditions>
								<condition number="0" type="jump" coverage="100%"/>
							</conditions>
						</line>
						<line number="137" hits="448" branch="false"/>
						<line number="140" hits="7" branch="false"/>
						<line number="148" hits="7" branch="false"/>
						<line number="149" hits="7" branch="false"/>
						<line number="153" hits="63" branch="true" condition-coverage="100% (2/2)">
							<conditions>
								<condition number="0" type="jump" coverage="100%"/>
							</conditions>
						</line>
						<line number="154" hits="504" branch="true" condition-coverage="100% (2/2)">
							<conditions>
								<condition number="0" type="jump" coverage="100%"/>
							</conditions>
						</line>
						<line number="155" hits="448" branch="false"/>
						<line number="158" hits="7" branch="false"/>
						<line number="182" hits="7" branch="false"/>
						<line number="183" hits="7" branch="false"/>
						<line number="190" hits="63" branch="true" condition-coverage="100% (2/2)">
							<conditions>
								<condition number="0" type="jump" coverage="100%"/>
							</conditions>
						</line>
						<line number="191" hits="308" branch="true" condition-coverage="100% (2/2)">
							<conditions>
								<condition number="0" type="jump" coverage="100%"/>
							</conditions>
						</line>
						<line number="192" hits="252" branch="false"/>
						<line number="200" hits="7" branch="false"/>
						<line number="202" hits="56" branch="true" condition-coverage="100% (2/2)">
							<conditions>
								<condition number="0" type="jump" coverage="100%"/>
							</conditions>
						</line>
						<line number="203" hits="245" branch="true" condition-coverage="100% (2/2)">
							<conditions>
								<condition number="0" type="jump" coverage="100%"/>
							</conditions>
						</line>
						<line number="204" hits="196" branch="false"/>
						<line number="208" hits="7" branch="false"/>
						<line number="230" hits="7" branch="false"/>
						<line number="231" hits="7" branch="false"/>
						<line number="238" hits="63" branch="true" condition-coverage="100% (2/2)">
							<conditions>
								<condition number="0" type="jump" coverage="100%"/>
							</conditions>
						</line>
						<line number="239" hits="308" branch="true" condition-coverage="100% (2/2)">
							<conditions>
								<condition number="0" type="jump" coverage="100%"/>
							</conditions>
						</line>
						<line number="240" hits="252" branch="false"/>
						<line number="246" hits="7" branch="false"/>
						<line number="247" hits="7" branch="false"/>
						<line number="248" hits="56" branch="true" condition-coverage="100% (2/2)">
							<conditions>
								<condition number="0" type="jump" coverage="100%"/>
							</conditions>
						</line>
						<line number="249" hits="245" branch="true" condition-coverage="100% (2/2)">
							<conditions>
								<condition number="0" type="jump" coverage="100%"/>
							</conditions>
						</line>
						<line number="250" hits="196" branch="false"/>
						<line number="253" hits="7" branch="false"/>
						<line number="259" hits="7" branch="false"/>
						<line number="265" hits="455" branch="true" condition-coverage="100% (2/2)">
							<conditions>
								<condition number="0" type="jump" coverage="100%"/>
							</conditions>
						</line>
						<line number="266" hits="448" branch="false"/>
						<line number="267" hits="2016" branch="true" condition-coverage="100% (2/2)">
							<conditions>
								<condition number="0" type="jump" coverage="100%"/>
							</conditions>
						</line>
						<line number="268" hits="1568" branch="false"/>
						<line number="270" hits="448" branch="true" condition-coverage="25% (1/4)">
							<conditions>
								<condition number="0" type="jump" coverage="50%"/>
								<condition number="1" type="jump" coverage="0%"/>
							</conditions>
						</line>
						<line number="272" hits="448" branch="false"/>
						<line number="273" hits="2016" branch="true" condition-coverage="100% (4/4)">
							<conditions>
								<condition number="0" type="jump" coverage="100%"/>
								<condition number="1" type="jump" coverage="100%"/>
							</conditions>
						</line>
						<line number="274" hits="1568" branch="false"/>
						<line number="276" hits="448" branch="true" condition-coverage="25% (1/4)">
							<conditions>
								<condition number="0" type="jump" coverage="50%"/>
								<condition number="1" type="jump" coverage="0%"/>
							</conditions>
						</line>
						<line number="278" hits="448" branch="false"/>
						<line number="279" hits="2016" branch="true" condition-coverage="100% (2/2)">
							<conditions>
								<condition number="0" type="jump" coverage="100%"/>
							</conditions>
						</line>
						<line number="280" hits="1568" branch="false"/>
						<line number="282" hits="448" branch="true" condition-coverage="25% (1/4)">
							<conditions>
								<condition number="0" type="jump" coverage="50%"/>
								<condition number="1" type="jump" coverage="0%"/>
							</conditions>
						</line>
						<line number="284" hits="448" branch="false"/>
						<line number="285" hits="2016" branch="true" condition-coverage="100% (2/2)">
							<conditions>
								<condition number="0" type="jump" coverage="100%"/>
							</conditions>
						</line>
						<line number="286" hits="1568" branch="false"/>
						<line number="288" hits="448" branch="true" condition-coverage="25% (1/4)">
							<conditions>
								<condition number="0" type="jump" coverage="50%"/>
								<condition number="1" type="jump" coverage="0%"/>
							</conditions>
						</line>
						<line number="290" hits="448" branch="false"/>
						<line number="291" hits="1428" branch="true" condition-coverage="100% (4/4)">
							<conditions>
								<condition number="0" type="jump" coverage="100%"/>
								<condition number="1" type="jump" coverage="100%"/>
							</conditions>
						</line>
						<line number="292" hits="980" branch="false"/>
						<line number="294" hits="448" branch="true" condition-coverage="25% (1/4)">
							<conditions>
								<condition number="0" type="jump" coverage="50%"/>
								<condition number="1" type="jump" coverage="0%"/>
							</conditions>
						</line>
						<line number="296" hits="448" branch="false"/>
						<line number="297" hits="1428" branch="true" condition-coverage="100% (4/4)">
							<conditions>
								<condition number="0" type="jump" coverage="100%"/>
								<condition number="1" type="jump" coverage="100%"/>
							</conditions>
						</line>
						<line number="298" hits="980" branch="false"/>
						<line number="300" hits="448" branch="true" condition-coverage="25% (1/4)">
							<conditions>
								<condition number="0" type="jump" coverage="50%"/>
								<condition number="1" type="jump" coverage="0%"/>
							</conditions>
						</line>
						<line number="302" hits="448" branch="false"/>
						<line number="303" hits="1428" branch="true" condition-coverage="100% (4/4)">
							<conditions>
								<condition number="0" type="jump" coverage="100%"/>
								<condition number="1" type="jump" coverage="100%"/>
							</conditions>
						</line>
						<line number="304" hits="980" branch="false"/>
						<line number="306" hits="448" branch="true" condition-coverage="25% (1/4)">
							<conditions>
								<condition number="0" type="jump" coverage="50%"/>
								<condition number="1" type="jump" coverage="0%"/>
							</conditions>
						</line>
						<line number="308" hits="448" branch="false"/>
						<line number="309" hits="1428" branch="true" condition-coverage="100% (4/4)">
							<conditions>
								<condition number="0" type="jump" coverage="100%"/>
								<condition number="1" type="jump" coverage="100%"/>
							</conditions>
						</line>
						<line number="310" hits="980" branch="false"/>
						<line number="312" hits="448" branch="true" condition-coverage="25% (1/4)">
							<conditions>
								<condition number="0" type="jump" coverage="50%"/>
								<condition number="1" type="jump" coverage="0%"/>
							</conditions>
						</line>
						<line number="389" hits="7" branch="false"/>
						<line number="429" hits="7" branch="false"/>
						<line number="430" hits="7" branch="false"/>
						<line number="437" hits="7" branch="false"/>
						<line number="438" hits="7" branch="false"/>
						<line number="439" hits="7" branch="false"/>
						<line number="440" hits="7" branch="false"/>
						<line number="441" hits="7" branch="false"/>
						<line number="442" hits="7" branch="false"/>
						<line number="448" hits="7" branch="false"/>
						<line number="450" hits="63" branch="true" condition-coverage="100% (2/2)">
							<conditions>
								<condition number="0" type="jump" coverage="100%"/>
							</conditions>
						</line>
						<line number="463" hits="3640" branch="true" condition-coverage="100% (2/2)">
							<conditions>
								<condition number="0" type="jump" coverage="100%"/>
							</conditions>
						</line>
						<line number="464" hits="3584" branch="false"/>
						<line number="465" hits="3584" branch="false"/>
						<line number="468" hits="3584" branch="false"/>
						<line number="469" hits="78526" branch="true" condition-coverage="100% (4/4)">
							<conditions>
								<condition number="0" type="jump" coverage="100%"/>
								<condition number="1" type="jump" coverage="100%"/>
							</conditions>
						</line>
						<line number="470" hits="37471" branch="false"/>
						<line number="472" hits="3584" branch="true" condition-coverage="100% (2/2)">
							<conditions>
								<condition number="0" type="jump" coverage="100%"/>
							</conditions>
						</line>
						<line number="473" hits="1337" branch="false"/>
						<line number="477" hits="3584" branch="false"/>
						<line number="478" hits="14350" branch="true" condition-coverage="100% (4/4)">
							<conditions>
								<condition number="0" type="jump" coverage="100%"/>
								<condition number="1" type="jump" coverage="100%"/>
							</conditions>
						</line>
						<line number="479" hits="5383" branch="false"/>
						<line number="481" hits="3584" branch="true" condition-coverage="100% (2/2)">
							<conditions>
								<condition number="0" type="jump" coverage="100%"/>
							</conditions>
						</line>
						<line number="482" hits="1337" branch="false"/>
						<line number="491" hits="3584" branch="false"/>
						<line number="494" hits="9842" branch="true" condition-coverage="100% (2/2)">
							<conditions>
								<condition number="0" type="jump" coverage="100%"/>
							</conditions>
						</line>
						<line number="495" hits="6258" branch="false"/>
						<line number="496" hits="6258" branch="false"/>
						<line number="497" hits="6258" branch="false"/>
						<line number="500" hits="3584" branch="false"/>
						<line number="505" hits="3584" branch="true" condition-coverage="25% (1/4)">
							<conditions>
								<condition number="0" type="jump" coverage="50%"/>
								<condition number="1" type="jump" coverage="0%"/>
							</conditions>
						</line>
						<line number="506" hits="3584" branch="false"/>
						<line number="513" hits="7" branch="false"/>
						<line number="521" hits="455" branch="true" condition-coverage="100% (2/2)">
							<conditions>
								<condition number="0" type="jump" coverage="100%"/>
							</conditions>
						</line>
						<line number="522" hits="448" branch="false"/>
						<line number="523" hits="29120" branch="true" condition-coverage="100% (2/2)">
							<conditions>
								<condition number="0" type="jump" coverage="100%"/>
							</conditions>
						</line>
						<line number="525" hits="28672" branch="false"/>
						<line number="528" hits="7" branch="false"/>
						<line number="567" hits="7" branch="false"/>
						<line number="569" hits="455" branch="true" condition-coverage="100% (2/2)">
							<conditions>
								<condition number="0" type="jump" coverage="100%"/>
							</conditions>
						</line>
						<line number="570" hits="448" branch="false"/>
						<line number="571" hits="29120" branch="true" condition-coverage="100% (2/2)">
							<conditions>
								<condition number="0" type="jump" coverage="100%"/>
							</conditions>
						</line>
						<line number="572" hits="258048" branch="true" condition-coverage="100% (2/2)">
							<conditions>
								<condition number="0" type="jump" coverage="100%"/>
							</conditions>
						</line>
						<line number="573" hits="229376" branch="false"/>
						<line number="574" hits="229376" branch="true" condition-coverage="100% (2/2)">
							<conditions>
								<condition number="0" type="jump" coverage="100%"/>
							</conditions>
						</line>
						<line number="575" hits="86128" branch="false"/>
						<line number="579" hits="7" branch="false"/>
						<line number="609" hits="7" branch="false"/>
						<line number="614" hits="112" branch="true" condition-coverage="100% (2/2)">
							<conditions>
								<condition number="0" type="jump" coverage="100%"/>
							</conditions>
						</line>
						<line number="615" hits="105" branch="false"/>
						<line number="618" hits="105" branch="true" condition-coverage="100% (2/2)">
							<conditions>
								<condition number="0" type="jump" coverage="100%"/>
							</conditions>
						</line>
						<line number="619" hits="28" branch="false"/>
						<line number="621" hits="77" branch="false"/>
						<line number="624" hits="105" branch="false"/>
						<line number="625" hits="553" branch="true" condition-coverage="100% (2/2)">
							<conditions>
								<condition number="0" type="jump" coverage="100%"/>
							</conditions>
						</line>
						<line number="631" hits="9422" branch="true" condition-coverage="100% (2/2)">
							<conditions>
								<condition number="0" type="jump" coverage="100%"/>
							</conditions>
						</line>
						<line number="633" hits="8974" branch="false"/>
						<line number="637" hits="7" branch="false"/>
						<line number="647" hits="8989" branch="false"/>
						<line number="655" hits="8989" branch="false"/>
						<line number="656" hits="8989" branch="false"/>
						<line number="657" hits="8989" branch="false"/>
						<line number="658" hits="8989" branch="false"/>
						<line number="659" hits="71759" branch="true" condition-coverage="100% (2/2)">
							<conditions>
								<condition number="0" type="jump" coverage="100%"/>
							</conditions>
						</line>
						<line number="660" hits="62770" branch="true" condition-coverage="100% (2/2)">
							<conditions>
								<condition number="0" type="jump" coverage="100%"/>
							</conditions>
						</line>
						<line number="661" hits="62770" branch="true" condition-coverage="100% (2/2)">
							<conditions>
								<condition number="0" type="jump" coverage="100%"/>
							</conditions>
						</line>
						<line number="663" hits="25446" branch="false"/>
						<line number="666" hits="8989" branch="false"/>
						<line number="697" hits="7" branch="false"/>
						<line number="701" hits="112" branch="true" condition-coverage="100% (2/2)">
							<conditions>
								<condition number="0" type="jump" coverage="100%"/>
							</conditions>
						</line>
						<line number="702" hits="105" branch="false"/>
						<line number="706" hits="105" branch="true" condition-coverage="100% (2/2)">
							<conditions>
								<condition number="0" type="jump" coverage="100%"/>
							</conditions>
						</line>
						<line number="707" hits="28" branch="false"/>
						<line number="709" hits="77" branch="false"/>
						<line number="712" hits="105" branch="false"/>
						<line number="713" hits="553" branch="true" condition-coverage="100% (2/2)">
							<conditions>
								<condition number="0" type="jump" coverage="100%"/>
							</conditions>
						</line>
						<line number="719" hits="9422" branch="true" condition-coverage="100% (2/2)">
							<conditions>
								<condition number="0" type="jump" coverage="100%"/>
							</conditions>
						</line>
						<line number="721" hits="8974" branch="false"/>
						<line number="726" hits="7" branch="false"/>
						<line number="734" hits="9004" branch="false"/>
						<line number="741" hits="9004" branch="false"/>
						<line number="742" hits="9004" branch="false"/>
						<line number="743" hits="9004" branch="false"/>
						<line number="744" hits="9004" branch="false"/>
						<line number="746" hits="71838" branch="true" condition-coverage="100% (2/2)">
							<conditions>
								<condition number="0" type="jump" coverage="100%"/>
							</conditions>
						</line>
						<line number="747" hits="62834" branch="true" condition-coverage="100% (2/2)">
							<conditions>
								<condition number="0" type="jump" coverage="100%"/>
							</conditions>
						</line>
						<line number="748" hits="62834" branch="true" condition-coverage="100% (2/2)">
							<conditions>
								<condition number="0" type="jump" coverage="100%"/>
							</conditions>
						</line>
						<line number="749" hits="25510" branch="false"/>
						<line number="752" hits="9004" branch="false"/>
						<line number="758" hits="7" branch="false"/>
						<line number="767" hits="399" branch="true" condition-coverage="100% (2/2)">
							<conditions>
								<condition number="0" type="jump" coverage="100%"/>
							</conditions>
						</line>
						<line number="769" hits="392" branch="true" condition-coverage="100% (2/2)">
							<conditions>
								<condition number="0" type="jump" coverage="100%"/>
							</conditions>
						</line>
						<line number="770" hits="392" branch="true" condition-coverage="100% (2/2)">
							<conditions>
								<condition number="0" type="jump" coverage="100%"/>
							</conditions>
						</line>
						<line number="771" hits="392" branch="true" condition-coverage="100% (4/4)">
							<conditions>
								<condition number="0" type="jump" coverage="100%"/>
								<condition number="1" type="jump" coverage="100%"/>
							</conditions>
						</line>
						<line number="773" hits="294" branch="false"/>
						<line number="776" hits="98" branch="true" condition-coverage="100% (2/2)">
							<conditions>
								<condition number="0" type="jump" coverage="100%"/>
							</conditions>
						</line>
						<line number="777" hits="49" branch="false"/>
						<line number="779" hits="49" branch="false"/>
						<line number="786" hits="399" branch="true" condition-coverage="100% (2/2)">
							<conditions>
								<condition number="0" type="jump" coverage="100%"/>
							</conditions>
						</line>
						<line number="788" hits="392" branch="true" condition-coverage="100% (2/2)">
							<conditions>
								<condition number="0" type="jump" coverage="100%"/>
							</conditions>
						</line>
						<line number="789" hits="392" branch="true" condition-coverage="100% (2/2)">
							<conditions>
								<condition number="0" type="jump" coverage="100%"/>
							</conditions>
						</line>
						<line number="790" hits="392" branch="true" condition-coverage="100% (4/4)">
							<conditions>
								<condition number="0" type="jump" coverage="100%"/>
								<condition number="1" type="jump" coverage="100%"/>
							</conditions>
						</line>
						<line number="792" hits="294" branch="false"/>
						<line number="795" hits="98" branch="true" condition-coverage="100% (2/2)">
							<conditions>
								<condition number="0" type="jump" coverage="100%"/>
							</conditions>
						</line>
						<line number="796" hits="49" branch="false"/>
						<line number="798" hits="49" branch="false"/>
						<line number="803" hits="7" branch="false"/>
						<line number="855" hits="7" branch="false"/>
						<line number="856" hits="7" branch="false"/>
						<line number="857" hits="7" branch="false"/>
						<line number="870" hits="7" branch="false"/>
						<line number="874" hits="7" branch="false"/>
						<line number="875" hits="7" branch="false"/>
						<line number="876" hits="7" branch="false"/>
						<line number="880" hits="7" branch="false"/>
						<line number="881" hits="7" branch="false"/>
						<line number="882" hits="7" branch="false"/>
						<line number="883" hits="7" branch="false"/>
						<line number="886" hits="7" branch="false"/>
						<line number="890" hits="7" branch="false"/>
						<line number="891" hits="7" branch="false"/>
						<line number="892" hits="7" branch="false"/>
						<line number="893" hits="7" branch="false"/>
						<line number="896" hits="7" branch="false"/>
						<line number="901" hits="63" branch="true" condition-coverage="100% (2/2)">
							<conditions>
								<condition number="0" type="jump" coverage="100%"/>
							</conditions>
						</line>
						<line number="902" hits="504" branch="true" condition-coverage="100% (2/2)">
							<conditions>
								<condition number="0" type="jump" coverage="100%"/>
							</conditions>
						</line>
						<line number="903" hits="448" branch="false"/>
						<line number="904" hits="448" branch="false"/>
						<line number="905" hits="448" branch="false"/>
						<line number="911" hits="11648" branch="true" condition-coverage="100% (2/2)">
							<conditions>
								<condition number="0" type="jump" coverage="100%"/>
							</conditions>
						</line>
						<line number="912" hits="11200" branch="true" condition-coverage="100% (2/2)">
							<conditions>
								<condition number="0" type="jump" coverage="100%"/>
							</conditions>
						</line>
						<line number="913" hits="2940" branch="false"/>
						<line number="915" hits="11200" branch="true" condition-coverage="100% (2/2)">
							<conditions>
								<condition number="0" type="jump" coverage="100%"/>
							</conditions>
						</line>
						<line number="916" hits="2352" branch="false"/>
						<line number="921" hits="7" branch="false"/>
						<line number="995" hits="1" branch="false"/>
						<line number="996" hits="1" branch="false"/>
						<line number="997" hits="1" branch="false"/>
						<line number="998" hits="65" branch="true" condition-coverage="100% (2/2)">
							<conditions>
								<condition number="0" type="jump" coverage="100%"/>
							</conditions>
						</line>
						<line number="999" hits="64" branch="false"/>
						<line number="1000" hits="64" branch="false"/>
						<line number="1001" hits="64" branch="false"/>
						<line number="1004" hits="1" branch="false"/>
						<line number="1005" hits="1" branch="false"/>
						<line number="1006" hits="65" branch="true" condition-coverage="100% (2/2)">
							<conditions>
								<condition number="0" type="jump" coverage="100%"/>
							</conditions>
						</line>
						<line number="1007" hits="64" branch="false"/>
						<line number="1008" hits="64" branch="false"/>
						<line number="1009" hits="64" branch="false"/>
						<line number="1012" hits="1" branch="false"/>
						<line number="1013" hits="1" branch="false"/>
						<line number="1014" hits="65" branch="true" condition-coverage="100% (2/2)">
							<conditions>
								<condition number="0" type="jump" coverage="100%"/>
							</conditions>
						</line>
						<line number="1015" hits="64" branch="false"/>
						<line number="1016" hits="64" branch="false"/>
						<line number="1017" hits="64" branch="false"/>
						<line number="1020" hits="1" branch="false"/>
						<line number="1021" hits="1" branch="false"/>
						<line number="1022" hits="65" branch="true" condition-coverage="100% (2/2)">
							<conditions>
								<condition number="0" type="jump" coverage="100%"/>
							</conditions>
						</line>
						<line number="1023" hits="64" branch="false"/>
						<line number="1024" hits="64" branch="false"/>
						<line number="1025" hits="64" branch="false"/>
						<line number="1028" hits="1" branch="false"/>
						<line number="1029" hits="1" branch="false"/>
						<line number="1030" hits="65" branch="true" condition-coverage="100% (2/2)">
							<conditions>
								<condition number="0" type="jump" coverage="100%"/>
							</conditions>
						</line>
						<line number="1031" hits="64" branch="false"/>
						<line number="1032" hits="64" branch="false"/>
						<line number="1033" hits="64" branch="false"/>
						<line number="1036" hits="1" branch="false"/>
						<line number="1037" hits="1" branch="false"/>
						<line number="1038" hits="65" branch="true" condition-coverage="100% (2/2)">
							<conditions>
								<condition number="0" type="jump" coverage="100%"/>
							</conditions>
						</line>
						<line number="1039" hits="64" branch="false"/>
						<line number="1040" hits="64" branch="false"/>
						<line number="1041" hits="64" branch="false"/>
						<line number="1044" hits="1" branch="false"/>
						<line number="1045" hits="1" branch="false"/>
						<line number="1046" hits="65" branch="true" condition-coverage="100% (2/2)">
							<conditions>
								<condition number="0" type="jump" coverage="100%"/>
							</conditions>
						</line>
						<line number="1047" hits="64" branch="false"/>
						<line number="1048" hits="64" branch="false"/>
						<line number="1049" hits="64" branch="false"/>
						<line number="1052" hits="1" branch="false"/>
						<line number="1053" hits="1" branch="false"/>
						<line number="1054" hits="65" branch="true" condition-coverage="100% (2/2)">
							<conditions>
								<condition number="0" type="jump" coverage="100%"/>
							</conditions>
						</line>
						<line number="1055" hits="64" branch="false"/>
						<line number="1056" hits="64" branch="false"/>
						<line number="1057" hits="64" branch="false"/>
						<line number="1060" hits="1" branch="false"/>
						<line number="1064" hits="1" branch="false"/>
						<line number="1083" hits="1" branch="false"/>
						<line number="1084" hits="1" branch="false"/>
						<line number="1085" hits="9" branch="true" condition-coverage="100% (2/2)">
							<conditions>
								<condition number="0" type="jump" coverage="100%"/>
							</conditions>
						</line>
						<line number="1086" hits="8" branch="false"/>
						<line number="1087" hits="520" branch="true" condition-coverage="100% (2/2)">
							<conditions>
								<condition number="0" type="jump" coverage="100%"/>
							</conditions>
						</line>
						<line number="1088" hits="512" branch="false"/>
						<line number="1089" hits="512" branch="false"/>
						<line number="1090" hits="512" branch="false"/>
						<line number="1093" hits="1" branch="false"/>
						<line number="1097" hits="1" branch="false"/>
						<line number="1098" hits="1" branch="false"/>
						<line number="1099" hits="1" branch="false"/>
						<line number="1100" hits="65" branch="true" condition-coverage="100% (2/2)">
							<conditions>
								<condition number="0" type="jump" coverage="100%"/>
							</conditions>
						</line>
						<line number="1101" hits="64" branch="false"/>
						<line number="1102" hits="4160" branch="true" condition-coverage="100% (2/2)">
							<conditions>
								<condition number="0" type="jump" coverage="100%"/>
							</conditions>
						</line>
						<line number="1103" hits="4096" branch="false"/>
						<line number="1104" hits="4096" branch="false"/>
						<line number="1107" hits="1" branch="false"/>
						<line number="1112" hits="1" branch="false"/>
						<line number="1113" hits="1" branch="false"/>
						<line number="1114" hits="1" branch="false"/>
						<line number="1115" hits="65" branch="true" condition-coverage="100% (2/2)">
							<conditions>
								<condition number="0" type="jump" coverage="100%"/>
							</conditions>
						</line>
						<line number="1116" hits="64" branch="false"/>
						<line number="1117" hits="4160" branch="true" condition-coverage="100% (2/2)">
							<conditions>
								<condition number="0" type="jump" coverage="100%"/>
							</conditions>
						</line>
						<line number="1118" hits="4096" branch="false"/>
						<line number="1119" hits="4096" branch="false"/>
						<line number="1122" hits="1" branch="false"/>
						<line number="1126" hits="1" branch="false"/>
						<line number="1127" hits="1" branch="false"/>
						<line number="1128" hits="1" branch="false"/>
						<line number="1141" hits="1" branch="false"/>
						<line number="1144" hits="16" branch="true" condition-coverage="100% (2/2)">
							<conditions>
								<condition number="0" type="jump" coverage="100%"/>
							</conditions>
						</line>
						<line number="1145" hits="15" branch="false"/>
						<line number="1146" hits="15" branch="true" condition-coverage="100% (2/2)">
							<conditions>
								<condition number="0" type="jump" coverage="100%"/>
							</conditions>
						</line>
						<line number="1147" hits="4" branch="false"/>
						<line number="1149" hits="11" branch="false"/>
						<line number="1152" hits="15" branch="false"/>
						<line number="1153" hits="79" branch="true" condition-coverage="100% (2/2)">
							<conditions>
								<condition number="0" type="jump" coverage="100%"/>
							</conditions>
						</line>
						<line number="1154" hits="64" branch="false"/>
						<line number="1156" hits="1346" branch="true" condition-coverage="100% (2/2)">
							<conditions>
								<condition number="0" type="jump" coverage="100%"/>
							</conditions>
						</line>
						<line number="1158" hits="1282" branch="false"/>
						<line number="1159" hits="1282" branch="false"/>
						<line number="1163" hits="1" branch="false"/>
						<line number="1167" hits="1" branch="false"/>
						<line number="1168" hits="1" branch="false"/>
						<line number="1169" hits="1" branch="false"/>
						<line number="1177" hits="1" branch="false"/>
						<line number="1178" hits="16" branch="true" condition-coverage="100% (2/2)">
							<conditions>
								<condition number="0" type="jump" coverage="100%"/>
							</conditions>
						</line>
						<line number="1179" hits="15" branch="false"/>
						<line number="1183" hits="15" branch="true" condition-coverage="100% (2/2)">
							<conditions>
								<condition number="0" type="jump" coverage="100%"/>
							</conditions>
						</line>
						<line number="1184" hits="4" branch="false"/>
						<line number="1186" hits="11" branch="false"/>
						<line number="1189" hits="15" branch="false"/>
						<line number="1190" hits="79" branch="true" condition-coverage="100% (2/2)">
							<conditions>
								<condition number="0" type="jump" coverage="100%"/>
							</conditions>
						</line>
						<line number="1191" hits="64" branch="false"/>
						<line number="1193" hits="1346" branch="true" condition-coverage="100% (2/2)">
							<conditions>
								<condition number="0" type="jump" coverage="100%"/>
							</conditions>
						</line>
						<line number="1194" hits="1282" branch="false"/>
						<line number="1195" hits="1282" branch="false"/>
						<line number="1199" hits="1" branch="false"/>
						<line number="1377" hits="3192" branch="false"/>
						<line number="1380" hits="5460" branch="false"/>
						<line number="1385" hits="0" branch="false"/>
						<line number="1396" hits="0" branch="false"/>
						<line number="1397" hits="0" branch="false"/>
					</lines>
				</class>
				<class name="com.jeremybrooks.chess.Bitmap" filename="com/jeremybrooks/chess/Bitmap.java" line-rate="0.4782608695652174" branch-rate="0.0" complexity="3.0">
					<methods>
						<method name="&lt;clinit&gt;" signature="()V" line-rate="1.0" branch-rate="1.0">
							<lines>
								<line number="193" hits="3" branch="false"/>
								<line number="201" hits="3" branch="false"/>
								<line number="223" hits="3" branch="false"/>
								<line number="234" hits="3" branch="false"/>
								<line number="246" hits="3" branch="false"/>
								<line number="250" hits="3" branch="false"/>
								<line number="261" hits="3" branch="false"/>
								<line number="277" hits="3" branch="false"/>
								<line number="287" hits="3" branch="false"/>
								<line number="298" hits="3" branch="false"/>
								<line number="309" hits="3" branch="false"/>
							</lines>
						</method>
						<method name="&lt;init&gt;" signature="()V" line-rate="0.0" branch-rate="1.0">
							<lines>
								<line number="90" hits="0" branch="false"/>
								<line number="170" hits="0" branch="false"/>
							</lines>
						</method>
						<method name="clearBit" signature="(JI)J" line-rate="0.0" branch-rate="1.0">
							<lines>
								<line number="330" hits="0" branch="false"/>
								<line number="331" hits="0" branch="false"/>
							</lines>
						</method>
						<method name="getLSBit" signature="(J)I" line-rate="0.0" branch-rate="0.0">
							<lines>
								<line number="336" hits="0" branch="false"/>
								<line number="337" hits="0" branch="true" condition-coverage="0% (0/2)">
									<conditions>
										<condition number="0" type="jump" coverage="0%"/>
									</conditions>
								</line>
								<line number="338" hits="0" branch="true" condition-coverage="0% (0/2)">
									<conditions>
										<condition number="0" type="jump" coverage="0%"/>
									</conditions>
								</line>
								<line number="339" hits="0" branch="false"/>
							</lines>
						</method>
						<method name="getMSBit" signature="(J)I" line-rate="0.0" branch-rate="0.0">
							<lines>
								<line number="343" hits="0" branch="false"/>
								<line number="344" hits="0" branch="true" condition-coverage="0% (0/2)">
									<conditions>
										<condition number="0" type="jump" coverage="0%"/>
									</conditions>
								</line>
								<line number="345" hits="0" branch="true" condition-coverage="0% (0/2)">
									<conditions>
										<condition number="0" type="jump" coverage="0%"/>
									</conditions>
								</line>
								<line number="346" hits="0" branch="false"/>
							</lines>
						</method>
					</methods>
					<lines>
						<line number="90" hits="0" branch="false"/>
						<line number="170" hits="0" branch="false"/>
						<line number="193" hits="3" branch="false"/>
						<line number="201" hits="3" branch="false"/>
						<line number="223" hits="3" branch="false"/>
						<line number="234" hits="3" branch="false"/>
						<line number="246" hits="3" branch="false"/>
						<line number="250" hits="3" branch="false"/>
						<line number="261" hits="3" branch="false"/>
						<line number="277" hits="3" branch="false"/>
						<line number="287" hits="3" branch="false"/>
						<line number="298" hits="3" branch="false"/>
						<line number="309" hits="3" branch="false"/>
						<line number="330" hits="0" branch="false"/>
						<line number="331" hits="0" branch="false"/>
						<line number="336" hits="0" branch="false"/>
						<line number="337" hits="0" branch="true" condition-coverage="0% (0/2)">
							<conditions>
								<condition number="0" type="jump" coverage="0%"/>
							</conditions>
						</line>
						<line number="338" hits="0" branch="true" condition-coverage="0% (0/2)">
							<conditions>
								<condition number="0" type="jump" coverage="0%"/>
							</conditions>
						</line>
						<line number="339" hits="0" branch="false"/>
						<line number="343" hits="0" branch="false"/>
						<line number="344" hits="0" branch="true" condition-coverage="0% (0/2)">
							<conditions>
								<condition number="0" type="jump" coverage="0%"/>
							</conditions>
						</line>
						<line number="345" hits="0" branch="true" condition-coverage="0% (0/2)">
							<conditions>
								<condition number="0" type="jump" coverage="0%"/>
							</conditions>
						</line>
						<line number="346" hits="0" branch="false"/>
					</lines>
				</class>
				<class name="com.jeremybrooks.chess.GameState" filename="com/jeremybrooks/chess/GameState.java" line-rate="0.13385826771653545" branch-rate="0.01098901098901099" complexity="8.133333333333333">
					<methods>
						<method name="&lt;clinit&gt;" signature="()V" line-rate="1.0" branch-rate="1.0">
							<lines>
								<line number="44" hits="1" branch="false"/>
							</lines>
						</method>
[...]
							</conditions>
						</line>
						<line number="296" hits="0" branch="false"/>
						<line number="297" hits="0" branch="true" condition-coverage="0% (0/5)">
							<conditions>
								<condition number="0" type="switch" coverage="0%"/>
							</conditions>
						</line>
						<line number="298" hits="0" branch="false"/>
						<line number="299" hits="0" branch="false"/>
						<line number="300" hits="0" branch="false"/>
						<line number="301" hits="0" branch="false"/>
						<line number="306" hits="0" branch="true" condition-coverage="0% (0/2)">
							<conditions>
								<condition number="0" type="jump" coverage="0%"/>
							</conditions>
						</line>
						<line number="308" hits="0" branch="false"/>
						<line number="311" hits="0" branch="false"/>
						<line number="317" hits="0" branch="false"/>
						<line number="318" hits="0" branch="false"/>
						<line number="323" hits="0" branch="false"/>
						<line number="324" hits="0" branch="false"/>
						<line number="328" hits="6" branch="false"/>
						<line number="329" hits="6" branch="false"/>
						<line number="330" hits="6" branch="false"/>
						<line number="331" hits="6" branch="false"/>
						<line number="332" hits="6" branch="false"/>
						<line number="338" hits="6" branch="false"/>
						<line number="345" hits="6" branch="false"/>
						<line number="346" hits="6" branch="false"/>
						<line number="349" hits="6" branch="true" condition-coverage="50% (2/4)">
							<conditions>
								<condition number="0" type="jump" coverage="50%"/>
								<condition number="1" type="jump" coverage="50%"/>
							</conditions>
						</line>
						<line number="351" hits="6" branch="false"/>
						<line number="356" hits="6" branch="false"/>
						<line number="357" hits="6" branch="false"/>
						<line number="358" hits="6" branch="true" condition-coverage="100% (4/4)">
							<conditions>
								<condition number="0" type="jump" coverage="100%"/>
								<condition number="1" type="jump" coverage="100%"/>
							</conditions>
						</line>
						<line number="359" hits="2" branch="false"/>
						<line number="361" hits="4" branch="false"/>
						<line number="364" hits="0" branch="false"/>
						<line number="368" hits="6" branch="true" condition-coverage="100% (2/2)">
							<conditions>
								<condition number="0" type="jump" coverage="100%"/>
							</conditions>
						</line>
						<line number="370" hits="3" branch="false"/>
						<line number="371" hits="3" branch="false"/>
						<line number="373" hits="3" branch="false"/>
						<line number="378" hits="6" branch="true" condition-coverage="50% (2/4)">
							<conditions>
								<condition number="0" type="jump" coverage="50%"/>
								<condition number="1" type="jump" coverage="50%"/>
							</conditions>
						</line>
						<line number="379" hits="6" branch="false"/>
						<line number="380" hits="6" branch="false"/>
						<line number="382" hits="6" branch="false"/>
						<line number="383" hits="6" branch="false"/>
						<line number="384" hits="6" branch="false"/>
						<line number="385" hits="6" branch="false"/>
						<line number="387" hits="6" branch="false"/>
						<line number="389" hits="0" branch="false"/>
						<line number="392" hits="6" branch="true" condition-coverage="100% (2/2)">
							<conditions>
								<condition number="0" type="jump" coverage="100%"/>
							</conditions>
						</line>
						<line number="393" hits="1" branch="true" condition-coverage="50% (1/2)">
							<conditions>
								<condition number="0" type="jump" coverage="50%"/>
							</conditions>
						</line>
						<line number="394" hits="1" branch="false"/>
						<line number="395" hits="1" branch="false"/>
						<line number="396" hits="1" branch="false"/>
						<line number="398" hits="0" branch="false"/>
						<line number="407" hits="6" branch="true" condition-coverage="83% (5/6)">
							<conditions>
								<condition number="0" type="jump" coverage="100%"/>
								<condition number="1" type="jump" coverage="100%"/>
								<condition number="2" type="jump" coverage="50%"/>
							</conditions>
						</line>
						<line number="408" hits="1" branch="false"/>
						<line number="409" hits="1" branch="false"/>
						<line number="410" hits="5" branch="true" condition-coverage="100% (2/2)">
							<conditions>
								<condition number="0" type="jump" coverage="100%"/>
							</conditions>
						</line>
						<line number="411" hits="1" branch="false"/>
						<line number="412" hits="1" branch="false"/>
						<line number="416" hits="6" branch="true" condition-coverage="100% (2/2)">
							<conditions>
								<condition number="0" type="jump" coverage="100%"/>
							</conditions>
						</line>
						<line number="417" hits="2" branch="true" condition-coverage="50% (4/8)">
							<conditions>
								<condition number="0" type="jump" coverage="50%"/>
								<condition number="1" type="jump" coverage="100%"/>
								<condition number="2" type="jump" coverage="50%"/>
								<condition number="3" type="jump" coverage="0%"/>
							</conditions>
						</line>
						<line number="419" hits="1" branch="false"/>
						<line number="420" hits="1" branch="true" condition-coverage="25% (2/8)">
							<conditions>
								<condition number="0" type="jump" coverage="50%"/>
								<condition number="1" type="jump" coverage="50%"/>
								<condition number="2" type="jump" coverage="0%"/>
								<condition number="3" type="jump" coverage="0%"/>
							</conditions>
						</line>
						<line number="422" hits="1" branch="false"/>
						<line number="426" hits="6" branch="false"/>
						<line number="446" hits="0" branch="false"/>
						<line number="447" hits="0" branch="false"/>
						<line number="450" hits="1" branch="false"/>
						<line number="451" hits="1" branch="false"/>
						<line number="452" hits="65" branch="true" condition-coverage="100% (2/2)">
							<conditions>
								<condition number="0" type="jump" coverage="100%"/>
							</conditions>
						</line>
						<line number="454" hits="64" branch="true" condition-coverage="100% (2/2)">
							<conditions>
								<condition number="0" type="jump" coverage="100%"/>
							</conditions>
						</line>
						<line number="455" hits="2" branch="false"/>
						<line number="456" hits="2" branch="false"/>
						<line number="457" hits="10" branch="true" condition-coverage="100% (2/2)">
							<conditions>
								<condition number="0" type="jump" coverage="100%"/>
							</conditions>
						</line>
						<line number="458" hits="4" branch="false"/>
						<line number="460" hits="2" branch="false"/>
						<line number="463" hits="1" branch="false"/>
						<line number="527" hits="0" branch="false"/>
						<line number="528" hits="0" branch="false"/>
						<line number="534" hits="8" branch="true" condition-coverage="50% (1/2)">
							<conditions>
								<condition number="0" type="jump" coverage="50%"/>
							</conditions>
						</line>
						<line number="535" hits="0" branch="false"/>
						<line number="537" hits="8" branch="false"/>
						<line number="538" hits="8" branch="false"/>
						<line number="539" hits="72" branch="true" condition-coverage="100% (2/2)">
							<conditions>
								<condition number="0" type="jump" coverage="100%"/>
							</conditions>
						</line>
						<line number="542" hits="64" branch="true" condition-coverage="100% (2/2)">
							<conditions>
								<condition number="0" type="jump" coverage="100%"/>
							</conditions>
						</line>
						<line number="543" hits="16" branch="false"/>
						<line number="545" hits="48" branch="false"/>
						<line number="547" hits="8" branch="false"/>
						<line number="556" hits="0" branch="true" condition-coverage="0% (0/2)">
							<conditions>
								<condition number="0" type="jump" coverage="0%"/>
							</conditions>
						</line>
						<line number="557" hits="0" branch="false"/>
						<line number="559" hits="0" branch="true" condition-coverage="0% (0/2)">
							<conditions>
								<condition number="0" type="jump" coverage="0%"/>
							</conditions>
						</line>
						<line number="560" hits="0" branch="false"/>
						<line number="562" hits="0" branch="false"/>
						<line number="563" hits="0" branch="false"/>
						<line number="564" hits="0" branch="true" condition-coverage="0% (0/2)">
							<conditions>
								<condition number="0" type="jump" coverage="0%"/>
							</conditions>
						</line>
						<line number="567" hits="0" branch="true" condition-coverage="0% (0/2)">
							<conditions>
								<condition number="0" type="jump" coverage="0%"/>
							</conditions>
						</line>
						<line number="568" hits="0" branch="false"/>
						<line number="570" hits="0" branch="true" condition-coverage="0% (0/2)">
							<conditions>
								<condition number="0" type="jump" coverage="0%"/>
							</conditions>
						</line>
						<line number="571" hits="0" branch="false"/>
						<line number="573" hits="0" branch="false"/>
						<line number="579" hits="0" branch="false"/>
						<line number="584" hits="0" branch="false"/>
						<line number="585" hits="0" branch="false"/>
						<line number="588" hits="1" branch="false"/>
						<line number="592" hits="0" branch="false"/>
						<line number="593" hits="0" branch="false"/>
						<line number="596" hits="1" branch="false"/>
						<line number="600" hits="0" branch="false"/>
						<line number="601" hits="0" branch="false"/>
						<line number="610" hits="3" branch="false"/>
						<line number="612" hits="3" branch="false"/>
						<line number="618" hits="3" branch="false"/>
						<line number="620" hits="27" branch="true" condition-coverage="100% (2/2)">
							<conditions>
								<condition number="0" type="jump" coverage="100%"/>
							</conditions>
						</line>
						<line number="626" hits="24" branch="false"/>
						<line number="628" hits="24" branch="false"/>
						<line number="632" hits="24" branch="false"/>
						<line number="633" hits="216" branch="true" condition-coverage="100% (2/2)">
							<conditions>
								<condition number="0" type="jump" coverage="100%"/>
							</conditions>
						</line>
						<line number="637" hits="192" branch="true" condition-coverage="100% (2/2)">
							<conditions>
								<condition number="0" type="jump" coverage="100%"/>
							</conditions>
						</line>
						<line number="638" hits="2" branch="false"/>
						<line number="639" hits="190" branch="true" condition-coverage="100% (2/2)">
							<conditions>
								<condition number="0" type="jump" coverage="100%"/>
							</conditions>
						</line>
						<line number="640" hits="24" branch="false"/>
						<line number="642" hits="166" branch="false"/>
						<line number="644" hits="24" branch="false"/>
						<line number="646" hits="3" branch="false"/>
						<line number="651" hits="29" branch="false"/>
						<line number="708" hits="12315" branch="false"/>
						<line number="709" hits="12315" branch="false"/>
						<line number="710" hits="110835" branch="true" condition-coverage="100% (2/2)">
							<conditions>
								<condition number="0" type="jump" coverage="100%"/>
							</conditions>
						</line>
						<line number="712" hits="98520" branch="true" condition-coverage="100% (2/2)">
							<conditions>
								<condition number="0" type="jump" coverage="100%"/>
							</conditions>
						</line>
						<line number="713" hits="63901" branch="false"/>
						<line number="716" hits="12315" branch="false"/>
						<line number="720" hits="12298" branch="false"/>
						<line number="729" hits="4" branch="true" condition-coverage="100% (2/2)">
							<conditions>
								<condition number="0" type="jump" coverage="100%"/>
							</conditions>
						</line>
						<line number="730" hits="2" branch="false"/>
						<line number="733" hits="2" branch="false"/>
						<line number="741" hits="4" branch="true" condition-coverage="100% (2/2)">
							<conditions>
								<condition number="0" type="jump" coverage="100%"/>
							</conditions>
						</line>
						<line number="742" hits="2" branch="false"/>
						<line number="745" hits="2" branch="false"/>
						<line number="749" hits="10756" branch="true" condition-coverage="50% (1/2)">
							<conditions>
								<condition number="0" type="jump" coverage="50%"/>
							</conditions>
						</line>
						<line number="750" hits="0" branch="false"/>
						<line number="753" hits="10756" branch="false"/>
						<line number="778" hits="517" branch="true" condition-coverage="50% (1/2)">
							<conditions>
								<condition number="0" type="jump" coverage="50%"/>
							</conditions>
						</line>
						<line number="779" hits="0" branch="false"/>
						<line number="781" hits="517" branch="true" condition-coverage="100% (2/2)">
							<conditions>
								<condition number="0" type="jump" coverage="100%"/>
							</conditions>
						</line>
						<line number="782" hits="1" branch="false"/>
						<line number="784" hits="516" branch="true" condition-coverage="100% (2/2)">
							<conditions>
								<condition number="0" type="jump" coverage="100%"/>
							</conditions>
						</line>
						<line number="785" hits="1" branch="false"/>
						<line number="787" hits="515" branch="true" condition-coverage="100% (2/2)">
							<conditions>
								<condition number="0" type="jump" coverage="100%"/>
							</conditions>
						</line>
						<line number="788" hits="1" branch="false"/>
						<line number="790" hits="514" branch="false"/>
						<line number="813" hits="8" branch="false"/>
						<line number="814" hits="8" branch="false"/>
						<line number="819" hits="4" branch="true" condition-coverage="50% (1/2)">
							<conditions>
								<condition number="0" type="jump" coverage="50%"/>
							</conditions>
						</line>
						<line number="820" hits="0" branch="false"/>
						<line number="823" hits="4" branch="false"/>
						<line number="847" hits="11317" branch="true" condition-coverage="100% (2/2)">
							<conditions>
								<condition number="0" type="jump" coverage="100%"/>
							</conditions>
						</line>
						<line number="848" hits="1" branch="false"/>
						<line number="850" hits="11316" branch="true" condition-coverage="100% (2/2)">
							<conditions>
								<condition number="0" type="jump" coverage="100%"/>
							</conditions>
						</line>
						<line number="851" hits="1" branch="false"/>
						<line number="854" hits="11315" branch="false"/>
						<line number="856" hits="11315" branch="false"/>
						<line number="862" hits="11315" branch="false"/>
						<line number="864" hits="101835" branch="true" condition-coverage="100% (2/2)">
							<conditions>
								<condition number="0" type="jump" coverage="100%"/>
							</conditions>
						</line>
						<line number="865" hits="90520" branch="false"/>
						<line number="867" hits="90520" branch="false"/>
						<line number="871" hits="90520" branch="false"/>
						<line number="872" hits="814680" branch="true" condition-coverage="100% (2/2)">
							<conditions>
								<condition number="0" type="jump" coverage="100%"/>
							</conditions>
						</line>
						<line number="876" hits="724160" branch="true" condition-coverage="100% (2/2)">
							<conditions>
								<condition number="0" type="jump" coverage="100%"/>
							</conditions>
						</line>
						<line number="877" hits="11269" branch="false"/>
						<line number="878" hits="712891" branch="true" condition-coverage="100% (2/2)">
							<conditions>
								<condition number="0" type="jump" coverage="100%"/>
							</conditions>
						</line>
						<line number="879" hits="33554" branch="false"/>
						<line number="881" hits="679337" branch="false"/>
						<line number="883" hits="90520" branch="false"/>
						<line number="884" hits="90520" branch="false"/>
						<line number="886" hits="11315" branch="false"/>
						<line number="893" hits="45" branch="false"/>
						<line number="899" hits="1" branch="false"/>
						<line number="900" hits="1" branch="false"/>
						<line number="901" hits="1" branch="false"/>
						<line number="902" hits="1" branch="true" condition-coverage="50% (1/2)">
							<conditions>
								<condition number="0" type="jump" coverage="50%"/>
							</conditions>
						</line>
						<line number="904" hits="0" branch="false"/>
						<line number="907" hits="3" branch="true" condition-coverage="100% (2/2)">
							<conditions>
								<condition number="0" type="jump" coverage="100%"/>
							</conditions>
						</line>
						<line number="909" hits="2" branch="false"/>
						<line number="911" hits="1" branch="false"/>
					</lines>
				</class>
				<class name="com.jeremybrooks.chess.Util$UnsignedByte" filename="com/jeremybrooks/chess/Util.java" line-rate="0.5" branch-rate="0.5" complexity="3.44">
					<methods>
						<method name="&lt;init&gt;" signature="()V" line-rate="0.0" branch-rate="1.0">
							<lines>
								<line number="659" hits="0" branch="false"/>
							</lines>
						</method>
						<method name="&lt;init&gt;" signature="(I)V" line-rate="1.0" branch-rate="1.0">
							<lines>
								<line number="661" hits="1" branch="false"/>
								<line number="662" hits="1" branch="false"/>
								<line number="663" hits="1" branch="false"/>
							</lines>
						</method>
						<method name="get" signature="()I" line-rate="1.0" branch-rate="1.0">
							<lines>
								<line number="666" hits="1" branch="false"/>
							</lines>
						</method>
						<method name="set" signature="(I)V" line-rate="0.75" branch-rate="0.5">
							<lines>
								<line number="670" hits="1" branch="true" condition-coverage="50% (2/4)">
									<conditions>
										<condition number="0" type="jump" coverage="50%"/>
										<condition number="1" type="jump" coverage="50%"/>
									</conditions>
								</line>
								<line number="671" hits="0" branch="false"/>
								<line number="672" hits="1" branch="false"/>
								<line number="673" hits="1" branch="false"/>
							</lines>
						</method>
						<method name="shiftLeft" signature="(I)V" line-rate="0.0" branch-rate="1.0">
							<lines>
								<line number="677" hits="0" branch="false"/>
								<line number="680" hits="0" branch="false"/>
								<line number="681" hits="0" branch="false"/>
							</lines>
						</method>
						<method name="shiftRight" signature="(I)V" line-rate="0.0" branch-rate="1.0">
							<lines>
								<line number="685" hits="0" branch="false"/>
								<line number="687" hits="0" branch="false"/>
							</lines>
						</method>
					</methods>
					<lines>
						<line number="659" hits="0" branch="false"/>
						<line number="661" hits="1" branch="false"/>
						<line number="662" hits="1" branch="false"/>
						<line number="663" hits="1" branch="false"/>
						<line number="666" hits="1" branch="false"/>
						<line number="670" hits="1" branch="true" condition-coverage="50% (2/4)">
							<conditions>
								<condition number="0" type="jump" coverage="50%"/>
								<condition number="1" type="jump" coverage="50%"/>
							</conditions>
						</line>
						<line number="671" hits="0" branch="false"/>
						<line number="672" hits="1" branch="false"/>
						<line number="673" hits="1" branch="false"/>
						<line number="677" hits="0" branch="false"/>
						<line number="680" hits="0" branch="false"/>
						<line number="681" hits="0" branch="false"/>
						<line number="685" hits="0" branch="false"/>
						<line number="687" hits="0" branch="false"/>
					</lines>
				</class>
			</classes>
		</package>
	</packages>
</coverage>
